#
# There is insufficient memory for the Java Runtime Environment to continue.
# Native memory allocation (malloc) failed to allocate 1263216 bytes for Chunk::new
# Possible reasons:
#   The system is out of physical RAM or swap space
#   The process is running with CompressedOops enabled, and the Java Heap may be blocking the growth of the native heap
# Possible solutions:
#   Reduce memory load on the system
#   Increase physical memory or swap space
#   Check if swap backing store is full
#   Decrease Java heap size (-Xmx/-Xms)
#   Decrease number of Java threads
#   Decrease Java thread stack sizes (-Xss)
#   Set larger code cache with -XX:ReservedCodeCacheSize=
#   JVM is running with Unscaled Compressed Oops mode in which the Java heap is
#     placed in the first 4GB address space. The Java Heap base address is the
#     maximum limit for the native heap growth. Please use -XX:HeapBaseMinAddress
#     to set the Java Heap base and to place the Java Heap above 4GB virtual address.
# This output file may be truncated or incomplete.
#
#  Out of Memory Error (arena.cpp:184), pid=5420, tid=5384
#
# JRE version: OpenJDK Runtime Environment (19.0.2+7) (build 19.0.2+7-44)
# Java VM: OpenJDK 64-Bit Server VM (19.0.2+7-44, mixed mode, sharing, tiered, compressed oops, compressed class ptrs, g1 gc, windows-amd64)
# No core dump will be written. Minidumps are not enabled by default on client versions of Windows
#

---------------  S U M M A R Y ------------

Command Line: -javaagent:C:\Program Files\JetBrains\IntelliJ IDEA Community Edition 2022.2.1\lib\idea_rt.jar=63749:C:\Program Files\JetBrains\IntelliJ IDEA Community Edition 2022.2.1\bin -Dfile.encoding=UTF-8 -Dsun.stdout.encoding=UTF-8 -Dsun.stderr.encoding=UTF-8 co.develhope.crud.CrudApplication

Host: Intel(R) Celeron(R) CPU B830 @ 1.80GHz, 2 cores, 5G,  Windows 10 , 64 bit Build 19041 (10.0.19041.2788)
Time: Sun Apr 30 14:07:11 2023 ora legale Europa occidentale elapsed time: 8.682680 seconds (0d 0h 0m 8s)

---------------  T H R E A D  ---------------

Current thread (0x00000249559a4920):  JavaThread "C2 CompilerThread0" daemon [_thread_in_native, id=5384, stack(0x000000a16fd00000,0x000000a16fe00000)]


Current CompileTask:
C2:   8682 2643   !   4       jdk.internal.loader.BuiltinClassLoader::loadClassOrNull (143 bytes)

Stack: [0x000000a16fd00000,0x000000a16fe00000]
Native frames: (J=compiled Java code, j=interpreted, Vv=VM code, C=native code)
V  [jvm.dll+0x6ee21a]
V  [jvm.dll+0x85765e]
V  [jvm.dll+0x85904e]
V  [jvm.dll+0x859703]
V  [jvm.dll+0x28298f]
V  [jvm.dll+0xc9adf]
V  [jvm.dll+0xc9e65]
V  [jvm.dll+0x3bca12]
V  [jvm.dll+0x1ee0aa]
V  [jvm.dll+0x24c52b]
V  [jvm.dll+0x24b781]
V  [jvm.dll+0x1d6ce1]
V  [jvm.dll+0x25b25a]
V  [jvm.dll+0x2596e8]
V  [jvm.dll+0x807588]
V  [jvm.dll+0x80125a]
V  [jvm.dll+0x6ecf0b]
C  [ucrtbase.dll+0x21bb2]
C  [KERNEL32.DLL+0x17604]
C  [ntdll.dll+0x526a1]


---------------  P R O C E S S  ---------------

Threads class SMR info:
_java_thread_list=0x000002495af39af0, length=15, elements={
0x000002493918b190, 0x00000249559936e0, 0x0000024955994c70, 0x0000024955996840,
0x000002495599d670, 0x000002495599e740, 0x00000249559a0820, 0x00000249559a4920,
0x00000249559c7970, 0x00000249559e8260, 0x0000024959c8ca80, 0x000002495a0661a0,
0x000002495a062e60, 0x000002495a66f310, 0x000002495a7685d0
}

Java Threads: ( => current thread )
  0x000002493918b190 JavaThread "main" [_thread_blocked, id=3752, stack(0x000000a16f000000,0x000000a16f100000)]
  0x00000249559936e0 JavaThread "Reference Handler" daemon [_thread_blocked, id=8872, stack(0x000000a16f700000,0x000000a16f800000)]
  0x0000024955994c70 JavaThread "Finalizer" daemon [_thread_blocked, id=7452, stack(0x000000a16f800000,0x000000a16f900000)]
  0x0000024955996840 JavaThread "Signal Dispatcher" daemon [_thread_blocked, id=5900, stack(0x000000a16f900000,0x000000a16fa00000)]
  0x000002495599d670 JavaThread "Attach Listener" daemon [_thread_blocked, id=7852, stack(0x000000a16fa00000,0x000000a16fb00000)]
  0x000002495599e740 JavaThread "Service Thread" daemon [_thread_blocked, id=8908, stack(0x000000a16fb00000,0x000000a16fc00000)]
  0x00000249559a0820 JavaThread "Monitor Deflation Thread" daemon [_thread_blocked, id=6756, stack(0x000000a16fc00000,0x000000a16fd00000)]
=>0x00000249559a4920 JavaThread "C2 CompilerThread0" daemon [_thread_in_native, id=5384, stack(0x000000a16fd00000,0x000000a16fe00000)]
  0x00000249559c7970 JavaThread "C1 CompilerThread0" daemon [_thread_blocked, id=5112, stack(0x000000a16fe00000,0x000000a16ff00000)]
  0x00000249559e8260 JavaThread "Sweeper thread" daemon [_thread_blocked, id=4340, stack(0x000000a16ff00000,0x000000a170000000)]
  0x0000024959c8ca80 JavaThread "Common-Cleaner" daemon [_thread_blocked, id=6524, stack(0x000000a170000000,0x000000a170100000)]
  0x000002495a0661a0 JavaThread "Monitor Ctrl-Break" daemon [_thread_in_native, id=2180, stack(0x000000a170200000,0x000000a170300000)]
  0x000002495a062e60 JavaThread "Notification Thread" daemon [_thread_blocked, id=4680, stack(0x000000a170300000,0x000000a170400000)]
  0x000002495a66f310 JavaThread "Thread-0" [_thread_blocked, id=2436, stack(0x000000a170500000,0x000000a170600000)]
  0x000002495a7685d0 JavaThread "restartedMain" [_thread_in_native, id=9196, stack(0x000000a170600000,0x000000a170700000)]

Other Threads:
  0x000002495597cec0 VMThread "VM Thread" [stack: 0x000000a16f600000,0x000000a16f700000] [id=7764]
  0x0000024959f29650 WatcherThread "VM Periodic Task Thread" [stack: 0x000000a170400000,0x000000a170500000] [id=4672]
  0x00000249391d8c20 WorkerThread "GC Thread#0" [stack: 0x000000a16f100000,0x000000a16f200000] [id=4468]
  0x0000024959ed9780 WorkerThread "GC Thread#1" [stack: 0x000000a170100000,0x000000a170200000] [id=7620]
  0x00000249391e3ab0 ConcurrentGCThread "G1 Main Marker" [stack: 0x000000a16f200000,0x000000a16f300000] [id=3692]
  0x00000249391e4c80 WorkerThread "G1 Conc#0" [stack: 0x000000a16f300000,0x000000a16f400000] [id=2244]
  0x0000024939249990 ConcurrentGCThread "G1 Refine#0" [stack: 0x000000a16f400000,0x000000a16f500000] [id=8188]
  0x000002493924b3f0 ConcurrentGCThread "G1 Service" [stack: 0x000000a16f500000,0x000000a16f600000] [id=8028]

Threads with active compile tasks:
C2 CompilerThread0     8730 2643   !   4       jdk.internal.loader.BuiltinClassLoader::loadClassOrNull (143 bytes)
C1 CompilerThread0     8730 2795       3       org.springframework.beans.factory.support.AbstractBeanDefinition::hasMethodOverrides (16 bytes)

VM state: not at safepoint (normal execution)

VM Mutex/Monitor currently owned by a thread: None

Heap address: 0x00000000a1a00000, size: 1510 MB, Compressed Oops mode: 32-bit

CDS archive(s) mapped at: [0x0000000800000000-0x0000000800c40000-0x0000000800c40000), size 12845056, SharedBaseAddress: 0x0000000800000000, ArchiveRelocationMode: 0.
Compressed class space mapped at: 0x0000000801000000-0x0000000841000000, reserved size: 1073741824
Narrow klass base: 0x0000000800000000, Narrow klass shift: 0, Narrow klass range: 0x100000000

GC Precious Log:
 CardTable entry size: 512
 Card Set container configuration: InlinePtr #cards 5 size 8 Array Of Cards #cards 12 size 40 Howl #buckets 4 coarsen threshold 1843 Howl Bitmap #cards 512 size 80 coarsen threshold 460 Card regions per heap region 1 cards per card region 2048
 CPUs: 2 total, 2 available
 Memory: 6033M
 Large Page Support: Disabled
 NUMA Support: Disabled
 Compressed Oops: Enabled (32-bit)
 Heap Region Size: 1M
 Heap Min Capacity: 8M
 Heap Initial Capacity: 96M
 Heap Max Capacity: 1510M
 Pre-touch: Disabled
 Parallel Workers: 2
 Concurrent Workers: 1
 Concurrent Refinement Workers: 2
 Periodic GC: Disabled

Heap:
 garbage-first heap   total 98304K, used 11446K [0x00000000a1a00000, 0x0000000100000000)
  region size 1024K, 7 young (7168K), 6 survivors (6144K)
 Metaspace       used 19406K, committed 19712K, reserved 1114112K
  class space    used 2274K, committed 2432K, reserved 1048576K

Heap Regions: E=young(eden), S=young(survivor), O=old, HS=humongous(starts), HC=humongous(continues), CS=collection set, F=free, OA=open archive, CA=closed archive, TAMS=top-at-mark-start (previous, next)
|   0|0x00000000a1a00000, 0x00000000a1b00000, 0x00000000a1b00000|100%|HS|  |TAMS 0x00000000a1a00000, 0x00000000a1a00000| Complete 
|   1|0x00000000a1b00000, 0x00000000a1c00000, 0x00000000a1c00000|100%| O|  |TAMS 0x00000000a1b00000, 0x00000000a1b00000| Untracked 
|   2|0x00000000a1c00000, 0x00000000a1d00000, 0x00000000a1d00000|100%| O|  |TAMS 0x00000000a1c00000, 0x00000000a1c00000| Untracked 
|   3|0x00000000a1d00000, 0x00000000a1e00000, 0x00000000a1e00000|100%| O|  |TAMS 0x00000000a1d00000, 0x00000000a1d00000| Untracked 
|   4|0x00000000a1e00000, 0x00000000a1f00000, 0x00000000a1f00000|100%| O|  |TAMS 0x00000000a1e00000, 0x00000000a1e00000| Untracked 
|   5|0x00000000a1f00000, 0x00000000a1fdf400, 0x00000000a2000000| 87%| O|  |TAMS 0x00000000a1f00000, 0x00000000a1f00000| Untracked 
|   6|0x00000000a2000000, 0x00000000a2000000, 0x00000000a2100000|  0%| F|  |TAMS 0x00000000a2000000, 0x00000000a2000000| Untracked 
|   7|0x00000000a2100000, 0x00000000a2100000, 0x00000000a2200000|  0%| F|  |TAMS 0x00000000a2100000, 0x00000000a2100000| Untracked 
|   8|0x00000000a2200000, 0x00000000a2200000, 0x00000000a2300000|  0%| F|  |TAMS 0x00000000a2200000, 0x00000000a2200000| Untracked 
|   9|0x00000000a2300000, 0x00000000a2300000, 0x00000000a2400000|  0%| F|  |TAMS 0x00000000a2300000, 0x00000000a2300000| Untracked 
|  10|0x00000000a2400000, 0x00000000a2400000, 0x00000000a2500000|  0%| F|  |TAMS 0x00000000a2400000, 0x00000000a2400000| Untracked 
|  11|0x00000000a2500000, 0x00000000a2500000, 0x00000000a2600000|  0%| F|  |TAMS 0x00000000a2500000, 0x00000000a2500000| Untracked 
|  12|0x00000000a2600000, 0x00000000a2600000, 0x00000000a2700000|  0%| F|  |TAMS 0x00000000a2600000, 0x00000000a2600000| Untracked 
|  13|0x00000000a2700000, 0x00000000a2700000, 0x00000000a2800000|  0%| F|  |TAMS 0x00000000a2700000, 0x00000000a2700000| Untracked 
|  14|0x00000000a2800000, 0x00000000a2800000, 0x00000000a2900000|  0%| F|  |TAMS 0x00000000a2800000, 0x00000000a2800000| Untracked 
|  15|0x00000000a2900000, 0x00000000a2900000, 0x00000000a2a00000|  0%| F|  |TAMS 0x00000000a2900000, 0x00000000a2900000| Untracked 
|  16|0x00000000a2a00000, 0x00000000a2a00000, 0x00000000a2b00000|  0%| F|  |TAMS 0x00000000a2a00000, 0x00000000a2a00000| Untracked 
|  17|0x00000000a2b00000, 0x00000000a2b00000, 0x00000000a2c00000|  0%| F|  |TAMS 0x00000000a2b00000, 0x00000000a2b00000| Untracked 
|  18|0x00000000a2c00000, 0x00000000a2c00000, 0x00000000a2d00000|  0%| F|  |TAMS 0x00000000a2c00000, 0x00000000a2c00000| Untracked 
|  19|0x00000000a2d00000, 0x00000000a2d00000, 0x00000000a2e00000|  0%| F|  |TAMS 0x00000000a2d00000, 0x00000000a2d00000| Untracked 
|  20|0x00000000a2e00000, 0x00000000a2e00000, 0x00000000a2f00000|  0%| F|  |TAMS 0x00000000a2e00000, 0x00000000a2e00000| Untracked 
|  21|0x00000000a2f00000, 0x00000000a2f00000, 0x00000000a3000000|  0%| F|  |TAMS 0x00000000a2f00000, 0x00000000a2f00000| Untracked 
|  22|0x00000000a3000000, 0x00000000a3000000, 0x00000000a3100000|  0%| F|  |TAMS 0x00000000a3000000, 0x00000000a3000000| Untracked 
|  23|0x00000000a3100000, 0x00000000a3100000, 0x00000000a3200000|  0%| F|  |TAMS 0x00000000a3100000, 0x00000000a3100000| Untracked 
|  24|0x00000000a3200000, 0x00000000a3200000, 0x00000000a3300000|  0%| F|  |TAMS 0x00000000a3200000, 0x00000000a3200000| Untracked 
|  25|0x00000000a3300000, 0x00000000a3300000, 0x00000000a3400000|  0%| F|  |TAMS 0x00000000a3300000, 0x00000000a3300000| Untracked 
|  26|0x00000000a3400000, 0x00000000a3400000, 0x00000000a3500000|  0%| F|  |TAMS 0x00000000a3400000, 0x00000000a3400000| Untracked 
|  27|0x00000000a3500000, 0x00000000a3500000, 0x00000000a3600000|  0%| F|  |TAMS 0x00000000a3500000, 0x00000000a3500000| Untracked 
|  28|0x00000000a3600000, 0x00000000a3600000, 0x00000000a3700000|  0%| F|  |TAMS 0x00000000a3600000, 0x00000000a3600000| Untracked 
|  29|0x00000000a3700000, 0x00000000a3700000, 0x00000000a3800000|  0%| F|  |TAMS 0x00000000a3700000, 0x00000000a3700000| Untracked 
|  30|0x00000000a3800000, 0x00000000a3800000, 0x00000000a3900000|  0%| F|  |TAMS 0x00000000a3800000, 0x00000000a3800000| Untracked 
|  31|0x00000000a3900000, 0x00000000a3900000, 0x00000000a3a00000|  0%| F|  |TAMS 0x00000000a3900000, 0x00000000a3900000| Untracked 
|  32|0x00000000a3a00000, 0x00000000a3a00000, 0x00000000a3b00000|  0%| F|  |TAMS 0x00000000a3a00000, 0x00000000a3a00000| Untracked 
|  33|0x00000000a3b00000, 0x00000000a3b4e550, 0x00000000a3c00000| 30%| S|CS|TAMS 0x00000000a3b00000, 0x00000000a3b00000| Complete 
|  34|0x00000000a3c00000, 0x00000000a3d00000, 0x00000000a3d00000|100%| S|CS|TAMS 0x00000000a3c00000, 0x00000000a3c00000| Complete 
|  35|0x00000000a3d00000, 0x00000000a3e00000, 0x00000000a3e00000|100%| S|CS|TAMS 0x00000000a3d00000, 0x00000000a3d00000| Complete 
|  36|0x00000000a3e00000, 0x00000000a3f00000, 0x00000000a3f00000|100%| S|CS|TAMS 0x00000000a3e00000, 0x00000000a3e00000| Complete 
|  37|0x00000000a3f00000, 0x00000000a4000000, 0x00000000a4000000|100%| S|CS|TAMS 0x00000000a3f00000, 0x00000000a3f00000| Complete 
|  38|0x00000000a4000000, 0x00000000a4100000, 0x00000000a4100000|100%| S|CS|TAMS 0x00000000a4000000, 0x00000000a4000000| Complete 
|  39|0x00000000a4100000, 0x00000000a4100000, 0x00000000a4200000|  0%| F|  |TAMS 0x00000000a4100000, 0x00000000a4100000| Untracked 
|  40|0x00000000a4200000, 0x00000000a4200000, 0x00000000a4300000|  0%| F|  |TAMS 0x00000000a4200000, 0x00000000a4200000| Untracked 
|  41|0x00000000a4300000, 0x00000000a4300000, 0x00000000a4400000|  0%| F|  |TAMS 0x00000000a4300000, 0x00000000a4300000| Untracked 
|  42|0x00000000a4400000, 0x00000000a4400000, 0x00000000a4500000|  0%| F|  |TAMS 0x00000000a4400000, 0x00000000a4400000| Untracked 
|  43|0x00000000a4500000, 0x00000000a4500000, 0x00000000a4600000|  0%| F|  |TAMS 0x00000000a4500000, 0x00000000a4500000| Untracked 
|  44|0x00000000a4600000, 0x00000000a4600000, 0x00000000a4700000|  0%| F|  |TAMS 0x00000000a4600000, 0x00000000a4600000| Untracked 
|  45|0x00000000a4700000, 0x00000000a4700000, 0x00000000a4800000|  0%| F|  |TAMS 0x00000000a4700000, 0x00000000a4700000| Untracked 
|  46|0x00000000a4800000, 0x00000000a4800000, 0x00000000a4900000|  0%| F|  |TAMS 0x00000000a4800000, 0x00000000a4800000| Untracked 
|  47|0x00000000a4900000, 0x00000000a4900000, 0x00000000a4a00000|  0%| F|  |TAMS 0x00000000a4900000, 0x00000000a4900000| Untracked 
|  48|0x00000000a4a00000, 0x00000000a4a00000, 0x00000000a4b00000|  0%| F|  |TAMS 0x00000000a4a00000, 0x00000000a4a00000| Untracked 
|  49|0x00000000a4b00000, 0x00000000a4b00000, 0x00000000a4c00000|  0%| F|  |TAMS 0x00000000a4b00000, 0x00000000a4b00000| Untracked 
|  50|0x00000000a4c00000, 0x00000000a4c00000, 0x00000000a4d00000|  0%| F|  |TAMS 0x00000000a4c00000, 0x00000000a4c00000| Untracked 
|  51|0x00000000a4d00000, 0x00000000a4d00000, 0x00000000a4e00000|  0%| F|  |TAMS 0x00000000a4d00000, 0x00000000a4d00000| Untracked 
|  52|0x00000000a4e00000, 0x00000000a4e00000, 0x00000000a4f00000|  0%| F|  |TAMS 0x00000000a4e00000, 0x00000000a4e00000| Untracked 
|  53|0x00000000a4f00000, 0x00000000a4f00000, 0x00000000a5000000|  0%| F|  |TAMS 0x00000000a4f00000, 0x00000000a4f00000| Untracked 
|  54|0x00000000a5000000, 0x00000000a5000000, 0x00000000a5100000|  0%| F|  |TAMS 0x00000000a5000000, 0x00000000a5000000| Untracked 
|  55|0x00000000a5100000, 0x00000000a5100000, 0x00000000a5200000|  0%| F|  |TAMS 0x00000000a5100000, 0x00000000a5100000| Untracked 
|  56|0x00000000a5200000, 0x00000000a5200000, 0x00000000a5300000|  0%| F|  |TAMS 0x00000000a5200000, 0x00000000a5200000| Untracked 
|  57|0x00000000a5300000, 0x00000000a5300000, 0x00000000a5400000|  0%| F|  |TAMS 0x00000000a5300000, 0x00000000a5300000| Untracked 
|  58|0x00000000a5400000, 0x00000000a5400000, 0x00000000a5500000|  0%| F|  |TAMS 0x00000000a5400000, 0x00000000a5400000| Untracked 
|  59|0x00000000a5500000, 0x00000000a5500000, 0x00000000a5600000|  0%| F|  |TAMS 0x00000000a5500000, 0x00000000a5500000| Untracked 
|  60|0x00000000a5600000, 0x00000000a5600000, 0x00000000a5700000|  0%| F|  |TAMS 0x00000000a5600000, 0x00000000a5600000| Untracked 
|  61|0x00000000a5700000, 0x00000000a5700000, 0x00000000a5800000|  0%| F|  |TAMS 0x00000000a5700000, 0x00000000a5700000| Untracked 
|  62|0x00000000a5800000, 0x00000000a5800000, 0x00000000a5900000|  0%| F|  |TAMS 0x00000000a5800000, 0x00000000a5800000| Untracked 
|  63|0x00000000a5900000, 0x00000000a5900000, 0x00000000a5a00000|  0%| F|  |TAMS 0x00000000a5900000, 0x00000000a5900000| Untracked 
|  64|0x00000000a5a00000, 0x00000000a5a00000, 0x00000000a5b00000|  0%| F|  |TAMS 0x00000000a5a00000, 0x00000000a5a00000| Untracked 
|  65|0x00000000a5b00000, 0x00000000a5b00000, 0x00000000a5c00000|  0%| F|  |TAMS 0x00000000a5b00000, 0x00000000a5b00000| Untracked 
|  66|0x00000000a5c00000, 0x00000000a5c00000, 0x00000000a5d00000|  0%| F|  |TAMS 0x00000000a5c00000, 0x00000000a5c00000| Untracked 
|  67|0x00000000a5d00000, 0x00000000a5d00000, 0x00000000a5e00000|  0%| F|  |TAMS 0x00000000a5d00000, 0x00000000a5d00000| Untracked 
|  68|0x00000000a5e00000, 0x00000000a5e00000, 0x00000000a5f00000|  0%| F|  |TAMS 0x00000000a5e00000, 0x00000000a5e00000| Untracked 
|  69|0x00000000a5f00000, 0x00000000a5f00000, 0x00000000a6000000|  0%| F|  |TAMS 0x00000000a5f00000, 0x00000000a5f00000| Untracked 
|  70|0x00000000a6000000, 0x00000000a6000000, 0x00000000a6100000|  0%| F|  |TAMS 0x00000000a6000000, 0x00000000a6000000| Untracked 
|  71|0x00000000a6100000, 0x00000000a6100000, 0x00000000a6200000|  0%| F|  |TAMS 0x00000000a6100000, 0x00000000a6100000| Untracked 
|  72|0x00000000a6200000, 0x00000000a6200000, 0x00000000a6300000|  0%| F|  |TAMS 0x00000000a6200000, 0x00000000a6200000| Untracked 
|  73|0x00000000a6300000, 0x00000000a6300000, 0x00000000a6400000|  0%| F|  |TAMS 0x00000000a6300000, 0x00000000a6300000| Untracked 
|  74|0x00000000a6400000, 0x00000000a6400000, 0x00000000a6500000|  0%| F|  |TAMS 0x00000000a6400000, 0x00000000a6400000| Untracked 
|  75|0x00000000a6500000, 0x00000000a6500000, 0x00000000a6600000|  0%| F|  |TAMS 0x00000000a6500000, 0x00000000a6500000| Untracked 
|  76|0x00000000a6600000, 0x00000000a6600000, 0x00000000a6700000|  0%| F|  |TAMS 0x00000000a6600000, 0x00000000a6600000| Untracked 
|  77|0x00000000a6700000, 0x00000000a6700000, 0x00000000a6800000|  0%| F|  |TAMS 0x00000000a6700000, 0x00000000a6700000| Untracked 
|  78|0x00000000a6800000, 0x00000000a6800000, 0x00000000a6900000|  0%| F|  |TAMS 0x00000000a6800000, 0x00000000a6800000| Untracked 
|  79|0x00000000a6900000, 0x00000000a6900000, 0x00000000a6a00000|  0%| F|  |TAMS 0x00000000a6900000, 0x00000000a6900000| Untracked 
|  80|0x00000000a6a00000, 0x00000000a6a00000, 0x00000000a6b00000|  0%| F|  |TAMS 0x00000000a6a00000, 0x00000000a6a00000| Untracked 
|  81|0x00000000a6b00000, 0x00000000a6b00000, 0x00000000a6c00000|  0%| F|  |TAMS 0x00000000a6b00000, 0x00000000a6b00000| Untracked 
|  82|0x00000000a6c00000, 0x00000000a6c00000, 0x00000000a6d00000|  0%| F|  |TAMS 0x00000000a6c00000, 0x00000000a6c00000| Untracked 
|  83|0x00000000a6d00000, 0x00000000a6d00000, 0x00000000a6e00000|  0%| F|  |TAMS 0x00000000a6d00000, 0x00000000a6d00000| Untracked 
|  84|0x00000000a6e00000, 0x00000000a6e00000, 0x00000000a6f00000|  0%| F|  |TAMS 0x00000000a6e00000, 0x00000000a6e00000| Untracked 
|  85|0x00000000a6f00000, 0x00000000a6f00000, 0x00000000a7000000|  0%| F|  |TAMS 0x00000000a6f00000, 0x00000000a6f00000| Untracked 
|  86|0x00000000a7000000, 0x00000000a7000000, 0x00000000a7100000|  0%| F|  |TAMS 0x00000000a7000000, 0x00000000a7000000| Untracked 
|  87|0x00000000a7100000, 0x00000000a7100000, 0x00000000a7200000|  0%| F|  |TAMS 0x00000000a7100000, 0x00000000a7100000| Untracked 
|  88|0x00000000a7200000, 0x00000000a7200000, 0x00000000a7300000|  0%| F|  |TAMS 0x00000000a7200000, 0x00000000a7200000| Untracked 
|  89|0x00000000a7300000, 0x00000000a7300000, 0x00000000a7400000|  0%| F|  |TAMS 0x00000000a7300000, 0x00000000a7300000| Untracked 
|  90|0x00000000a7400000, 0x00000000a7400000, 0x00000000a7500000|  0%| F|  |TAMS 0x00000000a7400000, 0x00000000a7400000| Untracked 
|  91|0x00000000a7500000, 0x00000000a7500000, 0x00000000a7600000|  0%| F|  |TAMS 0x00000000a7500000, 0x00000000a7500000| Untracked 
|  92|0x00000000a7600000, 0x00000000a7600000, 0x00000000a7700000|  0%| F|  |TAMS 0x00000000a7600000, 0x00000000a7600000| Untracked 
|  93|0x00000000a7700000, 0x00000000a7700000, 0x00000000a7800000|  0%| F|  |TAMS 0x00000000a7700000, 0x00000000a7700000| Untracked 
|  94|0x00000000a7800000, 0x00000000a7800000, 0x00000000a7900000|  0%| F|  |TAMS 0x00000000a7800000, 0x00000000a7800000| Untracked 
|  95|0x00000000a7900000, 0x00000000a7a00000, 0x00000000a7a00000|100%| E|  |TAMS 0x00000000a7900000, 0x00000000a7900000| Complete 

Card table byte_map: [0x00000249500e0000,0x00000249503e0000] _byte_map_base: 0x000002494fbd3000

Marking Bits (Prev, Next): (CMBitMap*) 0x00000249391da260, (CMBitMap*) 0x00000249391da2a0
 Prev Bits: [0x00000249506e0000, 0x0000024951e78000)
 Next Bits: [0x0000024951e80000, 0x0000024953618000)

Polling page: 0x0000024937170000

Metaspace:

Usage:
  Non-class:     16.74 MB used.
      Class:      2.22 MB used.
       Both:     18.96 MB used.

Virtual space:
  Non-class space:       64.00 MB reserved,      16.94 MB ( 26%) committed,  1 nodes.
      Class space:        1.00 GB reserved,       2.38 MB ( <1%) committed,  1 nodes.
             Both:        1.06 GB reserved,      19.31 MB (  2%) committed. 

Chunk freelists:
   Non-Class:  2.86 MB
       Class:  1.64 MB
        Both:  4.50 MB

MaxMetaspaceSize: unlimited
CompressedClassSpaceSize: 1.00 GB
Initial GC threshold: 21.00 MB
Current GC threshold: 21.00 MB
CDS: on
MetaspaceReclaimPolicy: balanced
 - commit_granule_bytes: 65536.
 - commit_granule_words: 8192.
 - virtual_space_node_default_size: 8388608.
 - enlarge_chunks_in_place: 1.
 - new_chunks_are_fully_committed: 0.
 - uncommit_free_chunks: 1.
 - use_allocation_guard: 0.


Internal statistics:

num_allocs_failed_limit: 0.
num_arena_births: 232.
num_arena_deaths: 0.
num_vsnodes_births: 2.
num_vsnodes_deaths: 0.
num_space_committed: 309.
num_space_uncommitted: 0.
num_chunks_returned_to_freelist: 0.
num_chunks_taken_from_freelist: 879.
num_chunk_merges: 0.
num_chunk_splits: 603.
num_chunks_enlarged: 484.
num_inconsistent_stats: 0.

CodeHeap 'non-profiled nmethods': size=120064Kb used=957Kb max_used=957Kb free=119106Kb
 bounds [0x0000024948ba0000, 0x0000024948e10000, 0x00000249500e0000]
CodeHeap 'profiled nmethods': size=120000Kb used=6029Kb max_used=6029Kb free=113970Kb
 bounds [0x00000249410e0000, 0x00000249416d0000, 0x0000024948610000]
CodeHeap 'non-nmethods': size=5696Kb used=1280Kb max_used=1303Kb free=4415Kb
 bounds [0x0000024948610000, 0x0000024948880000, 0x0000024948ba0000]
 total_blobs=3286 nmethods=2792 adapters=404
 compilation: enabled
              stopped_count=0, restarted_count=0
 full_count=0

Compilation events (20 events):
Event: 8.632 Thread 0x00000249559c7970 2757       3       java.util.LinkedHashMap::valuesToArray (38 bytes)
Event: 8.632 Thread 0x00000249559c7970 nmethod 2757 0x00000249416b0e10 code [0x00000249416b0fc0, 0x00000249416b1338]
Event: 8.634 Thread 0x00000249559c7970 2758       3       java.lang.invoke.DirectMethodHandle$Holder::newInvokeSpecial (28 bytes)
Event: 8.634 Thread 0x00000249559c7970 nmethod 2758 0x00000249416b1490 code [0x00000249416b1680, 0x00000249416b1e28]
Event: 8.634 Thread 0x00000249559c7970 2759       1       org.springframework.beans.factory.support.DefaultListableBeanFactory::isConfigurationFrozen (5 bytes)
Event: 8.635 Thread 0x00000249559c7970 nmethod 2759 0x0000024948c8ea90 code [0x0000024948c8ec20, 0x0000024948c8ecf8]
Event: 8.635 Thread 0x00000249559c7970 2760       1       org.springframework.beans.factory.support.RootBeanDefinition::getParentName (2 bytes)
Event: 8.635 Thread 0x00000249559c7970 nmethod 2760 0x0000024948c8ed90 code [0x0000024948c8ef20, 0x0000024948c8eff8]
Event: 8.638 Thread 0x00000249559c7970 2761       3       java.lang.reflect.Proxy$ProxyBuilder::addElementType (19 bytes)
Event: 8.639 Thread 0x00000249559c7970 nmethod 2761 0x00000249416b2010 code [0x00000249416b2200, 0x00000249416b27a8]
Event: 8.639 Thread 0x00000249559c7970 2762       3       java.lang.reflect.Proxy$ProxyBuilder::getElementType (19 bytes)
Event: 8.639 Thread 0x00000249559c7970 nmethod 2762 0x00000249416b2990 code [0x00000249416b2b60, 0x00000249416b2e18]
Event: 8.643 Thread 0x00000249559c7970 2764       3       org.springframework.util.ObjectUtils::isEmpty (15 bytes)
Event: 8.643 Thread 0x00000249559c7970 nmethod 2764 0x00000249416b2f90 code [0x00000249416b3120, 0x00000249416b32b8]
Event: 8.647 Thread 0x00000249559c7970 2765       3       java.util.LinkedHashMap$LinkedValues::toArray (16 bytes)
Event: 8.647 Thread 0x00000249559c7970 nmethod 2765 0x00000249416b3390 code [0x00000249416b3540, 0x00000249416b36b8]
Event: 8.657 Thread 0x00000249559c7970 2766   !   3       sun.reflect.annotation.AnnotationParser::parseEnumValue (123 bytes)
Event: 8.659 Thread 0x00000249559c7970 nmethod 2766 0x00000249416b3790 code [0x00000249416b3ac0, 0x00000249416b48f8]
Event: 8.660 Thread 0x00000249559c7970 2768       1       org.springframework.beans.factory.support.AbstractBeanDefinition::setBeanClassName (6 bytes)
Event: 8.660 Thread 0x00000249559c7970 nmethod 2768 0x0000024948c8f090 code [0x0000024948c8f220, 0x0000024948c8f338]

GC Heap History (8 events):
Event: 3.167 GC heap before
{Heap before GC invocations=0 (full 0):
 garbage-first heap   total 98304K, used 6144K [0x00000000a1a00000, 0x0000000100000000)
  region size 1024K, 6 young (6144K), 0 survivors (0K)
 Metaspace       used 619K, committed 832K, reserved 1114112K
  class space    used 34K, committed 128K, reserved 1048576K
}
Event: 3.174 GC heap after
{Heap after GC invocations=1 (full 0):
 garbage-first heap   total 98304K, used 5029K [0x00000000a1a00000, 0x0000000100000000)
  region size 1024K, 1 young (1024K), 1 survivors (1024K)
 Metaspace       used 619K, committed 832K, reserved 1114112K
  class space    used 34K, committed 128K, reserved 1048576K
}
Event: 4.098 GC heap before
{Heap before GC invocations=1 (full 0):
 garbage-first heap   total 98304K, used 8101K [0x00000000a1a00000, 0x0000000100000000)
  region size 1024K, 4 young (4096K), 1 survivors (1024K)
 Metaspace       used 2513K, committed 2688K, reserved 1114112K
  class space    used 215K, committed 320K, reserved 1048576K
}
Event: 4.102 GC heap after
{Heap after GC invocations=2 (full 0):
 garbage-first heap   total 98304K, used 5821K [0x00000000a1a00000, 0x0000000100000000)
  region size 1024K, 1 young (1024K), 1 survivors (1024K)
 Metaspace       used 2513K, committed 2688K, reserved 1114112K
  class space    used 215K, committed 320K, reserved 1048576K
}
Event: 4.660 GC heap before
{Heap before GC invocations=2 (full 0):
 garbage-first heap   total 98304K, used 11965K [0x00000000a1a00000, 0x0000000100000000)
  region size 1024K, 8 young (8192K), 1 survivors (1024K)
 Metaspace       used 4537K, committed 4672K, reserved 1114112K
  class space    used 448K, committed 512K, reserved 1048576K
}
Event: 4.666 GC heap after
{Heap after GC invocations=3 (full 0):
 garbage-first heap   total 98304K, used 7037K [0x00000000a1a00000, 0x0000000100000000)
  region size 1024K, 1 young (1024K), 1 survivors (1024K)
 Metaspace       used 4537K, committed 4672K, reserved 1114112K
  class space    used 448K, committed 512K, reserved 1048576K
}
Event: 5.332 GC heap before
{Heap before GC invocations=3 (full 0):
 garbage-first heap   total 98304K, used 17277K [0x00000000a1a00000, 0x0000000100000000)
  region size 1024K, 12 young (12288K), 1 survivors (1024K)
 Metaspace       used 7317K, committed 7552K, reserved 1114112K
  class space    used 816K, committed 960K, reserved 1048576K
}
Event: 5.341 GC heap after
{Heap after GC invocations=4 (full 0):
 garbage-first heap   total 98304K, used 7919K [0x00000000a1a00000, 0x0000000100000000)
  region size 1024K, 2 young (2048K), 2 survivors (2048K)
 Metaspace       used 7317K, committed 7552K, reserved 1114112K
  class space    used 816K, committed 960K, reserved 1048576K
}

Dll operation events (13 events):
Event: 0.083 Loaded shared library C:\Users\Utente-PC\.jdks\openjdk-19.0.2\bin\java.dll
Event: 0.110 Loaded shared library C:\Users\Utente-PC\.jdks\openjdk-19.0.2\bin\jsvml.dll
Event: 0.312 Loaded shared library C:\Users\Utente-PC\.jdks\openjdk-19.0.2\bin\zip.dll
Event: 0.317 Loaded shared library C:\Users\Utente-PC\.jdks\openjdk-19.0.2\bin\instrument.dll
Event: 0.329 Loaded shared library C:\Users\Utente-PC\.jdks\openjdk-19.0.2\bin\net.dll
Event: 0.332 Loaded shared library C:\Users\Utente-PC\.jdks\openjdk-19.0.2\bin\nio.dll
Event: 0.338 Loaded shared library C:\Users\Utente-PC\.jdks\openjdk-19.0.2\bin\zip.dll
Event: 1.085 Loaded shared library C:\Users\Utente-PC\.jdks\openjdk-19.0.2\bin\jimage.dll
Event: 3.829 Loaded shared library C:\Program Files\JetBrains\IntelliJ IDEA Community Edition 2022.2.1\bin\breakgen64.dll
Event: 3.857 Loaded shared library C:\Users\Utente-PC\.jdks\openjdk-19.0.2\bin\extnet.dll
Event: 3.909 Loaded shared library C:\Users\Utente-PC\.jdks\openjdk-19.0.2\bin\verify.dll
Event: 4.686 Loaded shared library C:\Users\Utente-PC\.jdks\openjdk-19.0.2\bin\management.dll
Event: 4.690 Loaded shared library C:\Users\Utente-PC\.jdks\openjdk-19.0.2\bin\management_ext.dll

Deoptimization events (20 events):
Event: 8.232 Thread 0x000002495a7685d0 Uncommon trap: trap_request=0xffffffde fr.pc=0x0000024948babd2c relative=0x000000000000018c
Event: 8.232 Thread 0x000002495a7685d0 Uncommon trap: reason=class_check action=maybe_recompile pc=0x0000024948babd2c method=java.lang.String.equals(Ljava/lang/Object;)Z @ 8 c2
Event: 8.232 Thread 0x000002495a7685d0 DEOPT PACKING pc=0x0000024948babd2c sp=0x000000a1706fe2a0
Event: 8.232 Thread 0x000002495a7685d0 DEOPT UNPACKING pc=0x0000024948676d9d sp=0x000000a1706fe238 mode 2
Event: 8.234 Thread 0x000002495a7685d0 Uncommon trap: trap_request=0xffffffde fr.pc=0x0000024948c851dc relative=0x00000000000001bc
Event: 8.234 Thread 0x000002495a7685d0 Uncommon trap: reason=class_check action=maybe_recompile pc=0x0000024948c851dc method=java.lang.String.equals(Ljava/lang/Object;)Z @ 8 c2
Event: 8.234 Thread 0x000002495a7685d0 DEOPT PACKING pc=0x0000024948c851dc sp=0x000000a1706fdf80
Event: 8.234 Thread 0x000002495a7685d0 DEOPT UNPACKING pc=0x0000024948676d9d sp=0x000000a1706fdea8 mode 2
Event: 8.234 Thread 0x000002495a7685d0 Uncommon trap: trap_request=0xffffffde fr.pc=0x0000024948babd2c relative=0x000000000000018c
Event: 8.234 Thread 0x000002495a7685d0 Uncommon trap: reason=class_check action=maybe_recompile pc=0x0000024948babd2c method=java.lang.String.equals(Ljava/lang/Object;)Z @ 8 c2
Event: 8.234 Thread 0x000002495a7685d0 DEOPT PACKING pc=0x0000024948babd2c sp=0x000000a1706fdef0
Event: 8.234 Thread 0x000002495a7685d0 DEOPT UNPACKING pc=0x0000024948676d9d sp=0x000000a1706fde98 mode 2
Event: 8.486 Thread 0x000002495a7685d0 Uncommon trap: trap_request=0xffffff45 fr.pc=0x0000024948c32bb8 relative=0x0000000000000118
Event: 8.486 Thread 0x000002495a7685d0 Uncommon trap: reason=unstable_if action=reinterpret pc=0x0000024948c32bb8 method=java.util.Arrays.equals([Ljava/lang/Object;[Ljava/lang/Object;)Z @ 44 c2
Event: 8.486 Thread 0x000002495a7685d0 DEOPT PACKING pc=0x0000024948c32bb8 sp=0x000000a1706fd8e0
Event: 8.486 Thread 0x000002495a7685d0 DEOPT UNPACKING pc=0x0000024948676d9d sp=0x000000a1706fd880 mode 2
Event: 8.638 Thread 0x000002495a7685d0 Uncommon trap: trap_request=0xffffffde fr.pc=0x0000024948c892d0 relative=0x0000000000000850
Event: 8.638 Thread 0x000002495a7685d0 Uncommon trap: reason=class_check action=maybe_recompile pc=0x0000024948c892d0 method=java.util.HashMap.putVal(ILjava/lang/Object;Ljava/lang/Object;ZZ)Ljava/lang/Object; @ 203 c2
Event: 8.638 Thread 0x000002495a7685d0 DEOPT PACKING pc=0x0000024948c892d0 sp=0x000000a1706fd520
Event: 8.638 Thread 0x000002495a7685d0 DEOPT UNPACKING pc=0x0000024948676d9d sp=0x000000a1706fd430 mode 2

Classes loaded (20 events):
Event: 6.654 Loading class java/util/AbstractList$Itr done
Event: 6.654 Loading class java/util/AbstractList$ListItr done
Event: 6.669 Loading class java/util/regex/Pattern$Pos
Event: 6.669 Loading class java/util/regex/Pattern$Pos done
Event: 6.676 Loading class java/util/concurrent/ConcurrentLinkedDeque$Itr
Event: 6.676 Loading class java/util/concurrent/ConcurrentLinkedDeque$AbstractItr
Event: 6.677 Loading class java/util/concurrent/ConcurrentLinkedDeque$AbstractItr done
Event: 6.677 Loading class java/util/concurrent/ConcurrentLinkedDeque$Itr done
Event: 6.702 Loading class java/net/SocketException
Event: 6.702 Loading class java/net/SocketException done
Event: 6.741 Loading class java/util/StringTokenizer
Event: 6.741 Loading class java/util/StringTokenizer done
Event: 6.742 Loading class java/util/regex/Pattern$LazyLoop
Event: 6.743 Loading class java/util/regex/Pattern$LazyLoop done
Event: 7.028 Loading class javax/naming/ldap/LdapContext
Event: 7.028 Loading class javax/naming/directory/DirContext
Event: 7.029 Loading class javax/naming/directory/DirContext done
Event: 7.029 Loading class javax/naming/ldap/LdapContext done
Event: 7.261 Loading class java/lang/Deprecated
Event: 7.261 Loading class java/lang/Deprecated done

Classes unloaded (0 events):
No events

Classes redefined (0 events):
No events

Internal exceptions (20 events):
Event: 6.659 Thread 0x000002495a7685d0 Exception <a 'java/lang/ClassNotFoundException'{0x00000000a5c60518}: org/springframework/beans/factory/config/BeanFactoryPostProcessorCustomizer> (0x00000000a5c60518) 
thrown [s\open\src\hotspot\share\classfile\systemDictionary.cpp, line 255]
Event: 6.660 Thread 0x000002495a7685d0 Exception <a 'java/lang/ClassNotFoundException'{0x00000000a5c64ce0}: org/springframework/core/PriorityOrderedCustomizer> (0x00000000a5c64ce0) 
thrown [s\open\src\hotspot\share\classfile\systemDictionary.cpp, line 255]
Event: 6.661 Thread 0x000002495a7685d0 Exception <a 'java/lang/ClassNotFoundException'{0x00000000a5c68100}: org/springframework/core/OrderedCustomizer> (0x00000000a5c68100) 
thrown [s\open\src\hotspot\share\classfile\systemDictionary.cpp, line 255]
Event: 6.663 Thread 0x000002495a7685d0 Exception <a 'java/lang/ClassNotFoundException'{0x00000000a5ca69d0}: org/springframework/context/ResourceLoaderAwareCustomizer> (0x00000000a5ca69d0) 
thrown [s\open\src\hotspot\share\classfile\systemDictionary.cpp, line 255]
Event: 6.664 Thread 0x000002495a7685d0 Exception <a 'java/lang/ClassNotFoundException'{0x00000000a5cab148}: org/springframework/beans/factory/AwareCustomizer> (0x00000000a5cab148) 
thrown [s\open\src\hotspot\share\classfile\systemDictionary.cpp, line 255]
Event: 6.665 Thread 0x000002495a7685d0 Exception <a 'java/lang/ClassNotFoundException'{0x00000000a5cae900}: org/springframework/context/ApplicationStartupAwareCustomizer> (0x00000000a5cae900) 
thrown [s\open\src\hotspot\share\classfile\systemDictionary.cpp, line 255]
Event: 6.667 Thread 0x000002495a7685d0 Exception <a 'java/lang/ClassNotFoundException'{0x00000000a5cb3300}: org/springframework/beans/factory/AwareCustomizer> (0x00000000a5cb3300) 
thrown [s\open\src\hotspot\share\classfile\systemDictionary.cpp, line 255]
Event: 6.667 Thread 0x000002495a7685d0 Exception <a 'java/lang/ClassNotFoundException'{0x00000000a5cb6ac8}: org/springframework/beans/factory/BeanClassLoaderAwareCustomizer> (0x00000000a5cb6ac8) 
thrown [s\open\src\hotspot\share\classfile\systemDictionary.cpp, line 255]
Event: 6.669 Thread 0x000002495a7685d0 Exception <a 'java/lang/ClassNotFoundException'{0x00000000a5cbc0c0}: org/springframework/beans/factory/AwareCustomizer> (0x00000000a5cbc0c0) 
thrown [s\open\src\hotspot\share\classfile\systemDictionary.cpp, line 255]
Event: 6.670 Thread 0x000002495a7685d0 Exception <a 'java/lang/ClassNotFoundException'{0x00000000a5cf8390}: org/springframework/context/EnvironmentAwareCustomizer> (0x00000000a5cf8390) 
thrown [s\open\src\hotspot\share\classfile\systemDictionary.cpp, line 255]
Event: 6.671 Thread 0x000002495a7685d0 Exception <a 'java/lang/ClassNotFoundException'{0x00000000a5cfca88}: org/springframework/beans/factory/AwareCustomizer> (0x00000000a5cfca88) 
thrown [s\open\src\hotspot\share\classfile\systemDictionary.cpp, line 255]
Event: 6.710 Thread 0x000002495aadc040 Exception <a 'java/lang/NoSuchMethodError'{0x00000000a5bbc690}: 'long java.lang.invoke.DirectMethodHandle$Holder.invokeSpecial(java.lang.Object, java.lang.Object)'> (0x00000000a5bbc690) 
thrown [s\open\src\hotspot\share\interpreter\linkResolver.cpp, line 774]
Event: 6.715 Thread 0x000002495aadc040 Exception <a 'java/lang/NoSuchMethodError'{0x00000000a5be1570}: 'long java.lang.invoke.DirectMethodHandle$Holder.invokeStatic(java.lang.Object, java.lang.Object)'> (0x00000000a5be1570) 
thrown [s\open\src\hotspot\share\interpreter\linkResolver.cpp, line 774]
Event: 6.715 Thread 0x000002495aadc040 Exception <a 'java/lang/NoSuchMethodError'{0x00000000a5be4b78}: 'long java.lang.invoke.DirectMethodHandle$Holder.invokeStaticInit(java.lang.Object, java.lang.Object)'> (0x00000000a5be4b78) 
thrown [s\open\src\hotspot\share\interpreter\linkResolver.cpp, line 774]
Event: 6.723 Thread 0x000002495aadc040 Exception <a 'java/lang/NoSuchMethodError'{0x00000000a5bf2b30}: 'long java.lang.invoke.DirectMethodHandle$Holder.invokeInterface(java.lang.Object, java.lang.Object)'> (0x00000000a5bf2b30) 
thrown [s\open\src\hotspot\share\interpreter\linkResolver.cpp, line 774]
Event: 6.724 Thread 0x000002495aadc040 Exception <a 'java/lang/IncompatibleClassChangeError'{0x00000000a5bf60c8}: Found class java.lang.Object, but interface was expected> (0x00000000a5bf60c8) 
thrown [s\open\src\hotspot\share\interpreter\linkResolver.cpp, line 841]
Event: 6.734 Thread 0x000002495a7685d0 Exception <a 'java/lang/NoSuchMethodError'{0x00000000a5a34000}: 'java.lang.Object java.lang.invoke.DirectMethodHandle$Holder.invokeVirtual(java.lang.Object, java.lang.Object, java.lang.Object)'> (0x00000000a5a34000) 
thrown [s\open\src\hotspot\share\interpreter\linkResolver.cpp, line 774]
Event: 6.751 Thread 0x000002495aadc040 Exception <a 'java/lang/NoSuchMethodError'{0x00000000a5aa67e0}: 'java.lang.Object java.lang.invoke.DirectMethodHandle$Holder.invokeVirtual(java.lang.Object, java.lang.Object, java.lang.Object, java.lang.Object)'> (0x00000000a5aa67e0) 
thrown [s\open\src\hotspot\share\interpreter\linkResolver.cpp, line 774]
Event: 7.221 Thread 0x000002495a7685d0 Exception <a 'java/lang/IncompatibleClassChangeError'{0x00000000a54e5f40}: Found class java.lang.Object, but interface was expected> (0x00000000a54e5f40) 
thrown [s\open\src\hotspot\share\interpreter\linkResolver.cpp, line 841]
Event: 7.317 Thread 0x000002495a7685d0 Exception <a 'java/lang/NoSuchMethodError'{0x00000000a5264ba0}: 'void java.lang.invoke.DirectMethodHandle$Holder.invokeInterface(java.lang.Object, java.lang.Object, java.lang.Object, java.lang.Object)'> (0x00000000a5264ba0) 
thrown [s\open\src\hotspot\share\interpreter\linkResolver.cpp, line 774]

VM Operations (20 events):
Event: 5.561 Executing VM operation: HandshakeAllThreads
Event: 5.561 Executing VM operation: HandshakeAllThreads done
Event: 5.964 Executing VM operation: HandshakeAllThreads
Event: 5.964 Executing VM operation: HandshakeAllThreads done
Event: 5.964 Executing VM operation: HandshakeAllThreads
Event: 5.964 Executing VM operation: HandshakeAllThreads done
Event: 6.528 Executing VM operation: ICBufferFull
Event: 6.529 Executing VM operation: ICBufferFull done
Event: 6.547 Executing VM operation: HandshakeAllThreads
Event: 6.547 Executing VM operation: HandshakeAllThreads done
Event: 6.633 Executing VM operation: HandshakeAllThreads
Event: 6.633 Executing VM operation: HandshakeAllThreads done
Event: 6.708 Executing VM operation: HandshakeAllThreads
Event: 6.708 Executing VM operation: HandshakeAllThreads done
Event: 7.647 Executing VM operation: ICBufferFull
Event: 7.647 Executing VM operation: ICBufferFull done
Event: 8.243 Executing VM operation: HandshakeAllThreads
Event: 8.243 Executing VM operation: HandshakeAllThreads done
Event: 8.568 Executing VM operation: ICBufferFull
Event: 8.569 Executing VM operation: ICBufferFull done

Events (19 events):
Event: 0.110 Thread 0x000002493918b190 Thread added: 0x000002493918b190
Event: 0.135 Thread 0x00000249559936e0 Thread added: 0x00000249559936e0
Event: 0.135 Thread 0x0000024955994c70 Thread added: 0x0000024955994c70
Event: 0.136 Thread 0x0000024955996840 Thread added: 0x0000024955996840
Event: 0.136 Thread 0x000002495599d670 Thread added: 0x000002495599d670
Event: 0.136 Thread 0x000002495599e740 Thread added: 0x000002495599e740
Event: 0.137 Thread 0x00000249559a0820 Thread added: 0x00000249559a0820
Event: 0.137 Thread 0x00000249559a4920 Thread added: 0x00000249559a4920
Event: 0.137 Thread 0x00000249559c7970 Thread added: 0x00000249559c7970
Event: 0.137 Thread 0x00000249559e8260 Thread added: 0x00000249559e8260
Event: 0.251 Thread 0x0000024959c8ca80 Thread added: 0x0000024959c8ca80
Event: 3.830 Thread 0x000002495a0661a0 Thread added: 0x000002495a0661a0
Event: 3.831 Thread 0x000002495a062e60 Thread added: 0x000002495a062e60
Event: 4.781 Thread 0x000002495a66f310 Thread added: 0x000002495a66f310
Event: 4.797 Thread 0x000002495a7685d0 Thread added: 0x000002495a7685d0
Event: 5.918 Thread 0x000002495aadc040 Thread added: 0x000002495aadc040
Event: 6.758 Thread 0x000002495aadc040 Thread exited: 0x000002495aadc040
Event: 6.991 Thread 0x000002495aadc040 Thread added: 0x000002495aadc040
Event: 7.106 Thread 0x000002495aadc040 Thread exited: 0x000002495aadc040


Dynamic libraries:
0x00007ff6ef0e0000 - 0x00007ff6ef0ee000 	C:\Users\Utente-PC\.jdks\openjdk-19.0.2\bin\java.exe
0x00007ff84e050000 - 0x00007ff84e248000 	C:\Windows\SYSTEM32\ntdll.dll
0x00007ff84d1a0000 - 0x00007ff84d25f000 	C:\Windows\System32\KERNEL32.DLL
0x00007ff84bc30000 - 0x00007ff84bf0a000 	C:\Windows\System32\KERNELBASE.dll
0x00007ff84ba90000 - 0x00007ff84bb90000 	C:\Windows\System32\ucrtbase.dll
0x00007ff844b50000 - 0x00007ff844b67000 	C:\Users\Utente-PC\.jdks\openjdk-19.0.2\bin\jli.dll
0x00007ff84de70000 - 0x00007ff84e00d000 	C:\Windows\System32\USER32.dll
0x00007ff84bc00000 - 0x00007ff84bc22000 	C:\Windows\System32\win32u.dll
0x00007ff84c730000 - 0x00007ff84c75b000 	C:\Windows\System32\GDI32.dll
0x00007ff84bfa0000 - 0x00007ff84c0b0000 	C:\Windows\System32\gdi32full.dll
0x00007ff84b7b0000 - 0x00007ff84b84d000 	C:\Windows\System32\msvcp_win.dll
0x00007ff844ac0000 - 0x00007ff844adb000 	C:\Users\Utente-PC\.jdks\openjdk-19.0.2\bin\VCRUNTIME140.dll
0x00007ff839250000 - 0x00007ff8394ea000 	C:\Windows\WinSxS\amd64_microsoft.windows.common-controls_6595b64144ccf1df_6.0.19041.1110_none_60b5254171f9507e\COMCTL32.dll
0x00007ff84c8d0000 - 0x00007ff84c96e000 	C:\Windows\System32\msvcrt.dll
0x00007ff84dc50000 - 0x00007ff84dc80000 	C:\Windows\System32\IMM32.DLL
0x00007ff8470f0000 - 0x00007ff8470fc000 	C:\Users\Utente-PC\.jdks\openjdk-19.0.2\bin\vcruntime140_1.dll
0x00007ff819e60000 - 0x00007ff819eee000 	C:\Users\Utente-PC\.jdks\openjdk-19.0.2\bin\msvcp140.dll
0x00007ff8191a0000 - 0x00007ff819e60000 	C:\Users\Utente-PC\.jdks\openjdk-19.0.2\bin\server\jvm.dll
0x00007ff84c760000 - 0x00007ff84c80e000 	C:\Windows\System32\ADVAPI32.dll
0x00007ff84c830000 - 0x00007ff84c8cc000 	C:\Windows\System32\sechost.dll
0x00007ff84cf60000 - 0x00007ff84d086000 	C:\Windows\System32\RPCRT4.dll
0x00007ff8471f0000 - 0x00007ff8471f9000 	C:\Windows\SYSTEM32\WSOCK32.dll
0x00007ff83c1f0000 - 0x00007ff83c217000 	C:\Windows\SYSTEM32\WINMM.dll
0x00007ff84de00000 - 0x00007ff84de6b000 	C:\Windows\System32\WS2_32.dll
0x00007ff83be70000 - 0x00007ff83be7a000 	C:\Windows\SYSTEM32\VERSION.dll
0x00007ff849540000 - 0x00007ff849552000 	C:\Windows\SYSTEM32\kernel.appcore.dll
0x00007ff8466f0000 - 0x00007ff8466fa000 	C:\Users\Utente-PC\.jdks\openjdk-19.0.2\bin\jimage.dll
0x00007ff83a950000 - 0x00007ff83ab34000 	C:\Windows\SYSTEM32\DBGHELP.DLL
0x00007ff83a220000 - 0x00007ff83a254000 	C:\Windows\SYSTEM32\dbgcore.DLL
0x00007ff84bf10000 - 0x00007ff84bf92000 	C:\Windows\System32\bcryptPrimitives.dll
0x00007ff8484c0000 - 0x00007ff8484ce000 	C:\Users\Utente-PC\.jdks\openjdk-19.0.2\bin\instrument.dll
0x00007ff8447b0000 - 0x00007ff8447d6000 	C:\Users\Utente-PC\.jdks\openjdk-19.0.2\bin\java.dll
0x00007ff818410000 - 0x00007ff8184e7000 	C:\Users\Utente-PC\.jdks\openjdk-19.0.2\bin\jsvml.dll
0x00007ff84d260000 - 0x00007ff84d9a4000 	C:\Windows\System32\SHELL32.dll
0x00007ff849820000 - 0x00007ff849fb3000 	C:\Windows\SYSTEM32\windows.storage.dll
0x00007ff84c0b0000 - 0x00007ff84c404000 	C:\Windows\System32\combase.dll
0x00007ff84b0e0000 - 0x00007ff84b10e000 	C:\Windows\SYSTEM32\Wldp.dll
0x00007ff84dc90000 - 0x00007ff84dd3d000 	C:\Windows\System32\SHCORE.dll
0x00007ff84d140000 - 0x00007ff84d195000 	C:\Windows\System32\shlwapi.dll
0x00007ff84b6a0000 - 0x00007ff84b6bf000 	C:\Windows\SYSTEM32\profapi.dll
0x00007ff836d10000 - 0x00007ff836d28000 	C:\Users\Utente-PC\.jdks\openjdk-19.0.2\bin\zip.dll
0x00007ff841aa0000 - 0x00007ff841ab3000 	C:\Users\Utente-PC\.jdks\openjdk-19.0.2\bin\net.dll
0x00007ff842600000 - 0x00007ff84270a000 	C:\Windows\SYSTEM32\WINHTTP.dll
0x00007ff84ae40000 - 0x00007ff84aeaa000 	C:\Windows\system32\mswsock.dll
0x00007ff840d90000 - 0x00007ff840da6000 	C:\Users\Utente-PC\.jdks\openjdk-19.0.2\bin\nio.dll
0x00007ff819080000 - 0x00007ff81909a000 	C:\Program Files\JetBrains\IntelliJ IDEA Community Edition 2022.2.1\bin\breakgen64.dll
0x00007ff844530000 - 0x00007ff844538000 	C:\Users\Utente-PC\.jdks\openjdk-19.0.2\bin\extnet.dll
0x00007ff83a080000 - 0x00007ff83a090000 	C:\Users\Utente-PC\.jdks\openjdk-19.0.2\bin\verify.dll
0x00007ff847140000 - 0x00007ff84714a000 	C:\Users\Utente-PC\.jdks\openjdk-19.0.2\bin\management.dll
0x00007ff847130000 - 0x00007ff84713b000 	C:\Users\Utente-PC\.jdks\openjdk-19.0.2\bin\management_ext.dll
0x00007ff84dc80000 - 0x00007ff84dc88000 	C:\Windows\System32\PSAPI.DLL
0x00007ff837d20000 - 0x00007ff837d37000 	C:\Windows\system32\napinsp.dll
0x00007ff837d00000 - 0x00007ff837d1b000 	C:\Windows\system32\pnrpnsp.dll
0x00007ff83db70000 - 0x00007ff83db85000 	C:\Windows\system32\wshbth.dll
0x00007ff847090000 - 0x00007ff8470ad000 	C:\Windows\system32\NLAapi.dll
0x00007ff84ab30000 - 0x00007ff84ab6c000 	C:\Windows\SYSTEM32\IPHLPAPI.DLL
0x00007ff84ab70000 - 0x00007ff84ac3b000 	C:\Windows\SYSTEM32\DNSAPI.dll
0x00007ff84c410000 - 0x00007ff84c418000 	C:\Windows\System32\NSI.dll
0x00007ff8372d0000 - 0x00007ff8372e2000 	C:\Windows\System32\winrnr.dll
0x00007ff83ef00000 - 0x00007ff83ef0a000 	C:\Windows\System32\rasadhlp.dll
0x00007ff8402e0000 - 0x00007ff840360000 	C:\Windows\System32\fwpuclnt.dll
0x00007ff84ba60000 - 0x00007ff84ba87000 	C:\Windows\System32\bcrypt.dll

dbghelp: loaded successfully - version: 4.0.5 - missing functions: none
symbol engine: initialized successfully - sym options: 0x614 - pdb path: .;C:\Users\Utente-PC\.jdks\openjdk-19.0.2\bin;C:\Windows\SYSTEM32;C:\Windows\WinSxS\amd64_microsoft.windows.common-controls_6595b64144ccf1df_6.0.19041.1110_none_60b5254171f9507e;C:\Users\Utente-PC\.jdks\openjdk-19.0.2\bin\server;C:\Program Files\JetBrains\IntelliJ IDEA Community Edition 2022.2.1\bin

VM Arguments:
jvm_args: -javaagent:C:\Program Files\JetBrains\IntelliJ IDEA Community Edition 2022.2.1\lib\idea_rt.jar=63749:C:\Program Files\JetBrains\IntelliJ IDEA Community Edition 2022.2.1\bin -Dfile.encoding=UTF-8 -Dsun.stdout.encoding=UTF-8 -Dsun.stderr.encoding=UTF-8 
java_command: co.develhope.crud.CrudApplication
java_class_path (initial): C:\Users\Utente-PC\Documents\Develhope\Crud\crud\target\classes;C:\Users\Utente-PC\.m2\repository\org\springframework\boot\spring-boot-starter-data-jpa\2.6.6\spring-boot-starter-data-jpa-2.6.6.jar;C:\Users\Utente-PC\.m2\repository\org\springframework\boot\spring-boot-starter-aop\2.6.6\spring-boot-starter-aop-2.6.6.jar;C:\Users\Utente-PC\.m2\repository\org\springframework\spring-aop\5.3.18\spring-aop-5.3.18.jar;C:\Users\Utente-PC\.m2\repository\org\aspectj\aspectjweaver\1.9.7\aspectjweaver-1.9.7.jar;C:\Users\Utente-PC\.m2\repository\org\springframework\boot\spring-boot-starter-jdbc\2.6.6\spring-boot-starter-jdbc-2.6.6.jar;C:\Users\Utente-PC\.m2\repository\com\zaxxer\HikariCP\4.0.3\HikariCP-4.0.3.jar;C:\Users\Utente-PC\.m2\repository\org\springframework\spring-jdbc\5.3.18\spring-jdbc-5.3.18.jar;C:\Users\Utente-PC\.m2\repository\jakarta\transaction\jakarta.transaction-api\1.3.3\jakarta.transaction-api-1.3.3.jar;C:\Users\Utente-PC\.m2\repository\jakarta\persistence\jakarta.persistence-api\2.2.3\jakarta.persistence-api-2.2.3.jar;C:\Users\Utente-PC\.m2\repository\org\hibernate\hibernate-core\5.6.7.Final\hibernate-core-5.6.7.Final.jar;C:\Users\Utente-PC\.m2\repository\org\jboss\logging\jboss-logging\3.4.3.Final\jboss-logging-3.4.3.Final.jar;C:\Users\Utente-PC\.m2\repository\net\bytebuddy\byte-buddy\1.11.22\byte-buddy-1.11.22.jar;C:\Users\Utente-PC\.m2\repository\antlr\antlr\2.7.7\antlr-2.7.7.jar;C:\Users\Utente-PC\.m2\repository\org\jboss\jandex\2.4.2.Final\jandex-2.4.2.Final.jar;C:\Users\Utente-PC\.m2\repository\com\fasterxml\classmate\1.5.1\classmate-1.5.1.jar;C:\Users\Utente-PC\.m2\repository\org\hibernate\common\hibernate-commons-annotations\5.1.2.Final\hibernate-commons-annotations-5.1.2.Final.jar;C:\Users\Utente-PC\.m2\repository\org\glassfish\jaxb\jaxb-runtime\2.3.6\jaxb-runtime-2.3.6.jar;C:\Users\Utente-PC\.m2\repository\org\glassfish\jaxb\txw2\2.3.6\txw2-2.3.6.jar;C:\Users\Utente-PC\.m2\repository\com\sun\istack\istack-commons-runtime\3.0.12\istack-commons-runtime-3.0.12.jar;C:\Users\Utente-PC\.m2\repository\com\sun\activation\jakarta.activation\1.2.2\jakarta.activation-1.2.2.jar;C:\Users\Utente-PC\.m2\repository\org\springframework\data\spring-data-jpa\2.6.3\spring-data-jpa-2.6.3.jar;C:\Users\Utente-PC\.m2\repository\org\springframework\data\spring-data-commons\2.6.3\spring-data-commons-2.6.3.jar;C:\Users\Utente-PC\.m2\repository\org\springframework\spring-orm\5.3.18\spring-orm-5.3.18.jar;C:\Users\Utente-PC\.m2\repository\org\springframework\spring-context\5.3.18\spring-context-5.3.18.jar;C:\Users\Utente-PC\.m2\repository\org\springframework\spring-tx\5.3.18\spring-tx-5.3.18.jar;C:\Users\Utente-PC\.m2\repository\org\springframework\spring-beans\5.3.18\spring-beans-5.3.18.jar;C:\Users\Utente-PC\.m2\repository\org\slf4j\slf4j-api\1.7.36\slf4j-api-1.7.36.jar;C:\Users\Utente-PC\.m2\repository\org\springframework\spring-aspects\5.3.18\spring-aspects-5.3.18.jar;C:\Users\Utente-PC\.m2\repository\org\springframework\boot\spring-boot-starter-web\2.6.6\spring-boot-starter-web-2.6.6.jar;C:\Users\Utente-PC\.m2\repository\org\springframework\boot\spring-boot-starter\2.6.6\spring-boot-starter-2.6.6.jar;C:\Users\Utente-PC\.m2\repository\org\springframework\boot\spring-boot-starter-logging\2.6.6\spring-boot-starter-logging-2.6.6.jar;C:\Users\Utente-PC\.m2\repository\ch\qos\logback\logback-classic\1.2.11\logback-classic-1.2.11.jar;C:\Users\Utente-PC\.m2\repository\ch\qos\logback\logback-core\1.2.11\logback-core-1.2.11.jar;C:\Users\Utente-PC\.m2\repository\org\apache\logging\log4j\log4j-to-slf4j\2.17.2\log4j-to-slf4j-2.17.2.jar;C:\Users\Utente-PC\.m2\repository\org\apache\logging\log4j\log4j-api\2.17.2\log4j-api-2.17.2.jar;C:\Users\Utente-PC\.m2\repository\org\slf4j\jul-to-slf4j\1.7.36\jul-to-slf4j-1.7.36.jar;C:\Users\Utente-PC\.m2\repository\jakarta\annotation\jakarta.annotation-api\1.3.5\jakarta.annotation-api-1.3.5.jar;C:\Users\Utente-PC\.m2\repository\org\yaml\snakeyaml\1.29\snakeyaml-1.29.jar;C:\Users\Utente-PC\.m2\repository\org\springframework\boot\spring-boot-starter-json\2.6.6\spring-boot-starter-json-2.6.6.jar;C:\Users\Utente-PC\.m2\repository\com\fasterxml\jackson\core\jackson-databind\2.13.2.2\jackson-databind-2.13.2.2.jar;C:\Users\Utente-PC\.m2\repository\com\fasterxml\jackson\core\jackson-annotations\2.13.2\jackson-annotations-2.13.2.jar;C:\Users\Utente-PC\.m2\repository\com\fasterxml\jackson\core\jackson-core\2.13.2\jackson-core-2.13.2.jar;C:\Users\Utente-PC\.m2\repository\com\fasterxml\jackson\datatype\jackson-datatype-jdk8\2.13.2\jackson-datatype-jdk8-2.13.2.jar;C:\Users\Utente-PC\.m2\repository\com\fasterxml\jackson\datatype\jackson-datatype-jsr310\2.13.2\jackson-datatype-jsr310-2.13.2.jar;C:\Users\Utente-PC\.m2\repository\com\fasterxml\jackson\module\jackson-module-parameter-names\2.13.2\jackson-module-parameter-names-2.13.2.jar;C:\Users\Utente-PC\.m2\repository\org\springframework\boot\spring-boot-starter-tomcat\2.6.6\spring-boot-starter-tomcat-2.6.6.jar;C:\Users\Utente-PC\.m2\repository\org\apache\tomcat\embed\tomcat-embed-core\9.0.60\tomcat-embed-core-9.0.60.jar;C:\Users\Utente-PC\.m2\repository\org\apache\tomcat\embed\tomcat-embed-el\9.0.60\tomcat-embed-el-9.0.60.jar;C:\Users\Utente-PC\.m2\repository\org\apache\tomcat\embed\tomcat-embed-websocket\9.0.60\tomcat-embed-websocket-9.0.60.jar;C:\Users\Utente-PC\.m2\repository\org\springframework\spring-web\5.3.18\spring-web-5.3.18.jar;C:\Users\Utente-PC\.m2\repository\org\springframework\spring-webmvc\5.3.18\spring-webmvc-5.3.18.jar;C:\Users\Utente-PC\.m2\repository\org\springframework\spring-expression\5.3.18\spring-expression-5.3.18.jar;C:\Users\Utente-PC\.m2\repository\org\springframework\boot\spring-boot-devtools\2.6.6\spring-boot-devtools-2.6.6.jar;C:\Users\Utente-PC\.m2\repository\org\springframework\boot\spring-boot\2.6.6\spring-boot-2.6.6.jar;C:\Users\Utente-PC\.m2\repository\org\springframework\boot\spring-boot-autoconfigure\2.6.6\spring-boot-autoconfigure-2.6.6.jar;C:\Users\Utente-PC\.m2\repository\mysql\mysql-connector-java\8.0.28\mysql-connector-java-8.0.28.jar;C:\Users\Utente-PC\.m2\repository\org\projectlombok\lombok\1.18.22\lombok-1.18.22.jar;C:\Users\Utente-PC\.m2\repository\jakarta\xml\bind\jakarta.xml.bind-api\2.3.3\jakarta.xml.bind-api-2.3.3.jar;C:\Users\Utente-PC\.m2\repository\jakarta\activation\jakarta.activation-api\1.2.2\jakarta.activation-api-1.2.2.jar;C:\Users\Utente-PC\.m2\repository\org\springframework\spring-core\5.3.18\spring-core-5.3.18.jar;C:\Users\Utente-PC\.m2\repository\org\springframework\spring-jcl\5.3.18\spring-jcl-5.3.18.jar
Launcher Type: SUN_STANDARD

[Global flags]
     intx CICompilerCount                          = 2                                         {product} {ergonomic}
     uint ConcGCThreads                            = 1                                         {product} {ergonomic}
     uint G1ConcRefinementThreads                  = 2                                         {product} {ergonomic}
   size_t G1HeapRegionSize                         = 1048576                                   {product} {ergonomic}
    uintx GCDrainStackTargetSize                   = 64                                        {product} {ergonomic}
   size_t InitialHeapSize                          = 100663296                                 {product} {ergonomic}
   size_t MarkStackSize                            = 4194304                                   {product} {ergonomic}
   size_t MaxHeapSize                              = 1583349760                                {product} {ergonomic}
   size_t MaxNewSize                               = 950009856                                 {product} {ergonomic}
   size_t MinHeapDeltaBytes                        = 1048576                                   {product} {ergonomic}
   size_t MinHeapSize                              = 8388608                                   {product} {ergonomic}
    uintx NonNMethodCodeHeapSize                   = 5826188                                {pd product} {ergonomic}
    uintx NonProfiledCodeHeapSize                  = 122916026                              {pd product} {ergonomic}
    uintx ProfiledCodeHeapSize                     = 122916026                              {pd product} {ergonomic}
    uintx ReservedCodeCacheSize                    = 251658240                              {pd product} {ergonomic}
     bool SegmentedCodeCache                       = true                                      {product} {ergonomic}
   size_t SoftMaxHeapSize                          = 1583349760                             {manageable} {ergonomic}
     bool UseCompressedClassPointers               = true                           {product lp64_product} {ergonomic}
     bool UseCompressedOops                        = true                           {product lp64_product} {ergonomic}
     bool UseG1GC                                  = true                                      {product} {ergonomic}
     bool UseLargePagesIndividualAllocation        = false                                  {pd product} {ergonomic}

Logging:
Log output configuration:
 #0: stdout all=warning uptime,level,tags foldmultilines=false
 #1: stderr all=off uptime,level,tags foldmultilines=false

Environment Variables:
PATH=C:\Program Files\Common Files\Oracle\Java\javapath;C:\Program Files (x86)\NVIDIA Corporation\PhysX\Common;C:\Windows\system32;C:\Windows;C:\Windows\System32\Wbem;C:\Windows\System32\WindowsPowerShell\v1.0\;C:\Program Files\nodejs\;C:\Program Files\Git\cmd;C:\Program Files\MySQL\MySQL Shell 8.0\bin\;C:\Users\Utente-PC\AppData\Local\Microsoft\WindowsApps;;C:\Users\Utente-PC\AppData\Local\Programs\Microsoft VS Code\bin;C:\Users\Utente-PC\AppData\Roaming\npm
USERNAME=Utente-PC
OS=Windows_NT
PROCESSOR_IDENTIFIER=Intel64 Family 6 Model 42 Stepping 7, GenuineIntel
TMP=C:\Users\UTENTE~1\AppData\Local\Temp
TEMP=C:\Users\UTENTE~1\AppData\Local\Temp



---------------  S Y S T E M  ---------------

OS:
 Windows 10 , 64 bit Build 19041 (10.0.19041.2788)
OS uptime: 1 days 18:04 hours

CPU: total 2 (initial active 2) (2 cores per cpu, 1 threads per core) family 6 model 42 stepping 7 microcode 0x2f, cx8, cmov, fxsr, mmx, sse, sse2, sse3, ssse3, sse4.1, sse4.2, popcnt, tsc, tscinvbit, clmul, clflush, rdtscp

Memory: 4k page, system-wide physical 6033M (682M free)
TotalPageFile size 6033M (AvailPageFile size 6M)
current process WorkingSet (physical memory assigned to process): 158M, peak: 158M
current process commit charge ("private bytes"): 218M, peak: 220M

vm_info: OpenJDK 64-Bit Server VM (19.0.2+7-44) for windows-amd64 JRE (19.0.2+7-44), built on 2022-11-30T18:02:09Z by "mach5one" with MS VC++ 17.1 (VS2022)

END.
