#
# There is insufficient memory for the Java Runtime Environment to continue.
# Native memory allocation (malloc) failed to allocate 699136 bytes for Chunk::new
# Possible reasons:
#   The system is out of physical RAM or swap space
#   The process is running with CompressedOops enabled, and the Java Heap may be blocking the growth of the native heap
# Possible solutions:
#   Reduce memory load on the system
#   Increase physical memory or swap space
#   Check if swap backing store is full
#   Decrease Java heap size (-Xmx/-Xms)
#   Decrease number of Java threads
#   Decrease Java thread stack sizes (-Xss)
#   Set larger code cache with -XX:ReservedCodeCacheSize=
#   JVM is running with Unscaled Compressed Oops mode in which the Java heap is
#     placed in the first 4GB address space. The Java Heap base address is the
#     maximum limit for the native heap growth. Please use -XX:HeapBaseMinAddress
#     to set the Java Heap base and to place the Java Heap above 4GB virtual address.
# This output file may be truncated or incomplete.
#
#  Out of Memory Error (arena.cpp:184), pid=204, tid=4904
#
# JRE version: OpenJDK Runtime Environment (19.0.2+7) (build 19.0.2+7-44)
# Java VM: OpenJDK 64-Bit Server VM (19.0.2+7-44, mixed mode, sharing, tiered, compressed oops, compressed class ptrs, g1 gc, windows-amd64)
# No core dump will be written. Minidumps are not enabled by default on client versions of Windows
#

---------------  S U M M A R Y ------------

Command Line: -javaagent:C:\Program Files\JetBrains\IntelliJ IDEA Community Edition 2022.2.1\lib\idea_rt.jar=50517:C:\Program Files\JetBrains\IntelliJ IDEA Community Edition 2022.2.1\bin -Dfile.encoding=UTF-8 -Dsun.stdout.encoding=UTF-8 -Dsun.stderr.encoding=UTF-8 co.develhope.crud.CrudApplication

Host: Intel(R) Celeron(R) CPU B830 @ 1.80GHz, 2 cores, 5G,  Windows 10 , 64 bit Build 19041 (10.0.19041.2788)
Time: Fri Apr 28 19:56:08 2023 ora legale Europa occidentale elapsed time: 3.800846 seconds (0d 0h 0m 3s)

---------------  T H R E A D  ---------------

Current thread (0x0000023d8f15fba0):  JavaThread "C2 CompilerThread0" daemon [_thread_in_native, id=4904, stack(0x000000ba59900000,0x000000ba59a00000)]


Current CompileTask:
C2:   3800 2106   !   4       java.net.URL::<init> (543 bytes)

Stack: [0x000000ba59900000,0x000000ba59a00000]
Native frames: (J=compiled Java code, j=interpreted, Vv=VM code, C=native code)
V  [jvm.dll+0x6ee21a]
V  [jvm.dll+0x85765e]
V  [jvm.dll+0x85904e]
V  [jvm.dll+0x859703]
V  [jvm.dll+0x28298f]
V  [jvm.dll+0xc9adf]
V  [jvm.dll+0xc9e65]
V  [jvm.dll+0x2f7caf]
V  [jvm.dll+0x5f076b]
V  [jvm.dll+0x25590c]
V  [jvm.dll+0x24e1a7]
V  [jvm.dll+0x24b673]
V  [jvm.dll+0x1d6ce1]
V  [jvm.dll+0x25b25a]
V  [jvm.dll+0x2596e8]
V  [jvm.dll+0x807588]
V  [jvm.dll+0x80125a]
V  [jvm.dll+0x6ecf0b]
C  [ucrtbase.dll+0x21bb2]
C  [KERNEL32.DLL+0x17604]
C  [ntdll.dll+0x526a1]


---------------  P R O C E S S  ---------------

Threads class SMR info:
_java_thread_list=0x0000023d944b8e20, length=16, elements={
0x0000023df2836310, 0x0000023d8f154770, 0x0000023d8f155700, 0x0000023d8f157f60,
0x0000023d8f15baf0, 0x0000023d8f15cbc0, 0x0000023d8f15d770, 0x0000023d8f15fba0,
0x0000023d8f160d30, 0x0000023d8f1d0f50, 0x0000023df28fde50, 0x0000023d93703370,
0x0000023d937038b0, 0x0000023d93a41b30, 0x0000023d93f20bb0, 0x0000023d943c3920
}

Java Threads: ( => current thread )
  0x0000023df2836310 JavaThread "main" [_thread_blocked, id=1508, stack(0x000000ba58b00000,0x000000ba58c00000)]
  0x0000023d8f154770 JavaThread "Reference Handler" daemon [_thread_blocked, id=2140, stack(0x000000ba59300000,0x000000ba59400000)]
  0x0000023d8f155700 JavaThread "Finalizer" daemon [_thread_blocked, id=6096, stack(0x000000ba59400000,0x000000ba59500000)]
  0x0000023d8f157f60 JavaThread "Signal Dispatcher" daemon [_thread_blocked, id=3600, stack(0x000000ba59500000,0x000000ba59600000)]
  0x0000023d8f15baf0 JavaThread "Attach Listener" daemon [_thread_blocked, id=4144, stack(0x000000ba59600000,0x000000ba59700000)]
  0x0000023d8f15cbc0 JavaThread "Service Thread" daemon [_thread_blocked, id=5800, stack(0x000000ba59700000,0x000000ba59800000)]
  0x0000023d8f15d770 JavaThread "Monitor Deflation Thread" daemon [_thread_blocked, id=1272, stack(0x000000ba59800000,0x000000ba59900000)]
=>0x0000023d8f15fba0 JavaThread "C2 CompilerThread0" daemon [_thread_in_native, id=4904, stack(0x000000ba59900000,0x000000ba59a00000)]
  0x0000023d8f160d30 JavaThread "C1 CompilerThread0" daemon [_thread_blocked, id=840, stack(0x000000ba59a00000,0x000000ba59b00000)]
  0x0000023d8f1d0f50 JavaThread "Sweeper thread" daemon [_thread_blocked, id=7152, stack(0x000000ba59b00000,0x000000ba59c00000)]
  0x0000023df28fde50 JavaThread "Common-Cleaner" daemon [_thread_blocked, id=2244, stack(0x000000ba59c00000,0x000000ba59d00000)]
  0x0000023d93703370 JavaThread "Monitor Ctrl-Break" daemon [_thread_in_native, id=5180, stack(0x000000ba59d00000,0x000000ba59e00000)]
  0x0000023d937038b0 JavaThread "Notification Thread" daemon [_thread_blocked, id=760, stack(0x000000ba59e00000,0x000000ba59f00000)]
  0x0000023d93a41b30 JavaThread "Thread-0" [_thread_blocked, id=7076, stack(0x000000ba5a100000,0x000000ba5a200000)]
  0x0000023d93f20bb0 JavaThread "restartedMain" [_thread_in_vm, id=796, stack(0x000000ba5a200000,0x000000ba5a300000)]
  0x0000023d943c3920 JavaThread "Thread-3" [_thread_blocked, id=5216, stack(0x000000ba5a300000,0x000000ba5a400000)]

Other Threads:
  0x0000023d8f13a0f0 VMThread "VM Thread" [stack: 0x000000ba59200000,0x000000ba59300000] [id=484]
  0x0000023df2837240 WatcherThread "VM Periodic Task Thread" [stack: 0x000000ba59f00000,0x000000ba5a000000] [id=4072]
  0x0000023df2883cb0 WorkerThread "GC Thread#0" [stack: 0x000000ba58d00000,0x000000ba58e00000] [id=6624]
  0x0000023d938511a0 WorkerThread "GC Thread#1" [stack: 0x000000ba5a000000,0x000000ba5a100000] [id=6652]
  0x0000023df2892800 ConcurrentGCThread "G1 Main Marker" [stack: 0x000000ba58e00000,0x000000ba58f00000] [id=2296]
  0x0000023df28932e0 WorkerThread "G1 Conc#0" [stack: 0x000000ba58f00000,0x000000ba59000000] [id=5004]
  0x0000023df28f3fb0 ConcurrentGCThread "G1 Refine#0" [stack: 0x000000ba59000000,0x000000ba59100000] [id=7440]
  0x0000023df28f4ba0 ConcurrentGCThread "G1 Service" [stack: 0x000000ba59100000,0x000000ba59200000] [id=6764]

Threads with active compile tasks:
C2 CompilerThread0     3832 2106   !   4       java.net.URL::<init> (543 bytes)

VM state: not at safepoint (normal execution)

VM Mutex/Monitor currently owned by a thread:  ([mutex/lock_event])
[0x0000023df066f1f0] Metaspace_lock - owner thread: 0x0000023d93f20bb0

Heap address: 0x00000000a1a00000, size: 1510 MB, Compressed Oops mode: 32-bit

CDS archive(s) mapped at: [0x0000000800000000-0x0000000800c40000-0x0000000800c40000), size 12845056, SharedBaseAddress: 0x0000000800000000, ArchiveRelocationMode: 0.
Compressed class space mapped at: 0x0000000801000000-0x0000000841000000, reserved size: 1073741824
Narrow klass base: 0x0000000800000000, Narrow klass shift: 0, Narrow klass range: 0x100000000

GC Precious Log:
 CardTable entry size: 512
 Card Set container configuration: InlinePtr #cards 5 size 8 Array Of Cards #cards 12 size 40 Howl #buckets 4 coarsen threshold 1843 Howl Bitmap #cards 512 size 80 coarsen threshold 460 Card regions per heap region 1 cards per card region 2048
 CPUs: 2 total, 2 available
 Memory: 6033M
 Large Page Support: Disabled
 NUMA Support: Disabled
 Compressed Oops: Enabled (32-bit)
 Heap Region Size: 1M
 Heap Min Capacity: 8M
 Heap Initial Capacity: 96M
 Heap Max Capacity: 1510M
 Pre-touch: Disabled
 Parallel Workers: 2
 Concurrent Workers: 1
 Concurrent Refinement Workers: 2
 Periodic GC: Disabled

Heap:
 garbage-first heap   total 98304K, used 23245K [0x00000000a1a00000, 0x0000000100000000)
  region size 1024K, 20 young (20480K), 4 survivors (4096K)
 Metaspace       used 16800K, committed 16960K, reserved 1114112K
  class space    used 1974K, committed 2048K, reserved 1048576K

Heap Regions: E=young(eden), S=young(survivor), O=old, HS=humongous(starts), HC=humongous(continues), CS=collection set, F=free, OA=open archive, CA=closed archive, TAMS=top-at-mark-start (previous, next)
|   0|0x00000000a1a00000, 0x00000000a1b00000, 0x00000000a1b00000|100%|HS|  |TAMS 0x00000000a1a00000, 0x00000000a1a00000| Complete 
|   1|0x00000000a1b00000, 0x00000000a1c00000, 0x00000000a1c00000|100%| O|  |TAMS 0x00000000a1b00000, 0x00000000a1b00000| Untracked 
|   2|0x00000000a1c00000, 0x00000000a1d00000, 0x00000000a1d00000|100%| O|  |TAMS 0x00000000a1c00000, 0x00000000a1c00000| Untracked 
|   3|0x00000000a1d00000, 0x00000000a1e00000, 0x00000000a1e00000|100%| O|  |TAMS 0x00000000a1d00000, 0x00000000a1d00000| Untracked 
|   4|0x00000000a1e00000, 0x00000000a1eb3600, 0x00000000a1f00000| 70%| O|  |TAMS 0x00000000a1e00000, 0x00000000a1e00000| Untracked 
|   5|0x00000000a1f00000, 0x00000000a1f00000, 0x00000000a2000000|  0%| F|  |TAMS 0x00000000a1f00000, 0x00000000a1f00000| Untracked 
|   6|0x00000000a2000000, 0x00000000a2000000, 0x00000000a2100000|  0%| F|  |TAMS 0x00000000a2000000, 0x00000000a2000000| Untracked 
|   7|0x00000000a2100000, 0x00000000a2100000, 0x00000000a2200000|  0%| F|  |TAMS 0x00000000a2100000, 0x00000000a2100000| Untracked 
|   8|0x00000000a2200000, 0x00000000a2200000, 0x00000000a2300000|  0%| F|  |TAMS 0x00000000a2200000, 0x00000000a2200000| Untracked 
|   9|0x00000000a2300000, 0x00000000a2300000, 0x00000000a2400000|  0%| F|  |TAMS 0x00000000a2300000, 0x00000000a2300000| Untracked 
|  10|0x00000000a2400000, 0x00000000a2400000, 0x00000000a2500000|  0%| F|  |TAMS 0x00000000a2400000, 0x00000000a2400000| Untracked 
|  11|0x00000000a2500000, 0x00000000a2500000, 0x00000000a2600000|  0%| F|  |TAMS 0x00000000a2500000, 0x00000000a2500000| Untracked 
|  12|0x00000000a2600000, 0x00000000a2600000, 0x00000000a2700000|  0%| F|  |TAMS 0x00000000a2600000, 0x00000000a2600000| Untracked 
|  13|0x00000000a2700000, 0x00000000a2700000, 0x00000000a2800000|  0%| F|  |TAMS 0x00000000a2700000, 0x00000000a2700000| Untracked 
|  14|0x00000000a2800000, 0x00000000a2800000, 0x00000000a2900000|  0%| F|  |TAMS 0x00000000a2800000, 0x00000000a2800000| Untracked 
|  15|0x00000000a2900000, 0x00000000a2900000, 0x00000000a2a00000|  0%| F|  |TAMS 0x00000000a2900000, 0x00000000a2900000| Untracked 
|  16|0x00000000a2a00000, 0x00000000a2a00000, 0x00000000a2b00000|  0%| F|  |TAMS 0x00000000a2a00000, 0x00000000a2a00000| Untracked 
|  17|0x00000000a2b00000, 0x00000000a2b00000, 0x00000000a2c00000|  0%| F|  |TAMS 0x00000000a2b00000, 0x00000000a2b00000| Untracked 
|  18|0x00000000a2c00000, 0x00000000a2c00000, 0x00000000a2d00000|  0%| F|  |TAMS 0x00000000a2c00000, 0x00000000a2c00000| Untracked 
|  19|0x00000000a2d00000, 0x00000000a2d00000, 0x00000000a2e00000|  0%| F|  |TAMS 0x00000000a2d00000, 0x00000000a2d00000| Untracked 
|  20|0x00000000a2e00000, 0x00000000a2e00000, 0x00000000a2f00000|  0%| F|  |TAMS 0x00000000a2e00000, 0x00000000a2e00000| Untracked 
|  21|0x00000000a2f00000, 0x00000000a2f00000, 0x00000000a3000000|  0%| F|  |TAMS 0x00000000a2f00000, 0x00000000a2f00000| Untracked 
|  22|0x00000000a3000000, 0x00000000a3000000, 0x00000000a3100000|  0%| F|  |TAMS 0x00000000a3000000, 0x00000000a3000000| Untracked 
|  23|0x00000000a3100000, 0x00000000a3100000, 0x00000000a3200000|  0%| F|  |TAMS 0x00000000a3100000, 0x00000000a3100000| Untracked 
|  24|0x00000000a3200000, 0x00000000a3200000, 0x00000000a3300000|  0%| F|  |TAMS 0x00000000a3200000, 0x00000000a3200000| Untracked 
|  25|0x00000000a3300000, 0x00000000a3300000, 0x00000000a3400000|  0%| F|  |TAMS 0x00000000a3300000, 0x00000000a3300000| Untracked 
|  26|0x00000000a3400000, 0x00000000a3400000, 0x00000000a3500000|  0%| F|  |TAMS 0x00000000a3400000, 0x00000000a3400000| Untracked 
|  27|0x00000000a3500000, 0x00000000a3500000, 0x00000000a3600000|  0%| F|  |TAMS 0x00000000a3500000, 0x00000000a3500000| Untracked 
|  28|0x00000000a3600000, 0x00000000a3600000, 0x00000000a3700000|  0%| F|  |TAMS 0x00000000a3600000, 0x00000000a3600000| Untracked 
|  29|0x00000000a3700000, 0x00000000a3700000, 0x00000000a3800000|  0%| F|  |TAMS 0x00000000a3700000, 0x00000000a3700000| Untracked 
|  30|0x00000000a3800000, 0x00000000a3800000, 0x00000000a3900000|  0%| F|  |TAMS 0x00000000a3800000, 0x00000000a3800000| Untracked 
|  31|0x00000000a3900000, 0x00000000a3900000, 0x00000000a3a00000|  0%| F|  |TAMS 0x00000000a3900000, 0x00000000a3900000| Untracked 
|  32|0x00000000a3a00000, 0x00000000a3a00000, 0x00000000a3b00000|  0%| F|  |TAMS 0x00000000a3a00000, 0x00000000a3a00000| Untracked 
|  33|0x00000000a3b00000, 0x00000000a3b00000, 0x00000000a3c00000|  0%| F|  |TAMS 0x00000000a3b00000, 0x00000000a3b00000| Untracked 
|  34|0x00000000a3c00000, 0x00000000a3c00000, 0x00000000a3d00000|  0%| F|  |TAMS 0x00000000a3c00000, 0x00000000a3c00000| Untracked 
|  35|0x00000000a3d00000, 0x00000000a3d00000, 0x00000000a3e00000|  0%| F|  |TAMS 0x00000000a3d00000, 0x00000000a3d00000| Untracked 
|  36|0x00000000a3e00000, 0x00000000a3e00000, 0x00000000a3f00000|  0%| F|  |TAMS 0x00000000a3e00000, 0x00000000a3e00000| Untracked 
|  37|0x00000000a3f00000, 0x00000000a3f00000, 0x00000000a4000000|  0%| F|  |TAMS 0x00000000a3f00000, 0x00000000a3f00000| Untracked 
|  38|0x00000000a4000000, 0x00000000a4000000, 0x00000000a4100000|  0%| F|  |TAMS 0x00000000a4000000, 0x00000000a4000000| Untracked 
|  39|0x00000000a4100000, 0x00000000a4100000, 0x00000000a4200000|  0%| F|  |TAMS 0x00000000a4100000, 0x00000000a4100000| Untracked 
|  40|0x00000000a4200000, 0x00000000a4200000, 0x00000000a4300000|  0%| F|  |TAMS 0x00000000a4200000, 0x00000000a4200000| Untracked 
|  41|0x00000000a4300000, 0x00000000a4300000, 0x00000000a4400000|  0%| F|  |TAMS 0x00000000a4300000, 0x00000000a4300000| Untracked 
|  42|0x00000000a4400000, 0x00000000a4400000, 0x00000000a4500000|  0%| F|  |TAMS 0x00000000a4400000, 0x00000000a4400000| Untracked 
|  43|0x00000000a4500000, 0x00000000a4500000, 0x00000000a4600000|  0%| F|  |TAMS 0x00000000a4500000, 0x00000000a4500000| Untracked 
|  44|0x00000000a4600000, 0x00000000a4600000, 0x00000000a4700000|  0%| F|  |TAMS 0x00000000a4600000, 0x00000000a4600000| Untracked 
|  45|0x00000000a4700000, 0x00000000a4700000, 0x00000000a4800000|  0%| F|  |TAMS 0x00000000a4700000, 0x00000000a4700000| Untracked 
|  46|0x00000000a4800000, 0x00000000a4800000, 0x00000000a4900000|  0%| F|  |TAMS 0x00000000a4800000, 0x00000000a4800000| Untracked 
|  47|0x00000000a4900000, 0x00000000a4900000, 0x00000000a4a00000|  0%| F|  |TAMS 0x00000000a4900000, 0x00000000a4900000| Untracked 
|  48|0x00000000a4a00000, 0x00000000a4a00000, 0x00000000a4b00000|  0%| F|  |TAMS 0x00000000a4a00000, 0x00000000a4a00000| Untracked 
|  49|0x00000000a4b00000, 0x00000000a4b00000, 0x00000000a4c00000|  0%| F|  |TAMS 0x00000000a4b00000, 0x00000000a4b00000| Untracked 
|  50|0x00000000a4c00000, 0x00000000a4c00000, 0x00000000a4d00000|  0%| F|  |TAMS 0x00000000a4c00000, 0x00000000a4c00000| Untracked 
|  51|0x00000000a4d00000, 0x00000000a4d00000, 0x00000000a4e00000|  0%| F|  |TAMS 0x00000000a4d00000, 0x00000000a4d00000| Untracked 
|  52|0x00000000a4e00000, 0x00000000a4e00000, 0x00000000a4f00000|  0%| F|  |TAMS 0x00000000a4e00000, 0x00000000a4e00000| Untracked 
|  53|0x00000000a4f00000, 0x00000000a4f00000, 0x00000000a5000000|  0%| F|  |TAMS 0x00000000a4f00000, 0x00000000a4f00000| Untracked 
|  54|0x00000000a5000000, 0x00000000a5000000, 0x00000000a5100000|  0%| F|  |TAMS 0x00000000a5000000, 0x00000000a5000000| Untracked 
|  55|0x00000000a5100000, 0x00000000a5100000, 0x00000000a5200000|  0%| F|  |TAMS 0x00000000a5100000, 0x00000000a5100000| Untracked 
|  56|0x00000000a5200000, 0x00000000a5200000, 0x00000000a5300000|  0%| F|  |TAMS 0x00000000a5200000, 0x00000000a5200000| Untracked 
|  57|0x00000000a5300000, 0x00000000a5300000, 0x00000000a5400000|  0%| F|  |TAMS 0x00000000a5300000, 0x00000000a5300000| Untracked 
|  58|0x00000000a5400000, 0x00000000a5400000, 0x00000000a5500000|  0%| F|  |TAMS 0x00000000a5400000, 0x00000000a5400000| Untracked 
|  59|0x00000000a5500000, 0x00000000a5500000, 0x00000000a5600000|  0%| F|  |TAMS 0x00000000a5500000, 0x00000000a5500000| Untracked 
|  60|0x00000000a5600000, 0x00000000a5600000, 0x00000000a5700000|  0%| F|  |TAMS 0x00000000a5600000, 0x00000000a5600000| Untracked 
|  61|0x00000000a5700000, 0x00000000a5800000, 0x00000000a5800000|100%| S|CS|TAMS 0x00000000a5700000, 0x00000000a5700000| Complete 
|  62|0x00000000a5800000, 0x00000000a5900000, 0x00000000a5900000|100%| S|CS|TAMS 0x00000000a5800000, 0x00000000a5800000| Complete 
|  63|0x00000000a5900000, 0x00000000a5a00000, 0x00000000a5a00000|100%| S|CS|TAMS 0x00000000a5900000, 0x00000000a5900000| Complete 
|  64|0x00000000a5a00000, 0x00000000a5b00000, 0x00000000a5b00000|100%| S|CS|TAMS 0x00000000a5a00000, 0x00000000a5a00000| Complete 
|  65|0x00000000a5b00000, 0x00000000a5b00000, 0x00000000a5c00000|  0%| F|  |TAMS 0x00000000a5b00000, 0x00000000a5b00000| Untracked 
|  66|0x00000000a5c00000, 0x00000000a5c00000, 0x00000000a5d00000|  0%| F|  |TAMS 0x00000000a5c00000, 0x00000000a5c00000| Untracked 
|  67|0x00000000a5d00000, 0x00000000a5d00000, 0x00000000a5e00000|  0%| F|  |TAMS 0x00000000a5d00000, 0x00000000a5d00000| Untracked 
|  68|0x00000000a5e00000, 0x00000000a5e00000, 0x00000000a5f00000|  0%| F|  |TAMS 0x00000000a5e00000, 0x00000000a5e00000| Untracked 
|  69|0x00000000a5f00000, 0x00000000a5f00000, 0x00000000a6000000|  0%| F|  |TAMS 0x00000000a5f00000, 0x00000000a5f00000| Untracked 
|  70|0x00000000a6000000, 0x00000000a6000000, 0x00000000a6100000|  0%| F|  |TAMS 0x00000000a6000000, 0x00000000a6000000| Untracked 
|  71|0x00000000a6100000, 0x00000000a6100000, 0x00000000a6200000|  0%| F|  |TAMS 0x00000000a6100000, 0x00000000a6100000| Untracked 
|  72|0x00000000a6200000, 0x00000000a6200000, 0x00000000a6300000|  0%| F|  |TAMS 0x00000000a6200000, 0x00000000a6200000| Untracked 
|  73|0x00000000a6300000, 0x00000000a6300000, 0x00000000a6400000|  0%| F|  |TAMS 0x00000000a6300000, 0x00000000a6300000| Untracked 
|  74|0x00000000a6400000, 0x00000000a6400000, 0x00000000a6500000|  0%| F|  |TAMS 0x00000000a6400000, 0x00000000a6400000| Untracked 
|  75|0x00000000a6500000, 0x00000000a6500000, 0x00000000a6600000|  0%| F|  |TAMS 0x00000000a6500000, 0x00000000a6500000| Untracked 
|  76|0x00000000a6600000, 0x00000000a6600000, 0x00000000a6700000|  0%| F|  |TAMS 0x00000000a6600000, 0x00000000a6600000| Untracked 
|  77|0x00000000a6700000, 0x00000000a6700000, 0x00000000a6800000|  0%| F|  |TAMS 0x00000000a6700000, 0x00000000a6700000| Untracked 
|  78|0x00000000a6800000, 0x00000000a6800000, 0x00000000a6900000|  0%| F|  |TAMS 0x00000000a6800000, 0x00000000a6800000| Untracked 
|  79|0x00000000a6900000, 0x00000000a6900000, 0x00000000a6a00000|  0%| F|  |TAMS 0x00000000a6900000, 0x00000000a6900000| Untracked 
|  80|0x00000000a6a00000, 0x00000000a6a99560, 0x00000000a6b00000| 59%| E|  |TAMS 0x00000000a6a00000, 0x00000000a6a00000| Complete 
|  81|0x00000000a6b00000, 0x00000000a6c00000, 0x00000000a6c00000|100%| E|CS|TAMS 0x00000000a6b00000, 0x00000000a6b00000| Complete 
|  82|0x00000000a6c00000, 0x00000000a6d00000, 0x00000000a6d00000|100%| E|CS|TAMS 0x00000000a6c00000, 0x00000000a6c00000| Complete 
|  83|0x00000000a6d00000, 0x00000000a6e00000, 0x00000000a6e00000|100%| E|CS|TAMS 0x00000000a6d00000, 0x00000000a6d00000| Complete 
|  84|0x00000000a6e00000, 0x00000000a6f00000, 0x00000000a6f00000|100%| E|CS|TAMS 0x00000000a6e00000, 0x00000000a6e00000| Complete 
|  85|0x00000000a6f00000, 0x00000000a7000000, 0x00000000a7000000|100%| E|CS|TAMS 0x00000000a6f00000, 0x00000000a6f00000| Complete 
|  86|0x00000000a7000000, 0x00000000a7100000, 0x00000000a7100000|100%| E|CS|TAMS 0x00000000a7000000, 0x00000000a7000000| Complete 
|  87|0x00000000a7100000, 0x00000000a7200000, 0x00000000a7200000|100%| E|  |TAMS 0x00000000a7100000, 0x00000000a7100000| Complete 
|  88|0x00000000a7200000, 0x00000000a7300000, 0x00000000a7300000|100%| E|CS|TAMS 0x00000000a7200000, 0x00000000a7200000| Complete 
|  89|0x00000000a7300000, 0x00000000a7400000, 0x00000000a7400000|100%| E|CS|TAMS 0x00000000a7300000, 0x00000000a7300000| Complete 
|  90|0x00000000a7400000, 0x00000000a7500000, 0x00000000a7500000|100%| E|CS|TAMS 0x00000000a7400000, 0x00000000a7400000| Complete 
|  91|0x00000000a7500000, 0x00000000a7600000, 0x00000000a7600000|100%| E|CS|TAMS 0x00000000a7500000, 0x00000000a7500000| Complete 
|  92|0x00000000a7600000, 0x00000000a7700000, 0x00000000a7700000|100%| E|CS|TAMS 0x00000000a7600000, 0x00000000a7600000| Complete 
|  93|0x00000000a7700000, 0x00000000a7800000, 0x00000000a7800000|100%| E|CS|TAMS 0x00000000a7700000, 0x00000000a7700000| Complete 
|  94|0x00000000a7800000, 0x00000000a7900000, 0x00000000a7900000|100%| E|CS|TAMS 0x00000000a7800000, 0x00000000a7800000| Complete 
|  95|0x00000000a7900000, 0x00000000a7a00000, 0x00000000a7a00000|100%| E|CS|TAMS 0x00000000a7900000, 0x00000000a7900000| Complete 

Card table byte_map: [0x0000023dfa790000,0x0000023dfaa90000] _byte_map_base: 0x0000023dfa283000

Marking Bits (Prev, Next): (CMBitMap*) 0x0000023df2886210, (CMBitMap*) 0x0000023df2886250
 Prev Bits: [0x0000023dfad90000, 0x0000023dfc528000)
 Next Bits: [0x0000023dfc530000, 0x0000023dfdcc8000)

Polling page: 0x0000023df2000000

Metaspace:

Usage:
  Non-class:     14.48 MB used.
      Class:      1.93 MB used.
       Both:     16.41 MB used.

Virtual space:
  Non-class space:       64.00 MB reserved,      14.56 MB ( 23%) committed,  1 nodes.
      Class space:        1.00 GB reserved,       2.00 MB ( <1%) committed,  1 nodes.
             Both:        1.06 GB reserved,      16.56 MB (  2%) committed. 

Chunk freelists:
   Non-Class:  688.00 KB
       Class:  1.94 MB
        Both:  2.61 MB

MaxMetaspaceSize: unlimited
CompressedClassSpaceSize: 1.00 GB
Initial GC threshold: 21.00 MB
Current GC threshold: 21.00 MB
CDS: on
MetaspaceReclaimPolicy: balanced
 - commit_granule_bytes: 65536.
 - commit_granule_words: 8192.
 - virtual_space_node_default_size: 8388608.
 - enlarge_chunks_in_place: 1.
 - new_chunks_are_fully_committed: 0.
 - uncommit_free_chunks: 1.
 - use_allocation_guard: 0.


Internal statistics:

num_allocs_failed_limit: 0.
num_arena_births: 222.
num_arena_deaths: 0.
num_vsnodes_births: 2.
num_vsnodes_deaths: 0.
num_space_committed: 265.
num_space_uncommitted: 0.
num_chunks_returned_to_freelist: 0.
num_chunks_taken_from_freelist: 766.
num_chunk_merges: 0.
num_chunk_splits: 523.
num_chunks_enlarged: 414.
num_inconsistent_stats: 0.

CodeHeap 'non-profiled nmethods': size=120064Kb used=741Kb max_used=741Kb free=119322Kb
 bounds [0x0000023d87ac0000, 0x0000023d87d30000, 0x0000023d8f000000]
CodeHeap 'profiled nmethods': size=120000Kb used=4018Kb max_used=4018Kb free=115982Kb
 bounds [0x0000023d80000000, 0x0000023d803f0000, 0x0000023d87530000]
CodeHeap 'non-nmethods': size=5696Kb used=1276Kb max_used=1292Kb free=4419Kb
 bounds [0x0000023d87530000, 0x0000023d877a0000, 0x0000023d87ac0000]
 total_blobs=2621 nmethods=2129 adapters=403
 compilation: enabled
              stopped_count=0, restarted_count=0
 full_count=0

Compilation events (20 events):
Event: 3.724 Thread 0x0000023d8f160d30 2121       3       java.lang.Character::isLetter (5 bytes)
Event: 3.724 Thread 0x0000023d8f160d30 nmethod 2121 0x0000023d803e5a10 code [0x0000023d803e5be0, 0x0000023d803e5ef8]
Event: 3.737 Thread 0x0000023d8f160d30 2124 %     3       java.util.Properties::load0 @ 29 (249 bytes)
Event: 3.739 Thread 0x0000023d8f160d30 nmethod 2124% 0x0000023d803e6010 code [0x0000023d803e6280, 0x0000023d803e7028]
Event: 3.739 Thread 0x0000023d8f160d30 2125       3       java.util.Properties::load0 (249 bytes)
Event: 3.740 Thread 0x0000023d8f160d30 nmethod 2125 0x0000023d803e7510 code [0x0000023d803e7760, 0x0000023d803e8368]
Event: 3.744 Thread 0x0000023d8f160d30 2126       3       java.util.concurrent.ConcurrentHashMap$EntryIterator::next (5 bytes)
Event: 3.744 Thread 0x0000023d8f160d30 nmethod 2126 0x0000023d803e8790 code [0x0000023d803e8940, 0x0000023d803e8a88]
Event: 3.744 Thread 0x0000023d8f160d30 2127       3       java.util.concurrent.ConcurrentHashMap$MapEntry::<init> (20 bytes)
Event: 3.744 Thread 0x0000023d8f160d30 nmethod 2127 0x0000023d803e8b10 code [0x0000023d803e8cc0, 0x0000023d803e8f38]
Event: 3.745 Thread 0x0000023d8f160d30 2128       3       java.util.concurrent.ConcurrentHashMap$EntryIterator::next (51 bytes)
Event: 3.745 Thread 0x0000023d8f160d30 nmethod 2128 0x0000023d803e9010 code [0x0000023d803e9200, 0x0000023d803e9718]
Event: 3.767 Thread 0x0000023d8f160d30 2129       3       java.lang.ReflectiveOperationException::<init> (7 bytes)
Event: 3.768 Thread 0x0000023d8f160d30 nmethod 2129 0x0000023d803e9890 code [0x0000023d803e9a40, 0x0000023d803e9bc8]
Event: 3.768 Thread 0x0000023d8f160d30 2130       3       java.lang.ClassNotFoundException::<init> (7 bytes)
Event: 3.768 Thread 0x0000023d8f160d30 nmethod 2130 0x0000023d803e9c90 code [0x0000023d803e9e40, 0x0000023d803ea048]
Event: 3.792 Thread 0x0000023d8f160d30 2131       3       org.springframework.util.StringUtils::delimitedListToStringArray (7 bytes)
Event: 3.792 Thread 0x0000023d8f160d30 nmethod 2131 0x0000023d803ea190 code [0x0000023d803ea340, 0x0000023d803ea468]
Event: 3.793 Thread 0x0000023d8f160d30 2132   !   3       java.security.AccessController::doPrivileged (26 bytes)
Event: 3.794 Thread 0x0000023d8f160d30 nmethod 2132 0x0000023d803ea510 code [0x0000023d803ea720, 0x0000023d803eac48]

GC Heap History (8 events):
Event: 0.461 GC heap before
{Heap before GC invocations=0 (full 0):
 garbage-first heap   total 98304K, used 6144K [0x00000000a1a00000, 0x0000000100000000)
  region size 1024K, 6 young (6144K), 0 survivors (0K)
 Metaspace       used 869K, committed 1024K, reserved 1114112K
  class space    used 59K, committed 128K, reserved 1048576K
}
Event: 0.467 GC heap after
{Heap after GC invocations=1 (full 0):
 garbage-first heap   total 98304K, used 4634K [0x00000000a1a00000, 0x0000000100000000)
  region size 1024K, 1 young (1024K), 1 survivors (1024K)
 Metaspace       used 869K, committed 1024K, reserved 1114112K
  class space    used 59K, committed 128K, reserved 1048576K
}
Event: 0.806 GC heap before
{Heap before GC invocations=1 (full 0):
 garbage-first heap   total 98304K, used 7706K [0x00000000a1a00000, 0x0000000100000000)
  region size 1024K, 4 young (4096K), 1 survivors (1024K)
 Metaspace       used 2340K, committed 2496K, reserved 1114112K
  class space    used 191K, committed 256K, reserved 1048576K
}
Event: 0.812 GC heap after
{Heap after GC invocations=2 (full 0):
 garbage-first heap   total 98304K, used 5715K [0x00000000a1a00000, 0x0000000100000000)
  region size 1024K, 1 young (1024K), 1 survivors (1024K)
 Metaspace       used 2340K, committed 2496K, reserved 1114112K
  class space    used 191K, committed 256K, reserved 1048576K
}
Event: 1.347 GC heap before
{Heap before GC invocations=2 (full 0):
 garbage-first heap   total 98304K, used 13907K [0x00000000a1a00000, 0x0000000100000000)
  region size 1024K, 9 young (9216K), 1 survivors (1024K)
 Metaspace       used 4878K, committed 5056K, reserved 1114112K
  class space    used 496K, committed 576K, reserved 1048576K
}
Event: 1.355 GC heap after
{Heap after GC invocations=3 (full 0):
 garbage-first heap   total 98304K, used 6861K [0x00000000a1a00000, 0x0000000100000000)
  region size 1024K, 2 young (2048K), 2 survivors (2048K)
 Metaspace       used 4878K, committed 5056K, reserved 1114112K
  class space    used 496K, committed 576K, reserved 1048576K
}
Event: 3.226 GC heap before
{Heap before GC invocations=3 (full 0):
 garbage-first heap   total 98304K, used 35533K [0x00000000a1a00000, 0x0000000100000000)
  region size 1024K, 31 young (31744K), 2 survivors (2048K)
 Metaspace       used 12905K, committed 13120K, reserved 1114112K
  class space    used 1491K, committed 1600K, reserved 1048576K
}
Event: 3.239 GC heap after
{Heap after GC invocations=4 (full 0):
 garbage-first heap   total 98304K, used 8909K [0x00000000a1a00000, 0x0000000100000000)
  region size 1024K, 4 young (4096K), 4 survivors (4096K)
 Metaspace       used 12905K, committed 13120K, reserved 1114112K
  class space    used 1491K, committed 1600K, reserved 1048576K
}

Dll operation events (13 events):
Event: 0.018 Loaded shared library C:\Users\Utente-PC\.jdks\openjdk-19.0.2\bin\java.dll
Event: 0.037 Loaded shared library C:\Users\Utente-PC\.jdks\openjdk-19.0.2\bin\jsvml.dll
Event: 0.238 Loaded shared library C:\Users\Utente-PC\.jdks\openjdk-19.0.2\bin\zip.dll
Event: 0.242 Loaded shared library C:\Users\Utente-PC\.jdks\openjdk-19.0.2\bin\instrument.dll
Event: 0.252 Loaded shared library C:\Users\Utente-PC\.jdks\openjdk-19.0.2\bin\net.dll
Event: 0.255 Loaded shared library C:\Users\Utente-PC\.jdks\openjdk-19.0.2\bin\nio.dll
Event: 0.260 Loaded shared library C:\Users\Utente-PC\.jdks\openjdk-19.0.2\bin\zip.dll
Event: 0.422 Loaded shared library C:\Program Files\JetBrains\IntelliJ IDEA Community Edition 2022.2.1\bin\breakgen64.dll
Event: 0.449 Loaded shared library C:\Users\Utente-PC\.jdks\openjdk-19.0.2\bin\extnet.dll
Event: 0.499 Loaded shared library C:\Users\Utente-PC\.jdks\openjdk-19.0.2\bin\verify.dll
Event: 0.511 Loaded shared library C:\Users\Utente-PC\.jdks\openjdk-19.0.2\bin\jimage.dll
Event: 1.268 Loaded shared library C:\Users\Utente-PC\.jdks\openjdk-19.0.2\bin\management.dll
Event: 1.271 Loaded shared library C:\Users\Utente-PC\.jdks\openjdk-19.0.2\bin\management_ext.dll

Deoptimization events (20 events):
Event: 3.731 Thread 0x0000023d93f20bb0 DEOPT PACKING pc=0x0000023d80147851 sp=0x000000ba5a2fe250
Event: 3.731 Thread 0x0000023d93f20bb0 DEOPT UNPACKING pc=0x0000023d87597524 sp=0x000000ba5a2fd748 mode 0
Event: 3.733 Thread 0x0000023d93f20bb0 DEOPT PACKING pc=0x0000023d80147851 sp=0x000000ba5a2fe250
Event: 3.733 Thread 0x0000023d93f20bb0 DEOPT UNPACKING pc=0x0000023d87597524 sp=0x000000ba5a2fd748 mode 0
Event: 3.734 Thread 0x0000023d93f20bb0 DEOPT PACKING pc=0x0000023d80147851 sp=0x000000ba5a2fe250
Event: 3.734 Thread 0x0000023d93f20bb0 DEOPT UNPACKING pc=0x0000023d87597524 sp=0x000000ba5a2fd748 mode 0
Event: 3.735 Thread 0x0000023d93f20bb0 DEOPT PACKING pc=0x0000023d80147851 sp=0x000000ba5a2fe250
Event: 3.735 Thread 0x0000023d93f20bb0 DEOPT UNPACKING pc=0x0000023d87597524 sp=0x000000ba5a2fd748 mode 0
Event: 3.737 Thread 0x0000023d93f20bb0 DEOPT PACKING pc=0x0000023d80147851 sp=0x000000ba5a2fe250
Event: 3.737 Thread 0x0000023d93f20bb0 DEOPT UNPACKING pc=0x0000023d87597524 sp=0x000000ba5a2fd748 mode 0
Event: 3.741 Thread 0x0000023d93f20bb0 DEOPT PACKING pc=0x0000023d80147851 sp=0x000000ba5a2fe1f0
Event: 3.741 Thread 0x0000023d93f20bb0 DEOPT UNPACKING pc=0x0000023d87597524 sp=0x000000ba5a2fd6e0 mode 0
Event: 3.741 Thread 0x0000023d93f20bb0 DEOPT PACKING pc=0x0000023d80147851 sp=0x000000ba5a2fe1f0
Event: 3.741 Thread 0x0000023d93f20bb0 DEOPT UNPACKING pc=0x0000023d87597524 sp=0x000000ba5a2fd6e0 mode 0
Event: 3.742 Thread 0x0000023d93f20bb0 DEOPT PACKING pc=0x0000023d80147851 sp=0x000000ba5a2fe1f0
Event: 3.742 Thread 0x0000023d93f20bb0 DEOPT UNPACKING pc=0x0000023d87597524 sp=0x000000ba5a2fd6e0 mode 0
Event: 3.742 Thread 0x0000023d93f20bb0 DEOPT PACKING pc=0x0000023d80147851 sp=0x000000ba5a2fe1f0
Event: 3.742 Thread 0x0000023d93f20bb0 DEOPT UNPACKING pc=0x0000023d87597524 sp=0x000000ba5a2fd6e0 mode 0
Event: 3.743 Thread 0x0000023d93f20bb0 DEOPT PACKING pc=0x0000023d80147851 sp=0x000000ba5a2fe1f0
Event: 3.743 Thread 0x0000023d93f20bb0 DEOPT UNPACKING pc=0x0000023d87597524 sp=0x000000ba5a2fd6e0 mode 0

Classes loaded (20 events):
Event: 3.399 Loading class java/beans/SimpleBeanInfo done
Event: 3.399 Loading class java/beans/GenericBeanInfo done
Event: 3.401 Loading class java/util/Hashtable$EntrySet
Event: 3.402 Loading class java/util/Hashtable$EntrySet done
Event: 3.406 Loading class java/util/AbstractList$ListItr
Event: 3.406 Loading class java/util/AbstractList$Itr
Event: 3.406 Loading class java/util/AbstractList$Itr done
Event: 3.406 Loading class java/util/AbstractList$ListItr done
Event: 3.427 Loading class java/util/concurrent/ConcurrentLinkedDeque$Itr
Event: 3.427 Loading class java/util/concurrent/ConcurrentLinkedDeque$AbstractItr
Event: 3.427 Loading class java/util/concurrent/ConcurrentLinkedDeque$AbstractItr done
Event: 3.427 Loading class java/util/concurrent/ConcurrentLinkedDeque$Itr done
Event: 3.441 Loading class java/net/SocketException
Event: 3.441 Loading class java/net/SocketException done
Event: 3.490 Loading class java/util/StringTokenizer
Event: 3.490 Loading class java/util/StringTokenizer done
Event: 3.492 Loading class java/util/regex/Pattern$LazyLoop
Event: 3.492 Loading class java/util/regex/Pattern$LazyLoop done
Event: 3.567 Loading class java/util/regex/Pattern$Pos
Event: 3.568 Loading class java/util/regex/Pattern$Pos done

Classes unloaded (0 events):
No events

Classes redefined (0 events):
No events

Internal exceptions (20 events):
Event: 3.400 Thread 0x0000023d93f20bb0 Exception <a 'java/lang/ClassNotFoundException'{0x00000000a759ea78}: org/springframework/context/annotation/ConfigurationClassPostProcessorCustomizer> (0x00000000a759ea78) 
thrown [s\open\src\hotspot\share\classfile\systemDictionary.cpp, line 255]
Event: 3.407 Thread 0x0000023d93f20bb0 Exception <a 'java/lang/ClassNotFoundException'{0x00000000a73094e0}: org/springframework/beans/factory/support/BeanDefinitionRegistryPostProcessorCustomizer> (0x00000000a73094e0) 
thrown [s\open\src\hotspot\share\classfile\systemDictionary.cpp, line 255]
Event: 3.408 Thread 0x0000023d93f20bb0 Exception <a 'java/lang/ClassNotFoundException'{0x00000000a730df00}: org/springframework/beans/factory/config/BeanFactoryPostProcessorCustomizer> (0x00000000a730df00) 
thrown [s\open\src\hotspot\share\classfile\systemDictionary.cpp, line 255]
Event: 3.409 Thread 0x0000023d93f20bb0 Exception <a 'java/lang/ClassNotFoundException'{0x00000000a73126c8}: org/springframework/core/PriorityOrderedCustomizer> (0x00000000a73126c8) 
thrown [s\open\src\hotspot\share\classfile\systemDictionary.cpp, line 255]
Event: 3.411 Thread 0x0000023d93f20bb0 Exception <a 'java/lang/ClassNotFoundException'{0x00000000a7315ae8}: org/springframework/core/OrderedCustomizer> (0x00000000a7315ae8) 
thrown [s\open\src\hotspot\share\classfile\systemDictionary.cpp, line 255]
Event: 3.412 Thread 0x0000023d93f20bb0 Exception <a 'java/lang/ClassNotFoundException'{0x00000000a731a118}: org/springframework/context/ResourceLoaderAwareCustomizer> (0x00000000a731a118) 
thrown [s\open\src\hotspot\share\classfile\systemDictionary.cpp, line 255]
Event: 3.416 Thread 0x0000023d93f20bb0 Exception <a 'java/lang/ClassNotFoundException'{0x00000000a731e890}: org/springframework/beans/factory/AwareCustomizer> (0x00000000a731e890) 
thrown [s\open\src\hotspot\share\classfile\systemDictionary.cpp, line 255]
Event: 3.417 Thread 0x0000023d93f20bb0 Exception <a 'java/lang/ClassNotFoundException'{0x00000000a7322048}: org/springframework/context/ApplicationStartupAwareCustomizer> (0x00000000a7322048) 
thrown [s\open\src\hotspot\share\classfile\systemDictionary.cpp, line 255]
Event: 3.418 Thread 0x0000023d93f20bb0 Exception <a 'java/lang/ClassNotFoundException'{0x00000000a7326a48}: org/springframework/beans/factory/AwareCustomizer> (0x00000000a7326a48) 
thrown [s\open\src\hotspot\share\classfile\systemDictionary.cpp, line 255]
Event: 3.419 Thread 0x0000023d93f20bb0 Exception <a 'java/lang/ClassNotFoundException'{0x00000000a732a210}: org/springframework/beans/factory/BeanClassLoaderAwareCustomizer> (0x00000000a732a210) 
thrown [s\open\src\hotspot\share\classfile\systemDictionary.cpp, line 255]
Event: 3.420 Thread 0x0000023d93f20bb0 Exception <a 'java/lang/ClassNotFoundException'{0x00000000a732f808}: org/springframework/beans/factory/AwareCustomizer> (0x00000000a732f808) 
thrown [s\open\src\hotspot\share\classfile\systemDictionary.cpp, line 255]
Event: 3.421 Thread 0x0000023d93f20bb0 Exception <a 'java/lang/ClassNotFoundException'{0x00000000a7332d58}: org/springframework/context/EnvironmentAwareCustomizer> (0x00000000a7332d58) 
thrown [s\open\src\hotspot\share\classfile\systemDictionary.cpp, line 255]
Event: 3.422 Thread 0x0000023d93f20bb0 Exception <a 'java/lang/ClassNotFoundException'{0x00000000a7337450}: org/springframework/beans/factory/AwareCustomizer> (0x00000000a7337450) 
thrown [s\open\src\hotspot\share\classfile\systemDictionary.cpp, line 255]
Event: 3.483 Thread 0x0000023d93f20bb0 Exception <a 'java/lang/NoSuchMethodError'{0x00000000a7176d68}: 'java.lang.Object java.lang.invoke.DirectMethodHandle$Holder.invokeVirtual(java.lang.Object, java.lang.Object, java.lang.Object)'> (0x00000000a7176d68) 
thrown [s\open\src\hotspot\share\interpreter\linkResolver.cpp, line 774]
Event: 3.604 Thread 0x0000023d943c3920 Exception <a 'java/lang/NoSuchMethodError'{0x00000000a6e51240}: 'long java.lang.invoke.DirectMethodHandle$Holder.invokeSpecial(java.lang.Object, java.lang.Object)'> (0x00000000a6e51240) 
thrown [s\open\src\hotspot\share\interpreter\linkResolver.cpp, line 774]
Event: 3.610 Thread 0x0000023d943c3920 Exception <a 'java/lang/NoSuchMethodError'{0x00000000a6e5c530}: 'long java.lang.invoke.DirectMethodHandle$Holder.invokeStatic(java.lang.Object, java.lang.Object)'> (0x00000000a6e5c530) 
thrown [s\open\src\hotspot\share\interpreter\linkResolver.cpp, line 774]
Event: 3.610 Thread 0x0000023d943c3920 Exception <a 'java/lang/NoSuchMethodError'{0x00000000a6e5fb38}: 'long java.lang.invoke.DirectMethodHandle$Holder.invokeStaticInit(java.lang.Object, java.lang.Object)'> (0x00000000a6e5fb38) 
thrown [s\open\src\hotspot\share\interpreter\linkResolver.cpp, line 774]
Event: 3.645 Thread 0x0000023d943c3920 Exception <a 'java/lang/NoSuchMethodError'{0x00000000a6eeef70}: 'long java.lang.invoke.DirectMethodHandle$Holder.invokeInterface(java.lang.Object, java.lang.Object)'> (0x00000000a6eeef70) 
thrown [s\open\src\hotspot\share\interpreter\linkResolver.cpp, line 774]
Event: 3.645 Thread 0x0000023d943c3920 Exception <a 'java/lang/IncompatibleClassChangeError'{0x00000000a6ef2508}: Found class java.lang.Object, but interface was expected> (0x00000000a6ef2508) 
thrown [s\open\src\hotspot\share\interpreter\linkResolver.cpp, line 841]
Event: 3.684 Thread 0x0000023d943c3920 Exception <a 'java/lang/NoSuchMethodError'{0x00000000a6d4ec80}: 'java.lang.Object java.lang.invoke.DirectMethodHandle$Holder.invokeVirtual(java.lang.Object, java.lang.Object, java.lang.Object, java.lang.Object)'> (0x00000000a6d4ec80) 
thrown [s\open\src\hotspot\share\interpreter\linkResolver.cpp, line 774]

VM Operations (20 events):
Event: 1.455 Executing VM operation: HandshakeAllThreads
Event: 1.455 Executing VM operation: HandshakeAllThreads done
Event: 1.615 Executing VM operation: HandshakeAllThreads
Event: 1.615 Executing VM operation: HandshakeAllThreads done
Event: 2.195 Executing VM operation: HandshakeAllThreads
Event: 2.195 Executing VM operation: HandshakeAllThreads done
Event: 2.436 Executing VM operation: ICBufferFull
Event: 2.436 Executing VM operation: ICBufferFull done
Event: 2.610 Executing VM operation: HandshakeAllThreads
Event: 2.610 Executing VM operation: HandshakeAllThreads done
Event: 2.611 Executing VM operation: HandshakeAllThreads
Event: 2.611 Executing VM operation: HandshakeAllThreads done
Event: 3.226 Executing VM operation: G1CollectForAllocation
Event: 3.246 Executing VM operation: G1CollectForAllocation done
Event: 3.316 Executing VM operation: HandshakeAllThreads
Event: 3.316 Executing VM operation: HandshakeAllThreads done
Event: 3.389 Executing VM operation: HandshakeAllThreads
Event: 3.389 Executing VM operation: HandshakeAllThreads done
Event: 3.467 Executing VM operation: HandshakeAllThreads
Event: 3.467 Executing VM operation: HandshakeAllThreads done

Events (18 events):
Event: 0.037 Thread 0x0000023df2836310 Thread added: 0x0000023df2836310
Event: 0.064 Thread 0x0000023d8f154770 Thread added: 0x0000023d8f154770
Event: 0.064 Thread 0x0000023d8f155700 Thread added: 0x0000023d8f155700
Event: 0.065 Thread 0x0000023d8f157f60 Thread added: 0x0000023d8f157f60
Event: 0.065 Thread 0x0000023d8f15baf0 Thread added: 0x0000023d8f15baf0
Event: 0.065 Thread 0x0000023d8f15cbc0 Thread added: 0x0000023d8f15cbc0
Event: 0.065 Thread 0x0000023d8f15d770 Thread added: 0x0000023d8f15d770
Event: 0.065 Thread 0x0000023d8f15fba0 Thread added: 0x0000023d8f15fba0
Event: 0.066 Thread 0x0000023d8f160d30 Thread added: 0x0000023d8f160d30
Event: 0.075 Thread 0x0000023d8f1d0f50 Thread added: 0x0000023d8f1d0f50
Event: 0.180 Thread 0x0000023df28fde50 Thread added: 0x0000023df28fde50
Event: 0.423 Thread 0x0000023d93703370 Thread added: 0x0000023d93703370
Event: 0.424 Thread 0x0000023d937038b0 Thread added: 0x0000023d937038b0
Event: 1.443 Thread 0x0000023d93a41b30 Thread added: 0x0000023d93a41b30
Event: 1.459 Thread 0x0000023d93f20bb0 Thread added: 0x0000023d93f20bb0
Event: 2.525 Thread 0x0000023d943c3920 Thread added: 0x0000023d943c3920
Event: 3.695 Thread 0x0000023d943c3920 Thread exited: 0x0000023d943c3920
Event: 3.751 Thread 0x0000023d943c3920 Thread added: 0x0000023d943c3920


Dynamic libraries:
0x00007ff706620000 - 0x00007ff70662e000 	C:\Users\Utente-PC\.jdks\openjdk-19.0.2\bin\java.exe
0x00007ff83dc90000 - 0x00007ff83de88000 	C:\Windows\SYSTEM32\ntdll.dll
0x00007ff83d780000 - 0x00007ff83d83f000 	C:\Windows\System32\KERNEL32.DLL
0x00007ff83b3d0000 - 0x00007ff83b6aa000 	C:\Windows\System32\KERNELBASE.dll
0x00007ff83bb80000 - 0x00007ff83bc80000 	C:\Windows\System32\ucrtbase.dll
0x00007ff834a90000 - 0x00007ff834aa7000 	C:\Users\Utente-PC\.jdks\openjdk-19.0.2\bin\jli.dll
0x00007ff83d540000 - 0x00007ff83d6dd000 	C:\Windows\System32\USER32.dll
0x00007ff83bb50000 - 0x00007ff83bb72000 	C:\Windows\System32\win32u.dll
0x00007ff83d980000 - 0x00007ff83d9ab000 	C:\Windows\System32\GDI32.dll
0x00007ff83b9f0000 - 0x00007ff83bb00000 	C:\Windows\System32\gdi32full.dll
0x00007ff83b760000 - 0x00007ff83b7fd000 	C:\Windows\System32\msvcp_win.dll
0x00007ff834210000 - 0x00007ff83422b000 	C:\Users\Utente-PC\.jdks\openjdk-19.0.2\bin\VCRUNTIME140.dll
0x00007ff82ddb0000 - 0x00007ff82e04a000 	C:\Windows\WinSxS\amd64_microsoft.windows.common-controls_6595b64144ccf1df_6.0.19041.1110_none_60b5254171f9507e\COMCTL32.dll
0x00007ff83d6e0000 - 0x00007ff83d77e000 	C:\Windows\System32\msvcrt.dll
0x00007ff83dc20000 - 0x00007ff83dc50000 	C:\Windows\System32\IMM32.DLL
0x00007ff837280000 - 0x00007ff83728c000 	C:\Users\Utente-PC\.jdks\openjdk-19.0.2\bin\vcruntime140_1.dll
0x00007ff8340c0000 - 0x00007ff83414e000 	C:\Users\Utente-PC\.jdks\openjdk-19.0.2\bin\msvcp140.dll
0x00007ff808240000 - 0x00007ff808f00000 	C:\Users\Utente-PC\.jdks\openjdk-19.0.2\bin\server\jvm.dll
0x00007ff83cf20000 - 0x00007ff83cfce000 	C:\Windows\System32\ADVAPI32.dll
0x00007ff83d360000 - 0x00007ff83d3fc000 	C:\Windows\System32\sechost.dll
0x00007ff83cfe0000 - 0x00007ff83d106000 	C:\Windows\System32\RPCRT4.dll
0x00007ff834c70000 - 0x00007ff834c79000 	C:\Windows\SYSTEM32\WSOCK32.dll
0x00007ff83ce30000 - 0x00007ff83ce9b000 	C:\Windows\System32\WS2_32.dll
0x00007ff828590000 - 0x00007ff8285b7000 	C:\Windows\SYSTEM32\WINMM.dll
0x00007ff8259d0000 - 0x00007ff8259da000 	C:\Windows\SYSTEM32\VERSION.dll
0x00007ff839ef0000 - 0x00007ff839f02000 	C:\Windows\SYSTEM32\kernel.appcore.dll
0x00007ff836f70000 - 0x00007ff836f7a000 	C:\Users\Utente-PC\.jdks\openjdk-19.0.2\bin\jimage.dll
0x00007ff829510000 - 0x00007ff8296f4000 	C:\Windows\SYSTEM32\DBGHELP.DLL
0x00007ff8294a0000 - 0x00007ff8294d4000 	C:\Windows\SYSTEM32\dbgcore.DLL
0x00007ff83b800000 - 0x00007ff83b882000 	C:\Windows\System32\bcryptPrimitives.dll
0x00007ff834200000 - 0x00007ff83420e000 	C:\Users\Utente-PC\.jdks\openjdk-19.0.2\bin\instrument.dll
0x00007ff834090000 - 0x00007ff8340b6000 	C:\Users\Utente-PC\.jdks\openjdk-19.0.2\bin\java.dll
0x00007ff833b80000 - 0x00007ff833c57000 	C:\Users\Utente-PC\.jdks\openjdk-19.0.2\bin\jsvml.dll
0x00007ff83c5a0000 - 0x00007ff83cce4000 	C:\Windows\System32\SHELL32.dll
0x00007ff839370000 - 0x00007ff839b03000 	C:\Windows\SYSTEM32\windows.storage.dll
0x00007ff83bcf0000 - 0x00007ff83c044000 	C:\Windows\System32\combase.dll
0x00007ff83ad20000 - 0x00007ff83ad4e000 	C:\Windows\SYSTEM32\Wldp.dll
0x00007ff83d400000 - 0x00007ff83d4ad000 	C:\Windows\System32\SHCORE.dll
0x00007ff83dbc0000 - 0x00007ff83dc15000 	C:\Windows\System32\shlwapi.dll
0x00007ff83b2e0000 - 0x00007ff83b2ff000 	C:\Windows\SYSTEM32\profapi.dll
0x00007ff834070000 - 0x00007ff834088000 	C:\Users\Utente-PC\.jdks\openjdk-19.0.2\bin\zip.dll
0x00007ff834050000 - 0x00007ff834063000 	C:\Users\Utente-PC\.jdks\openjdk-19.0.2\bin\net.dll
0x00007ff82e090000 - 0x00007ff82e19a000 	C:\Windows\SYSTEM32\WINHTTP.dll
0x00007ff83aa80000 - 0x00007ff83aaea000 	C:\Windows\system32\mswsock.dll
0x00007ff834030000 - 0x00007ff834046000 	C:\Users\Utente-PC\.jdks\openjdk-19.0.2\bin\nio.dll
0x00007ff833e30000 - 0x00007ff833e4a000 	C:\Program Files\JetBrains\IntelliJ IDEA Community Edition 2022.2.1\bin\breakgen64.dll
0x00007ff8341c0000 - 0x00007ff8341c8000 	C:\Users\Utente-PC\.jdks\openjdk-19.0.2\bin\extnet.dll
0x00007ff833a70000 - 0x00007ff833a80000 	C:\Users\Utente-PC\.jdks\openjdk-19.0.2\bin\verify.dll
0x00007ff8339f0000 - 0x00007ff8339fa000 	C:\Users\Utente-PC\.jdks\openjdk-19.0.2\bin\management.dll
0x00007ff833650000 - 0x00007ff83365b000 	C:\Users\Utente-PC\.jdks\openjdk-19.0.2\bin\management_ext.dll
0x00007ff83d970000 - 0x00007ff83d978000 	C:\Windows\System32\PSAPI.DLL
0x00007ff827720000 - 0x00007ff827737000 	C:\Windows\system32\napinsp.dll
0x00007ff821440000 - 0x00007ff82145b000 	C:\Windows\system32\pnrpnsp.dll
0x00007ff82abd0000 - 0x00007ff82abe5000 	C:\Windows\system32\wshbth.dll
0x00007ff836c90000 - 0x00007ff836cad000 	C:\Windows\system32\NLAapi.dll
0x00007ff83a770000 - 0x00007ff83a7ac000 	C:\Windows\SYSTEM32\IPHLPAPI.DLL
0x00007ff83a7b0000 - 0x00007ff83a87b000 	C:\Windows\SYSTEM32\DNSAPI.dll
0x00007ff83d4d0000 - 0x00007ff83d4d8000 	C:\Windows\System32\NSI.dll
0x00007ff821420000 - 0x00007ff821432000 	C:\Windows\System32\winrnr.dll
0x00007ff82bea0000 - 0x00007ff82beaa000 	C:\Windows\System32\rasadhlp.dll
0x00007ff82c120000 - 0x00007ff82c1a0000 	C:\Windows\System32\fwpuclnt.dll
0x00007ff83b3a0000 - 0x00007ff83b3c7000 	C:\Windows\System32\bcrypt.dll

dbghelp: loaded successfully - version: 4.0.5 - missing functions: none
symbol engine: initialized successfully - sym options: 0x614 - pdb path: .;C:\Users\Utente-PC\.jdks\openjdk-19.0.2\bin;C:\Windows\SYSTEM32;C:\Windows\WinSxS\amd64_microsoft.windows.common-controls_6595b64144ccf1df_6.0.19041.1110_none_60b5254171f9507e;C:\Users\Utente-PC\.jdks\openjdk-19.0.2\bin\server;C:\Program Files\JetBrains\IntelliJ IDEA Community Edition 2022.2.1\bin

VM Arguments:
jvm_args: -javaagent:C:\Program Files\JetBrains\IntelliJ IDEA Community Edition 2022.2.1\lib\idea_rt.jar=50517:C:\Program Files\JetBrains\IntelliJ IDEA Community Edition 2022.2.1\bin -Dfile.encoding=UTF-8 -Dsun.stdout.encoding=UTF-8 -Dsun.stderr.encoding=UTF-8 
java_command: co.develhope.crud.CrudApplication
java_class_path (initial): C:\Users\Utente-PC\Documents\Develhope\Crud\crud\target\classes;C:\Users\Utente-PC\.m2\repository\org\springframework\boot\spring-boot-starter-data-jpa\2.6.6\spring-boot-starter-data-jpa-2.6.6.jar;C:\Users\Utente-PC\.m2\repository\org\springframework\boot\spring-boot-starter-aop\2.6.6\spring-boot-starter-aop-2.6.6.jar;C:\Users\Utente-PC\.m2\repository\org\springframework\spring-aop\5.3.18\spring-aop-5.3.18.jar;C:\Users\Utente-PC\.m2\repository\org\aspectj\aspectjweaver\1.9.7\aspectjweaver-1.9.7.jar;C:\Users\Utente-PC\.m2\repository\org\springframework\boot\spring-boot-starter-jdbc\2.6.6\spring-boot-starter-jdbc-2.6.6.jar;C:\Users\Utente-PC\.m2\repository\com\zaxxer\HikariCP\4.0.3\HikariCP-4.0.3.jar;C:\Users\Utente-PC\.m2\repository\org\springframework\spring-jdbc\5.3.18\spring-jdbc-5.3.18.jar;C:\Users\Utente-PC\.m2\repository\jakarta\transaction\jakarta.transaction-api\1.3.3\jakarta.transaction-api-1.3.3.jar;C:\Users\Utente-PC\.m2\repository\jakarta\persistence\jakarta.persistence-api\2.2.3\jakarta.persistence-api-2.2.3.jar;C:\Users\Utente-PC\.m2\repository\org\hibernate\hibernate-core\5.6.7.Final\hibernate-core-5.6.7.Final.jar;C:\Users\Utente-PC\.m2\repository\org\jboss\logging\jboss-logging\3.4.3.Final\jboss-logging-3.4.3.Final.jar;C:\Users\Utente-PC\.m2\repository\net\bytebuddy\byte-buddy\1.11.22\byte-buddy-1.11.22.jar;C:\Users\Utente-PC\.m2\repository\antlr\antlr\2.7.7\antlr-2.7.7.jar;C:\Users\Utente-PC\.m2\repository\org\jboss\jandex\2.4.2.Final\jandex-2.4.2.Final.jar;C:\Users\Utente-PC\.m2\repository\com\fasterxml\classmate\1.5.1\classmate-1.5.1.jar;C:\Users\Utente-PC\.m2\repository\org\hibernate\common\hibernate-commons-annotations\5.1.2.Final\hibernate-commons-annotations-5.1.2.Final.jar;C:\Users\Utente-PC\.m2\repository\org\glassfish\jaxb\jaxb-runtime\2.3.6\jaxb-runtime-2.3.6.jar;C:\Users\Utente-PC\.m2\repository\org\glassfish\jaxb\txw2\2.3.6\txw2-2.3.6.jar;C:\Users\Utente-PC\.m2\repository\com\sun\istack\istack-commons-runtime\3.0.12\istack-commons-runtime-3.0.12.jar;C:\Users\Utente-PC\.m2\repository\com\sun\activation\jakarta.activation\1.2.2\jakarta.activation-1.2.2.jar;C:\Users\Utente-PC\.m2\repository\org\springframework\data\spring-data-jpa\2.6.3\spring-data-jpa-2.6.3.jar;C:\Users\Utente-PC\.m2\repository\org\springframework\data\spring-data-commons\2.6.3\spring-data-commons-2.6.3.jar;C:\Users\Utente-PC\.m2\repository\org\springframework\spring-orm\5.3.18\spring-orm-5.3.18.jar;C:\Users\Utente-PC\.m2\repository\org\springframework\spring-context\5.3.18\spring-context-5.3.18.jar;C:\Users\Utente-PC\.m2\repository\org\springframework\spring-tx\5.3.18\spring-tx-5.3.18.jar;C:\Users\Utente-PC\.m2\repository\org\springframework\spring-beans\5.3.18\spring-beans-5.3.18.jar;C:\Users\Utente-PC\.m2\repository\org\slf4j\slf4j-api\1.7.36\slf4j-api-1.7.36.jar;C:\Users\Utente-PC\.m2\repository\org\springframework\spring-aspects\5.3.18\spring-aspects-5.3.18.jar;C:\Users\Utente-PC\.m2\repository\org\springframework\boot\spring-boot-starter-web\2.6.6\spring-boot-starter-web-2.6.6.jar;C:\Users\Utente-PC\.m2\repository\org\springframework\boot\spring-boot-starter\2.6.6\spring-boot-starter-2.6.6.jar;C:\Users\Utente-PC\.m2\repository\org\springframework\boot\spring-boot-starter-logging\2.6.6\spring-boot-starter-logging-2.6.6.jar;C:\Users\Utente-PC\.m2\repository\ch\qos\logback\logback-classic\1.2.11\logback-classic-1.2.11.jar;C:\Users\Utente-PC\.m2\repository\ch\qos\logback\logback-core\1.2.11\logback-core-1.2.11.jar;C:\Users\Utente-PC\.m2\repository\org\apache\logging\log4j\log4j-to-slf4j\2.17.2\log4j-to-slf4j-2.17.2.jar;C:\Users\Utente-PC\.m2\repository\org\apache\logging\log4j\log4j-api\2.17.2\log4j-api-2.17.2.jar;C:\Users\Utente-PC\.m2\repository\org\slf4j\jul-to-slf4j\1.7.36\jul-to-slf4j-1.7.36.jar;C:\Users\Utente-PC\.m2\repository\jakarta\annotation\jakarta.annotation-api\1.3.5\jakarta.annotation-api-1.3.5.jar;C:\Users\Utente-PC\.m2\repository\org\yaml\snakeyaml\1.29\snakeyaml-1.29.jar;C:\Users\Utente-PC\.m2\repository\org\springframework\boot\spring-boot-starter-json\2.6.6\spring-boot-starter-json-2.6.6.jar;C:\Users\Utente-PC\.m2\repository\com\fasterxml\jackson\core\jackson-databind\2.13.2.2\jackson-databind-2.13.2.2.jar;C:\Users\Utente-PC\.m2\repository\com\fasterxml\jackson\core\jackson-annotations\2.13.2\jackson-annotations-2.13.2.jar;C:\Users\Utente-PC\.m2\repository\com\fasterxml\jackson\core\jackson-core\2.13.2\jackson-core-2.13.2.jar;C:\Users\Utente-PC\.m2\repository\com\fasterxml\jackson\datatype\jackson-datatype-jdk8\2.13.2\jackson-datatype-jdk8-2.13.2.jar;C:\Users\Utente-PC\.m2\repository\com\fasterxml\jackson\datatype\jackson-datatype-jsr310\2.13.2\jackson-datatype-jsr310-2.13.2.jar;C:\Users\Utente-PC\.m2\repository\com\fasterxml\jackson\module\jackson-module-parameter-names\2.13.2\jackson-module-parameter-names-2.13.2.jar;C:\Users\Utente-PC\.m2\repository\org\springframework\boot\spring-boot-starter-tomcat\2.6.6\spring-boot-starter-tomcat-2.6.6.jar;C:\Users\Utente-PC\.m2\repository\org\apache\tomcat\embed\tomcat-embed-core\9.0.60\tomcat-embed-core-9.0.60.jar;C:\Users\Utente-PC\.m2\repository\org\apache\tomcat\embed\tomcat-embed-el\9.0.60\tomcat-embed-el-9.0.60.jar;C:\Users\Utente-PC\.m2\repository\org\apache\tomcat\embed\tomcat-embed-websocket\9.0.60\tomcat-embed-websocket-9.0.60.jar;C:\Users\Utente-PC\.m2\repository\org\springframework\spring-web\5.3.18\spring-web-5.3.18.jar;C:\Users\Utente-PC\.m2\repository\org\springframework\spring-webmvc\5.3.18\spring-webmvc-5.3.18.jar;C:\Users\Utente-PC\.m2\repository\org\springframework\spring-expression\5.3.18\spring-expression-5.3.18.jar;C:\Users\Utente-PC\.m2\repository\org\springframework\boot\spring-boot-devtools\2.6.6\spring-boot-devtools-2.6.6.jar;C:\Users\Utente-PC\.m2\repository\org\springframework\boot\spring-boot\2.6.6\spring-boot-2.6.6.jar;C:\Users\Utente-PC\.m2\repository\org\springframework\boot\spring-boot-autoconfigure\2.6.6\spring-boot-autoconfigure-2.6.6.jar;C:\Users\Utente-PC\.m2\repository\mysql\mysql-connector-java\8.0.28\mysql-connector-java-8.0.28.jar;C:\Users\Utente-PC\.m2\repository\org\projectlombok\lombok\1.18.22\lombok-1.18.22.jar;C:\Users\Utente-PC\.m2\repository\jakarta\xml\bind\jakarta.xml.bind-api\2.3.3\jakarta.xml.bind-api-2.3.3.jar;C:\Users\Utente-PC\.m2\repository\jakarta\activation\jakarta.activation-api\1.2.2\jakarta.activation-api-1.2.2.jar;C:\Users\Utente-PC\.m2\repository\org\springframework\spring-core\5.3.18\spring-core-5.3.18.jar;C:\Users\Utente-PC\.m2\repository\org\springframework\spring-jcl\5.3.18\spring-jcl-5.3.18.jar
Launcher Type: SUN_STANDARD

[Global flags]
     intx CICompilerCount                          = 2                                         {product} {ergonomic}
     uint ConcGCThreads                            = 1                                         {product} {ergonomic}
     uint G1ConcRefinementThreads                  = 2                                         {product} {ergonomic}
   size_t G1HeapRegionSize                         = 1048576                                   {product} {ergonomic}
    uintx GCDrainStackTargetSize                   = 64                                        {product} {ergonomic}
   size_t InitialHeapSize                          = 100663296                                 {product} {ergonomic}
   size_t MarkStackSize                            = 4194304                                   {product} {ergonomic}
   size_t MaxHeapSize                              = 1583349760                                {product} {ergonomic}
   size_t MaxNewSize                               = 950009856                                 {product} {ergonomic}
   size_t MinHeapDeltaBytes                        = 1048576                                   {product} {ergonomic}
   size_t MinHeapSize                              = 8388608                                   {product} {ergonomic}
    uintx NonNMethodCodeHeapSize                   = 5826188                                {pd product} {ergonomic}
    uintx NonProfiledCodeHeapSize                  = 122916026                              {pd product} {ergonomic}
    uintx ProfiledCodeHeapSize                     = 122916026                              {pd product} {ergonomic}
    uintx ReservedCodeCacheSize                    = 251658240                              {pd product} {ergonomic}
     bool SegmentedCodeCache                       = true                                      {product} {ergonomic}
   size_t SoftMaxHeapSize                          = 1583349760                             {manageable} {ergonomic}
     bool UseCompressedClassPointers               = true                           {product lp64_product} {ergonomic}
     bool UseCompressedOops                        = true                           {product lp64_product} {ergonomic}
     bool UseG1GC                                  = true                                      {product} {ergonomic}
     bool UseLargePagesIndividualAllocation        = false                                  {pd product} {ergonomic}

Logging:
Log output configuration:
 #0: stdout all=warning uptime,level,tags foldmultilines=false
 #1: stderr all=off uptime,level,tags foldmultilines=false

Environment Variables:
PATH=C:\Program Files\Common Files\Oracle\Java\javapath;C:\Program Files (x86)\NVIDIA Corporation\PhysX\Common;C:\Windows\system32;C:\Windows;C:\Windows\System32\Wbem;C:\Windows\System32\WindowsPowerShell\v1.0\;C:\Program Files\nodejs\;C:\Program Files\Git\cmd;C:\Program Files\MySQL\MySQL Shell 8.0\bin\;C:\Users\Utente-PC\AppData\Local\Microsoft\WindowsApps;;C:\Users\Utente-PC\AppData\Local\Programs\Microsoft VS Code\bin;C:\Users\Utente-PC\AppData\Roaming\npm
USERNAME=Utente-PC
OS=Windows_NT
PROCESSOR_IDENTIFIER=Intel64 Family 6 Model 42 Stepping 7, GenuineIntel
TMP=C:\Users\UTENTE~1\AppData\Local\Temp
TEMP=C:\Users\UTENTE~1\AppData\Local\Temp



---------------  S Y S T E M  ---------------

OS:
 Windows 10 , 64 bit Build 19041 (10.0.19041.2788)
OS uptime: 0 days 4:59 hours

CPU: total 2 (initial active 2) (2 cores per cpu, 1 threads per core) family 6 model 42 stepping 7 microcode 0x2f, cx8, cmov, fxsr, mmx, sse, sse2, sse3, ssse3, sse4.1, sse4.2, popcnt, tsc, tscinvbit, clmul, clflush, rdtscp

Memory: 4k page, system-wide physical 6033M (658M free)
TotalPageFile size 6033M (AvailPageFile size 5M)
current process WorkingSet (physical memory assigned to process): 113M, peak: 113M
current process commit charge ("private bytes"): 200M, peak: 200M

vm_info: OpenJDK 64-Bit Server VM (19.0.2+7-44) for windows-amd64 JRE (19.0.2+7-44), built on 2022-11-30T18:02:09Z by "mach5one" with MS VC++ 17.1 (VS2022)

END.
