#
# There is insufficient memory for the Java Runtime Environment to continue.
# Native memory allocation (malloc) failed to allocate 699136 bytes for Chunk::new
# Possible reasons:
#   The system is out of physical RAM or swap space
#   The process is running with CompressedOops enabled, and the Java Heap may be blocking the growth of the native heap
# Possible solutions:
#   Reduce memory load on the system
#   Increase physical memory or swap space
#   Check if swap backing store is full
#   Decrease Java heap size (-Xmx/-Xms)
#   Decrease number of Java threads
#   Decrease Java thread stack sizes (-Xss)
#   Set larger code cache with -XX:ReservedCodeCacheSize=
#   JVM is running with Unscaled Compressed Oops mode in which the Java heap is
#     placed in the first 4GB address space. The Java Heap base address is the
#     maximum limit for the native heap growth. Please use -XX:HeapBaseMinAddress
#     to set the Java Heap base and to place the Java Heap above 4GB virtual address.
# This output file may be truncated or incomplete.
#
#  Out of Memory Error (arena.cpp:184), pid=464, tid=6212
#
# JRE version: OpenJDK Runtime Environment (19.0.2+7) (build 19.0.2+7-44)
# Java VM: OpenJDK 64-Bit Server VM (19.0.2+7-44, mixed mode, sharing, tiered, compressed oops, compressed class ptrs, g1 gc, windows-amd64)
# No core dump will be written. Minidumps are not enabled by default on client versions of Windows
#

---------------  S U M M A R Y ------------

Command Line: -javaagent:C:\Program Files\JetBrains\IntelliJ IDEA Community Edition 2022.2.1\lib\idea_rt.jar=50514:C:\Program Files\JetBrains\IntelliJ IDEA Community Edition 2022.2.1\bin -Dfile.encoding=UTF-8 -Dsun.stdout.encoding=UTF-8 -Dsun.stderr.encoding=UTF-8 co.develhope.crud.CrudApplication

Host: Intel(R) Celeron(R) CPU B830 @ 1.80GHz, 2 cores, 5G,  Windows 10 , 64 bit Build 19041 (10.0.19041.2788)
Time: Fri Apr 28 19:55:36 2023 ora legale Europa occidentale elapsed time: 4.422090 seconds (0d 0h 0m 4s)

---------------  T H R E A D  ---------------

Current thread (0x000002b62a62e260):  JavaThread "C2 CompilerThread0" daemon [_thread_in_native, id=6212, stack(0x000000d7e2900000,0x000000d7e2a00000)]


Current CompileTask:
C2:   4422 2085   !   4       java.net.URL::<init> (543 bytes)

Stack: [0x000000d7e2900000,0x000000d7e2a00000]
Native frames: (J=compiled Java code, j=interpreted, Vv=VM code, C=native code)
V  [jvm.dll+0x6ee21a]
V  [jvm.dll+0x85765e]
V  [jvm.dll+0x85904e]
V  [jvm.dll+0x859703]
V  [jvm.dll+0x28298f]
V  [jvm.dll+0xc9adf]
V  [jvm.dll+0xc9e65]
V  [jvm.dll+0x2f7caf]
V  [jvm.dll+0x5f076b]
V  [jvm.dll+0x25590c]
V  [jvm.dll+0x24e1a7]
V  [jvm.dll+0x24b673]
V  [jvm.dll+0x1d6ce1]
V  [jvm.dll+0x25b25a]
V  [jvm.dll+0x2596e8]
V  [jvm.dll+0x807588]
V  [jvm.dll+0x80125a]
V  [jvm.dll+0x6ecf0b]
C  [ucrtbase.dll+0x21bb2]
C  [KERNEL32.DLL+0x17604]
C  [ntdll.dll+0x526a1]


---------------  P R O C E S S  ---------------

Threads class SMR info:
_java_thread_list=0x000002b62f7c7430, length=16, elements={
0x000002b60bed6310, 0x000002b62a624770, 0x000002b62a625700, 0x000002b62a627540,
0x000002b62a62af90, 0x000002b62a62b8c0, 0x000002b62a62c1f0, 0x000002b62a62e260,
0x000002b62a630560, 0x000002b62a6ab560, 0x000002b62e868bb0, 0x000002b62ec090d0,
0x000002b62ec09610, 0x000002b62f0b1280, 0x000002b62f23e1a0, 0x000002b62f9cd5b0
}

Java Threads: ( => current thread )
  0x000002b60bed6310 JavaThread "main" [_thread_blocked, id=6712, stack(0x000000d7e1b00000,0x000000d7e1c00000)]
  0x000002b62a624770 JavaThread "Reference Handler" daemon [_thread_blocked, id=7364, stack(0x000000d7e2300000,0x000000d7e2400000)]
  0x000002b62a625700 JavaThread "Finalizer" daemon [_thread_blocked, id=2364, stack(0x000000d7e2400000,0x000000d7e2500000)]
  0x000002b62a627540 JavaThread "Signal Dispatcher" daemon [_thread_blocked, id=7456, stack(0x000000d7e2500000,0x000000d7e2600000)]
  0x000002b62a62af90 JavaThread "Attach Listener" daemon [_thread_blocked, id=5908, stack(0x000000d7e2600000,0x000000d7e2700000)]
  0x000002b62a62b8c0 JavaThread "Service Thread" daemon [_thread_blocked, id=5236, stack(0x000000d7e2700000,0x000000d7e2800000)]
  0x000002b62a62c1f0 JavaThread "Monitor Deflation Thread" daemon [_thread_blocked, id=3340, stack(0x000000d7e2800000,0x000000d7e2900000)]
=>0x000002b62a62e260 JavaThread "C2 CompilerThread0" daemon [_thread_in_native, id=6212, stack(0x000000d7e2900000,0x000000d7e2a00000)]
  0x000002b62a630560 JavaThread "C1 CompilerThread0" daemon [_thread_blocked, id=228, stack(0x000000d7e2a00000,0x000000d7e2b00000)]
  0x000002b62a6ab560 JavaThread "Sweeper thread" daemon [_thread_blocked, id=6384, stack(0x000000d7e2b00000,0x000000d7e2c00000)]
  0x000002b62e868bb0 JavaThread "Common-Cleaner" daemon [_thread_blocked, id=4520, stack(0x000000d7e2c00000,0x000000d7e2d00000)]
  0x000002b62ec090d0 JavaThread "Monitor Ctrl-Break" daemon [_thread_in_native, id=4172, stack(0x000000d7e2d00000,0x000000d7e2e00000)]
  0x000002b62ec09610 JavaThread "Notification Thread" daemon [_thread_blocked, id=1016, stack(0x000000d7e2e00000,0x000000d7e2f00000)]
  0x000002b62f0b1280 JavaThread "Thread-0" [_thread_blocked, id=6788, stack(0x000000d7e3100000,0x000000d7e3200000)]
  0x000002b62f23e1a0 JavaThread "restartedMain" [_thread_blocked, id=4708, stack(0x000000d7e3200000,0x000000d7e3300000)]
  0x000002b62f9cd5b0 JavaThread "Thread-3" [_thread_in_vm, id=1752, stack(0x000000d7e3300000,0x000000d7e3400000)]

Other Threads:
  0x000002b62a609f50 VMThread "VM Thread" [stack: 0x000000d7e2200000,0x000000d7e2300000] [id=3892]
  0x000002b60bed7240 WatcherThread "VM Periodic Task Thread" [stack: 0x000000d7e2f00000,0x000000d7e3000000] [id=4796]
  0x000002b60bf23cb0 WorkerThread "GC Thread#0" [stack: 0x000000d7e1d00000,0x000000d7e1e00000] [id=7840]
  0x000002b62ebfe360 WorkerThread "GC Thread#1" [stack: 0x000000d7e3000000,0x000000d7e3100000] [id=6996]
  0x000002b60bf32800 ConcurrentGCThread "G1 Main Marker" [stack: 0x000000d7e1e00000,0x000000d7e1f00000] [id=6036]
  0x000002b60bf332e0 WorkerThread "G1 Conc#0" [stack: 0x000000d7e1f00000,0x000000d7e2000000] [id=4932]
  0x000002b60bf93fb0 ConcurrentGCThread "G1 Refine#0" [stack: 0x000000d7e2000000,0x000000d7e2100000] [id=5736]
  0x000002b60bf94ba0 ConcurrentGCThread "G1 Service" [stack: 0x000000d7e2100000,0x000000d7e2200000] [id=5012]

Threads with active compile tasks:
C2 CompilerThread0     4471 2085   !   4       java.net.URL::<init> (543 bytes)

VM state: not at safepoint (normal execution)

VM Mutex/Monitor currently owned by a thread:  ([mutex/lock_event])
[0x000002b60bd5f790] Metaspace_lock - owner thread: 0x0000000000000000

Heap address: 0x00000000a1a00000, size: 1510 MB, Compressed Oops mode: 32-bit

CDS archive(s) mapped at: [0x0000000800000000-0x0000000800c40000-0x0000000800c40000), size 12845056, SharedBaseAddress: 0x0000000800000000, ArchiveRelocationMode: 0.
Compressed class space mapped at: 0x0000000801000000-0x0000000841000000, reserved size: 1073741824
Narrow klass base: 0x0000000800000000, Narrow klass shift: 0, Narrow klass range: 0x100000000

GC Precious Log:
 CardTable entry size: 512
 Card Set container configuration: InlinePtr #cards 5 size 8 Array Of Cards #cards 12 size 40 Howl #buckets 4 coarsen threshold 1843 Howl Bitmap #cards 512 size 80 coarsen threshold 460 Card regions per heap region 1 cards per card region 2048
 CPUs: 2 total, 2 available
 Memory: 6033M
 Large Page Support: Disabled
 NUMA Support: Disabled
 Compressed Oops: Enabled (32-bit)
 Heap Region Size: 1M
 Heap Min Capacity: 8M
 Heap Initial Capacity: 96M
 Heap Max Capacity: 1510M
 Pre-touch: Disabled
 Parallel Workers: 2
 Concurrent Workers: 1
 Concurrent Refinement Workers: 2
 Periodic GC: Disabled

Heap:
 garbage-first heap   total 98304K, used 24351K [0x00000000a1a00000, 0x0000000100000000)
  region size 1024K, 20 young (20480K), 4 survivors (4096K)
 Metaspace       used 16491K, committed 16768K, reserved 1114112K
  class space    used 1957K, committed 2048K, reserved 1048576K

Heap Regions: E=young(eden), S=young(survivor), O=old, HS=humongous(starts), HC=humongous(continues), CS=collection set, F=free, OA=open archive, CA=closed archive, TAMS=top-at-mark-start (previous, next)
|   0|0x00000000a1a00000, 0x00000000a1b00000, 0x00000000a1b00000|100%|HS|  |TAMS 0x00000000a1a00000, 0x00000000a1a00000| Complete 
|   1|0x00000000a1b00000, 0x00000000a1c00000, 0x00000000a1c00000|100%| O|  |TAMS 0x00000000a1b00000, 0x00000000a1b00000| Untracked 
|   2|0x00000000a1c00000, 0x00000000a1d00000, 0x00000000a1d00000|100%| O|  |TAMS 0x00000000a1c00000, 0x00000000a1c00000| Untracked 
|   3|0x00000000a1d00000, 0x00000000a1e00000, 0x00000000a1e00000|100%| O|  |TAMS 0x00000000a1d00000, 0x00000000a1d00000| Untracked 
|   4|0x00000000a1e00000, 0x00000000a1f00000, 0x00000000a1f00000|100%| O|  |TAMS 0x00000000a1e00000, 0x00000000a1e00000| Untracked 
|   5|0x00000000a1f00000, 0x00000000a1f09e00, 0x00000000a2000000|  3%| O|  |TAMS 0x00000000a1f00000, 0x00000000a1f00000| Untracked 
|   6|0x00000000a2000000, 0x00000000a2000000, 0x00000000a2100000|  0%| F|  |TAMS 0x00000000a2000000, 0x00000000a2000000| Untracked 
|   7|0x00000000a2100000, 0x00000000a2100000, 0x00000000a2200000|  0%| F|  |TAMS 0x00000000a2100000, 0x00000000a2100000| Untracked 
|   8|0x00000000a2200000, 0x00000000a2200000, 0x00000000a2300000|  0%| F|  |TAMS 0x00000000a2200000, 0x00000000a2200000| Untracked 
|   9|0x00000000a2300000, 0x00000000a2300000, 0x00000000a2400000|  0%| F|  |TAMS 0x00000000a2300000, 0x00000000a2300000| Untracked 
|  10|0x00000000a2400000, 0x00000000a2400000, 0x00000000a2500000|  0%| F|  |TAMS 0x00000000a2400000, 0x00000000a2400000| Untracked 
|  11|0x00000000a2500000, 0x00000000a2500000, 0x00000000a2600000|  0%| F|  |TAMS 0x00000000a2500000, 0x00000000a2500000| Untracked 
|  12|0x00000000a2600000, 0x00000000a2600000, 0x00000000a2700000|  0%| F|  |TAMS 0x00000000a2600000, 0x00000000a2600000| Untracked 
|  13|0x00000000a2700000, 0x00000000a2700000, 0x00000000a2800000|  0%| F|  |TAMS 0x00000000a2700000, 0x00000000a2700000| Untracked 
|  14|0x00000000a2800000, 0x00000000a2800000, 0x00000000a2900000|  0%| F|  |TAMS 0x00000000a2800000, 0x00000000a2800000| Untracked 
|  15|0x00000000a2900000, 0x00000000a2900000, 0x00000000a2a00000|  0%| F|  |TAMS 0x00000000a2900000, 0x00000000a2900000| Untracked 
|  16|0x00000000a2a00000, 0x00000000a2a00000, 0x00000000a2b00000|  0%| F|  |TAMS 0x00000000a2a00000, 0x00000000a2a00000| Untracked 
|  17|0x00000000a2b00000, 0x00000000a2b00000, 0x00000000a2c00000|  0%| F|  |TAMS 0x00000000a2b00000, 0x00000000a2b00000| Untracked 
|  18|0x00000000a2c00000, 0x00000000a2c00000, 0x00000000a2d00000|  0%| F|  |TAMS 0x00000000a2c00000, 0x00000000a2c00000| Untracked 
|  19|0x00000000a2d00000, 0x00000000a2d00000, 0x00000000a2e00000|  0%| F|  |TAMS 0x00000000a2d00000, 0x00000000a2d00000| Untracked 
|  20|0x00000000a2e00000, 0x00000000a2e00000, 0x00000000a2f00000|  0%| F|  |TAMS 0x00000000a2e00000, 0x00000000a2e00000| Untracked 
|  21|0x00000000a2f00000, 0x00000000a2f00000, 0x00000000a3000000|  0%| F|  |TAMS 0x00000000a2f00000, 0x00000000a2f00000| Untracked 
|  22|0x00000000a3000000, 0x00000000a3000000, 0x00000000a3100000|  0%| F|  |TAMS 0x00000000a3000000, 0x00000000a3000000| Untracked 
|  23|0x00000000a3100000, 0x00000000a3100000, 0x00000000a3200000|  0%| F|  |TAMS 0x00000000a3100000, 0x00000000a3100000| Untracked 
|  24|0x00000000a3200000, 0x00000000a3200000, 0x00000000a3300000|  0%| F|  |TAMS 0x00000000a3200000, 0x00000000a3200000| Untracked 
|  25|0x00000000a3300000, 0x00000000a3300000, 0x00000000a3400000|  0%| F|  |TAMS 0x00000000a3300000, 0x00000000a3300000| Untracked 
|  26|0x00000000a3400000, 0x00000000a3400000, 0x00000000a3500000|  0%| F|  |TAMS 0x00000000a3400000, 0x00000000a3400000| Untracked 
|  27|0x00000000a3500000, 0x00000000a3500000, 0x00000000a3600000|  0%| F|  |TAMS 0x00000000a3500000, 0x00000000a3500000| Untracked 
|  28|0x00000000a3600000, 0x00000000a3600000, 0x00000000a3700000|  0%| F|  |TAMS 0x00000000a3600000, 0x00000000a3600000| Untracked 
|  29|0x00000000a3700000, 0x00000000a3700000, 0x00000000a3800000|  0%| F|  |TAMS 0x00000000a3700000, 0x00000000a3700000| Untracked 
|  30|0x00000000a3800000, 0x00000000a3800000, 0x00000000a3900000|  0%| F|  |TAMS 0x00000000a3800000, 0x00000000a3800000| Untracked 
|  31|0x00000000a3900000, 0x00000000a3900000, 0x00000000a3a00000|  0%| F|  |TAMS 0x00000000a3900000, 0x00000000a3900000| Untracked 
|  32|0x00000000a3a00000, 0x00000000a3a00000, 0x00000000a3b00000|  0%| F|  |TAMS 0x00000000a3a00000, 0x00000000a3a00000| Untracked 
|  33|0x00000000a3b00000, 0x00000000a3b00000, 0x00000000a3c00000|  0%| F|  |TAMS 0x00000000a3b00000, 0x00000000a3b00000| Untracked 
|  34|0x00000000a3c00000, 0x00000000a3c00000, 0x00000000a3d00000|  0%| F|  |TAMS 0x00000000a3c00000, 0x00000000a3c00000| Untracked 
|  35|0x00000000a3d00000, 0x00000000a3d00000, 0x00000000a3e00000|  0%| F|  |TAMS 0x00000000a3d00000, 0x00000000a3d00000| Untracked 
|  36|0x00000000a3e00000, 0x00000000a3e00000, 0x00000000a3f00000|  0%| F|  |TAMS 0x00000000a3e00000, 0x00000000a3e00000| Untracked 
|  37|0x00000000a3f00000, 0x00000000a3f00000, 0x00000000a4000000|  0%| F|  |TAMS 0x00000000a3f00000, 0x00000000a3f00000| Untracked 
|  38|0x00000000a4000000, 0x00000000a4000000, 0x00000000a4100000|  0%| F|  |TAMS 0x00000000a4000000, 0x00000000a4000000| Untracked 
|  39|0x00000000a4100000, 0x00000000a4100000, 0x00000000a4200000|  0%| F|  |TAMS 0x00000000a4100000, 0x00000000a4100000| Untracked 
|  40|0x00000000a4200000, 0x00000000a4200000, 0x00000000a4300000|  0%| F|  |TAMS 0x00000000a4200000, 0x00000000a4200000| Untracked 
|  41|0x00000000a4300000, 0x00000000a4300000, 0x00000000a4400000|  0%| F|  |TAMS 0x00000000a4300000, 0x00000000a4300000| Untracked 
|  42|0x00000000a4400000, 0x00000000a4400000, 0x00000000a4500000|  0%| F|  |TAMS 0x00000000a4400000, 0x00000000a4400000| Untracked 
|  43|0x00000000a4500000, 0x00000000a4500000, 0x00000000a4600000|  0%| F|  |TAMS 0x00000000a4500000, 0x00000000a4500000| Untracked 
|  44|0x00000000a4600000, 0x00000000a4600000, 0x00000000a4700000|  0%| F|  |TAMS 0x00000000a4600000, 0x00000000a4600000| Untracked 
|  45|0x00000000a4700000, 0x00000000a4700000, 0x00000000a4800000|  0%| F|  |TAMS 0x00000000a4700000, 0x00000000a4700000| Untracked 
|  46|0x00000000a4800000, 0x00000000a4800000, 0x00000000a4900000|  0%| F|  |TAMS 0x00000000a4800000, 0x00000000a4800000| Untracked 
|  47|0x00000000a4900000, 0x00000000a4900000, 0x00000000a4a00000|  0%| F|  |TAMS 0x00000000a4900000, 0x00000000a4900000| Untracked 
|  48|0x00000000a4a00000, 0x00000000a4a00000, 0x00000000a4b00000|  0%| F|  |TAMS 0x00000000a4a00000, 0x00000000a4a00000| Untracked 
|  49|0x00000000a4b00000, 0x00000000a4b00000, 0x00000000a4c00000|  0%| F|  |TAMS 0x00000000a4b00000, 0x00000000a4b00000| Untracked 
|  50|0x00000000a4c00000, 0x00000000a4c00000, 0x00000000a4d00000|  0%| F|  |TAMS 0x00000000a4c00000, 0x00000000a4c00000| Untracked 
|  51|0x00000000a4d00000, 0x00000000a4d00000, 0x00000000a4e00000|  0%| F|  |TAMS 0x00000000a4d00000, 0x00000000a4d00000| Untracked 
|  52|0x00000000a4e00000, 0x00000000a4e00000, 0x00000000a4f00000|  0%| F|  |TAMS 0x00000000a4e00000, 0x00000000a4e00000| Untracked 
|  53|0x00000000a4f00000, 0x00000000a4f00000, 0x00000000a5000000|  0%| F|  |TAMS 0x00000000a4f00000, 0x00000000a4f00000| Untracked 
|  54|0x00000000a5000000, 0x00000000a5000000, 0x00000000a5100000|  0%| F|  |TAMS 0x00000000a5000000, 0x00000000a5000000| Untracked 
|  55|0x00000000a5100000, 0x00000000a5100000, 0x00000000a5200000|  0%| F|  |TAMS 0x00000000a5100000, 0x00000000a5100000| Untracked 
|  56|0x00000000a5200000, 0x00000000a5200000, 0x00000000a5300000|  0%| F|  |TAMS 0x00000000a5200000, 0x00000000a5200000| Untracked 
|  57|0x00000000a5300000, 0x00000000a5300000, 0x00000000a5400000|  0%| F|  |TAMS 0x00000000a5300000, 0x00000000a5300000| Untracked 
|  58|0x00000000a5400000, 0x00000000a5400000, 0x00000000a5500000|  0%| F|  |TAMS 0x00000000a5400000, 0x00000000a5400000| Untracked 
|  59|0x00000000a5500000, 0x00000000a5500000, 0x00000000a5600000|  0%| F|  |TAMS 0x00000000a5500000, 0x00000000a5500000| Untracked 
|  60|0x00000000a5600000, 0x00000000a5600000, 0x00000000a5700000|  0%| F|  |TAMS 0x00000000a5600000, 0x00000000a5600000| Untracked 
|  61|0x00000000a5700000, 0x00000000a5700000, 0x00000000a5800000|  0%| F|  |TAMS 0x00000000a5700000, 0x00000000a5700000| Untracked 
|  62|0x00000000a5800000, 0x00000000a58bdec0, 0x00000000a5900000| 74%| S|CS|TAMS 0x00000000a5800000, 0x00000000a5800000| Complete 
|  63|0x00000000a5900000, 0x00000000a5a00000, 0x00000000a5a00000|100%| S|CS|TAMS 0x00000000a5900000, 0x00000000a5900000| Complete 
|  64|0x00000000a5a00000, 0x00000000a5b00000, 0x00000000a5b00000|100%| S|CS|TAMS 0x00000000a5a00000, 0x00000000a5a00000| Complete 
|  65|0x00000000a5b00000, 0x00000000a5c00000, 0x00000000a5c00000|100%| S|CS|TAMS 0x00000000a5b00000, 0x00000000a5b00000| Complete 
|  66|0x00000000a5c00000, 0x00000000a5c00000, 0x00000000a5d00000|  0%| F|  |TAMS 0x00000000a5c00000, 0x00000000a5c00000| Untracked 
|  67|0x00000000a5d00000, 0x00000000a5d00000, 0x00000000a5e00000|  0%| F|  |TAMS 0x00000000a5d00000, 0x00000000a5d00000| Untracked 
|  68|0x00000000a5e00000, 0x00000000a5e00000, 0x00000000a5f00000|  0%| F|  |TAMS 0x00000000a5e00000, 0x00000000a5e00000| Untracked 
|  69|0x00000000a5f00000, 0x00000000a5f00000, 0x00000000a6000000|  0%| F|  |TAMS 0x00000000a5f00000, 0x00000000a5f00000| Untracked 
|  70|0x00000000a6000000, 0x00000000a6000000, 0x00000000a6100000|  0%| F|  |TAMS 0x00000000a6000000, 0x00000000a6000000| Untracked 
|  71|0x00000000a6100000, 0x00000000a6100000, 0x00000000a6200000|  0%| F|  |TAMS 0x00000000a6100000, 0x00000000a6100000| Untracked 
|  72|0x00000000a6200000, 0x00000000a6200000, 0x00000000a6300000|  0%| F|  |TAMS 0x00000000a6200000, 0x00000000a6200000| Untracked 
|  73|0x00000000a6300000, 0x00000000a6300000, 0x00000000a6400000|  0%| F|  |TAMS 0x00000000a6300000, 0x00000000a6300000| Untracked 
|  74|0x00000000a6400000, 0x00000000a6400000, 0x00000000a6500000|  0%| F|  |TAMS 0x00000000a6400000, 0x00000000a6400000| Untracked 
|  75|0x00000000a6500000, 0x00000000a6500000, 0x00000000a6600000|  0%| F|  |TAMS 0x00000000a6500000, 0x00000000a6500000| Untracked 
|  76|0x00000000a6600000, 0x00000000a6600000, 0x00000000a6700000|  0%| F|  |TAMS 0x00000000a6600000, 0x00000000a6600000| Untracked 
|  77|0x00000000a6700000, 0x00000000a6700000, 0x00000000a6800000|  0%| F|  |TAMS 0x00000000a6700000, 0x00000000a6700000| Untracked 
|  78|0x00000000a6800000, 0x00000000a6800000, 0x00000000a6900000|  0%| F|  |TAMS 0x00000000a6800000, 0x00000000a6800000| Untracked 
|  79|0x00000000a6900000, 0x00000000a6900000, 0x00000000a6a00000|  0%| F|  |TAMS 0x00000000a6900000, 0x00000000a6900000| Untracked 
|  80|0x00000000a6a00000, 0x00000000a6a36cd8, 0x00000000a6b00000| 21%| E|  |TAMS 0x00000000a6a00000, 0x00000000a6a00000| Complete 
|  81|0x00000000a6b00000, 0x00000000a6c00000, 0x00000000a6c00000|100%| E|CS|TAMS 0x00000000a6b00000, 0x00000000a6b00000| Complete 
|  82|0x00000000a6c00000, 0x00000000a6d00000, 0x00000000a6d00000|100%| E|CS|TAMS 0x00000000a6c00000, 0x00000000a6c00000| Complete 
|  83|0x00000000a6d00000, 0x00000000a6e00000, 0x00000000a6e00000|100%| E|CS|TAMS 0x00000000a6d00000, 0x00000000a6d00000| Complete 
|  84|0x00000000a6e00000, 0x00000000a6f00000, 0x00000000a6f00000|100%| E|CS|TAMS 0x00000000a6e00000, 0x00000000a6e00000| Complete 
|  85|0x00000000a6f00000, 0x00000000a7000000, 0x00000000a7000000|100%| E|CS|TAMS 0x00000000a6f00000, 0x00000000a6f00000| Complete 
|  86|0x00000000a7000000, 0x00000000a7100000, 0x00000000a7100000|100%| E|CS|TAMS 0x00000000a7000000, 0x00000000a7000000| Complete 
|  87|0x00000000a7100000, 0x00000000a7200000, 0x00000000a7200000|100%| E|CS|TAMS 0x00000000a7100000, 0x00000000a7100000| Complete 
|  88|0x00000000a7200000, 0x00000000a7300000, 0x00000000a7300000|100%| E|CS|TAMS 0x00000000a7200000, 0x00000000a7200000| Complete 
|  89|0x00000000a7300000, 0x00000000a7400000, 0x00000000a7400000|100%| E|CS|TAMS 0x00000000a7300000, 0x00000000a7300000| Complete 
|  90|0x00000000a7400000, 0x00000000a7500000, 0x00000000a7500000|100%| E|CS|TAMS 0x00000000a7400000, 0x00000000a7400000| Complete 
|  91|0x00000000a7500000, 0x00000000a7600000, 0x00000000a7600000|100%| E|CS|TAMS 0x00000000a7500000, 0x00000000a7500000| Complete 
|  92|0x00000000a7600000, 0x00000000a7700000, 0x00000000a7700000|100%| E|CS|TAMS 0x00000000a7600000, 0x00000000a7600000| Complete 
|  93|0x00000000a7700000, 0x00000000a7800000, 0x00000000a7800000|100%| E|CS|TAMS 0x00000000a7700000, 0x00000000a7700000| Complete 
|  94|0x00000000a7800000, 0x00000000a7900000, 0x00000000a7900000|100%| E|CS|TAMS 0x00000000a7800000, 0x00000000a7800000| Complete 
|  95|0x00000000a7900000, 0x00000000a7a00000, 0x00000000a7a00000|100%| E|CS|TAMS 0x00000000a7900000, 0x00000000a7900000| Complete 

Card table byte_map: [0x000002b624d30000,0x000002b625030000] _byte_map_base: 0x000002b624823000

Marking Bits (Prev, Next): (CMBitMap*) 0x000002b60bf26210, (CMBitMap*) 0x000002b60bf26250
 Prev Bits: [0x000002b625330000, 0x000002b626ac8000)
 Next Bits: [0x000002b626ad0000, 0x000002b628268000)

Polling page: 0x000002b60bfa0000

Metaspace:

Usage:
  Non-class:     14.19 MB used.
      Class:      1.91 MB used.
       Both:     16.11 MB used.

Virtual space:
  Non-class space:       64.00 MB reserved,      14.38 MB ( 22%) committed,  1 nodes.
      Class space:        1.00 GB reserved,       2.00 MB ( <1%) committed,  1 nodes.
             Both:        1.06 GB reserved,      16.38 MB (  2%) committed. 

Chunk freelists:
   Non-Class:  1.59 MB
       Class:  1.95 MB
        Both:  3.55 MB

MaxMetaspaceSize: unlimited
CompressedClassSpaceSize: 1.00 GB
Initial GC threshold: 21.00 MB
Current GC threshold: 21.00 MB
CDS: on
MetaspaceReclaimPolicy: balanced
 - commit_granule_bytes: 65536.
 - commit_granule_words: 8192.
 - virtual_space_node_default_size: 8388608.
 - enlarge_chunks_in_place: 1.
 - new_chunks_are_fully_committed: 0.
 - uncommit_free_chunks: 1.
 - use_allocation_guard: 0.


Internal statistics:

num_allocs_failed_limit: 0.
num_arena_births: 222.
num_arena_deaths: 0.
num_vsnodes_births: 2.
num_vsnodes_deaths: 0.
num_space_committed: 262.
num_space_uncommitted: 0.
num_chunks_returned_to_freelist: 0.
num_chunks_taken_from_freelist: 771.
num_chunk_merges: 0.
num_chunk_splits: 507.
num_chunks_enlarged: 400.
num_inconsistent_stats: 0.

CodeHeap 'non-profiled nmethods': size=120064Kb used=739Kb max_used=739Kb free=119325Kb
 bounds [0x000002b61d0f0000, 0x000002b61d360000, 0x000002b624630000]
CodeHeap 'profiled nmethods': size=120000Kb used=4038Kb max_used=4038Kb free=115961Kb
 bounds [0x000002b615630000, 0x000002b615a30000, 0x000002b61cb60000]
CodeHeap 'non-nmethods': size=5696Kb used=1279Kb max_used=1295Kb free=4416Kb
 bounds [0x000002b61cb60000, 0x000002b61cdd0000, 0x000002b61d0f0000]
 total_blobs=2610 nmethods=2118 adapters=403
 compilation: enabled
              stopped_count=0, restarted_count=0
 full_count=0

Compilation events (20 events):
Event: 4.333 Thread 0x000002b62a630560 2100       3       java.lang.invoke.MethodHandles$Lookup$ClassDefiner::<init> (58 bytes)
Event: 4.333 Thread 0x000002b62a630560 nmethod 2100 0x000002b615a16890 code [0x000002b615a16a40, 0x000002b615a16cd8]
Event: 4.341 Thread 0x000002b62a630560 2102       3       java.lang.invoke.MethodHandles$Lookup::checkMethod (87 bytes)
Event: 4.342 Thread 0x000002b62a630560 nmethod 2102 0x000002b615a16e10 code [0x000002b615a17040, 0x000002b615a177b8]
Event: 4.342 Thread 0x000002b62a630560 2103       3       java.lang.invoke.MethodHandles$Lookup::maybeBindCaller (72 bytes)
Event: 4.343 Thread 0x000002b62a630560 nmethod 2103 0x000002b615a17a10 code [0x000002b615a17c40, 0x000002b615a18508]
Event: 4.344 Thread 0x000002b62a630560 2104       3       java.time.Clock::currentInstant (84 bytes)
Event: 4.345 Thread 0x000002b62a630560 nmethod 2104 0x000002b615a18810 code [0x000002b615a18a80, 0x000002b615a19268]
Event: 4.348 Thread 0x000002b62a630560 2106       3       java.util.LinkedHashMap::getOrDefault (29 bytes)
Event: 4.349 Thread 0x000002b62a630560 nmethod 2106 0x000002b615a19590 code [0x000002b615a19760, 0x000002b615a19a18]
Event: 4.349 Thread 0x000002b62a630560 2107       3       org.springframework.boot.context.properties.source.SpringConfigurationPropertySources$$Lambda$111/0x00000008010ad818::apply (12 bytes)
Event: 4.349 Thread 0x000002b62a630560 nmethod 2107 0x000002b615a19b10 code [0x000002b615a19cc0, 0x000002b615a19f08]
Event: 4.349 Thread 0x000002b62a630560 2108       3       org.springframework.boot.context.properties.source.SpringConfigurationPropertySources$SourcesIterator::next (5 bytes)
Event: 4.350 Thread 0x000002b62a630560 nmethod 2108 0x000002b615a1a010 code [0x000002b615a1a1e0, 0x000002b615a1a4d8]
Event: 4.399 Thread 0x000002b62a630560 2109       3       org.springframework.core.annotation.AttributeMethods::canThrowTypeNotPresentException (7 bytes)
Event: 4.399 Thread 0x000002b62a630560 nmethod 2109 0x000002b615a1a610 code [0x000002b615a1a7a0, 0x000002b615a1a8d8]
Event: 4.407 Thread 0x000002b62a630560 2110       3       java.lang.Character::isLetter (5 bytes)
Event: 4.407 Thread 0x000002b62a630560 nmethod 2110 0x000002b615a1a990 code [0x000002b615a1ab60, 0x000002b615a1ae78]
Event: 4.409 Thread 0x000002b62a630560 2111       3       java.util.ArrayDeque::addFirst (51 bytes)
Event: 4.409 Thread 0x000002b62a630560 nmethod 2111 0x000002b615a1af90 code [0x000002b615a1b160, 0x000002b615a1b638]

GC Heap History (8 events):
Event: 0.611 GC heap before
{Heap before GC invocations=0 (full 0):
 garbage-first heap   total 98304K, used 7168K [0x00000000a1a00000, 0x0000000100000000)
  region size 1024K, 6 young (6144K), 0 survivors (0K)
 Metaspace       used 864K, committed 960K, reserved 1114112K
  class space    used 61K, committed 128K, reserved 1048576K
}
Event: 0.617 GC heap after
{Heap after GC invocations=1 (full 0):
 garbage-first heap   total 98304K, used 4641K [0x00000000a1a00000, 0x0000000100000000)
  region size 1024K, 1 young (1024K), 1 survivors (1024K)
 Metaspace       used 864K, committed 960K, reserved 1114112K
  class space    used 61K, committed 128K, reserved 1048576K
}
Event: 1.118 GC heap before
{Heap before GC invocations=1 (full 0):
 garbage-first heap   total 98304K, used 7713K [0x00000000a1a00000, 0x0000000100000000)
  region size 1024K, 4 young (4096K), 1 survivors (1024K)
 Metaspace       used 2342K, committed 2496K, reserved 1114112K
  class space    used 191K, committed 256K, reserved 1048576K
}
Event: 1.127 GC heap after
{Heap after GC invocations=2 (full 0):
 garbage-first heap   total 98304K, used 5754K [0x00000000a1a00000, 0x0000000100000000)
  region size 1024K, 1 young (1024K), 1 survivors (1024K)
 Metaspace       used 2342K, committed 2496K, reserved 1114112K
  class space    used 191K, committed 256K, reserved 1048576K
}
Event: 1.863 GC heap before
{Heap before GC invocations=2 (full 0):
 garbage-first heap   total 98304K, used 12922K [0x00000000a1a00000, 0x0000000100000000)
  region size 1024K, 9 young (9216K), 1 survivors (1024K)
 Metaspace       used 4902K, committed 5056K, reserved 1114112K
  class space    used 498K, committed 576K, reserved 1048576K
}
Event: 1.869 GC heap after
{Heap after GC invocations=3 (full 0):
 garbage-first heap   total 98304K, used 7207K [0x00000000a1a00000, 0x0000000100000000)
  region size 1024K, 2 young (2048K), 2 survivors (2048K)
 Metaspace       used 4902K, committed 5056K, reserved 1114112K
  class space    used 498K, committed 576K, reserved 1048576K
}
Event: 3.706 GC heap before
{Heap before GC invocations=3 (full 0):
 garbage-first heap   total 98304K, used 34855K [0x00000000a1a00000, 0x0000000100000000)
  region size 1024K, 30 young (30720K), 2 survivors (2048K)
 Metaspace       used 12576K, committed 12864K, reserved 1114112K
  class space    used 1454K, committed 1600K, reserved 1048576K
}
Event: 3.718 GC heap after
{Heap after GC invocations=4 (full 0):
 garbage-first heap   total 98304K, used 8991K [0x00000000a1a00000, 0x0000000100000000)
  region size 1024K, 4 young (4096K), 4 survivors (4096K)
 Metaspace       used 12576K, committed 12864K, reserved 1114112K
  class space    used 1454K, committed 1600K, reserved 1048576K
}

Dll operation events (13 events):
Event: 0.033 Loaded shared library C:\Users\Utente-PC\.jdks\openjdk-19.0.2\bin\java.dll
Event: 0.050 Loaded shared library C:\Users\Utente-PC\.jdks\openjdk-19.0.2\bin\jsvml.dll
Event: 0.282 Loaded shared library C:\Users\Utente-PC\.jdks\openjdk-19.0.2\bin\zip.dll
Event: 0.286 Loaded shared library C:\Users\Utente-PC\.jdks\openjdk-19.0.2\bin\instrument.dll
Event: 0.296 Loaded shared library C:\Users\Utente-PC\.jdks\openjdk-19.0.2\bin\net.dll
Event: 0.300 Loaded shared library C:\Users\Utente-PC\.jdks\openjdk-19.0.2\bin\nio.dll
Event: 0.304 Loaded shared library C:\Users\Utente-PC\.jdks\openjdk-19.0.2\bin\zip.dll
Event: 0.553 Loaded shared library C:\Program Files\JetBrains\IntelliJ IDEA Community Edition 2022.2.1\bin\breakgen64.dll
Event: 0.594 Loaded shared library C:\Users\Utente-PC\.jdks\openjdk-19.0.2\bin\extnet.dll
Event: 0.689 Loaded shared library C:\Users\Utente-PC\.jdks\openjdk-19.0.2\bin\verify.dll
Event: 0.709 Loaded shared library C:\Users\Utente-PC\.jdks\openjdk-19.0.2\bin\jimage.dll
Event: 1.824 Loaded shared library C:\Users\Utente-PC\.jdks\openjdk-19.0.2\bin\management.dll
Event: 1.828 Loaded shared library C:\Users\Utente-PC\.jdks\openjdk-19.0.2\bin\management_ext.dll

Deoptimization events (20 events):
Event: 4.413 Thread 0x000002b62f23e1a0 DEOPT PACKING pc=0x000002b61577eed1 sp=0x000000d7e32fe5c0
Event: 4.413 Thread 0x000002b62f23e1a0 DEOPT UNPACKING pc=0x000002b61cbc7524 sp=0x000000d7e32fdab8 mode 0
Event: 4.413 Thread 0x000002b62f23e1a0 DEOPT PACKING pc=0x000002b61576fc5e sp=0x000000d7e32fe5b0
Event: 4.413 Thread 0x000002b62f23e1a0 DEOPT UNPACKING pc=0x000002b61cbc7524 sp=0x000000d7e32fdac0 mode 0
Event: 4.414 Thread 0x000002b62f23e1a0 DEOPT PACKING pc=0x000002b61577eed1 sp=0x000000d7e32fe5c0
Event: 4.414 Thread 0x000002b62f23e1a0 DEOPT UNPACKING pc=0x000002b61cbc7524 sp=0x000000d7e32fdab8 mode 0
Event: 4.414 Thread 0x000002b62f23e1a0 DEOPT PACKING pc=0x000002b61576fc5e sp=0x000000d7e32fe5b0
Event: 4.414 Thread 0x000002b62f23e1a0 DEOPT UNPACKING pc=0x000002b61cbc7524 sp=0x000000d7e32fdac0 mode 0
Event: 4.415 Thread 0x000002b62f23e1a0 DEOPT PACKING pc=0x000002b61577eed1 sp=0x000000d7e32fe5c0
Event: 4.415 Thread 0x000002b62f23e1a0 DEOPT UNPACKING pc=0x000002b61cbc7524 sp=0x000000d7e32fdab8 mode 0
Event: 4.416 Thread 0x000002b62f23e1a0 DEOPT PACKING pc=0x000002b61576fc5e sp=0x000000d7e32fe5b0
Event: 4.416 Thread 0x000002b62f23e1a0 DEOPT UNPACKING pc=0x000002b61cbc7524 sp=0x000000d7e32fdac0 mode 0
Event: 4.417 Thread 0x000002b62f23e1a0 DEOPT PACKING pc=0x000002b61577eed1 sp=0x000000d7e32fe5c0
Event: 4.417 Thread 0x000002b62f23e1a0 DEOPT UNPACKING pc=0x000002b61cbc7524 sp=0x000000d7e32fdab8 mode 0
Event: 4.417 Thread 0x000002b62f23e1a0 DEOPT PACKING pc=0x000002b61576fc5e sp=0x000000d7e32fe5b0
Event: 4.417 Thread 0x000002b62f23e1a0 DEOPT UNPACKING pc=0x000002b61cbc7524 sp=0x000000d7e32fdac0 mode 0
Event: 4.418 Thread 0x000002b62f23e1a0 DEOPT PACKING pc=0x000002b61577eed1 sp=0x000000d7e32fe5c0
Event: 4.418 Thread 0x000002b62f23e1a0 DEOPT UNPACKING pc=0x000002b61cbc7524 sp=0x000000d7e32fdab8 mode 0
Event: 4.419 Thread 0x000002b62f23e1a0 DEOPT PACKING pc=0x000002b61576fc5e sp=0x000000d7e32fe5b0
Event: 4.419 Thread 0x000002b62f23e1a0 DEOPT UNPACKING pc=0x000002b61cbc7524 sp=0x000000d7e32fdac0 mode 0

Classes loaded (20 events):
Event: 4.013 Loading class java/beans/SimpleBeanInfo done
Event: 4.013 Loading class java/beans/GenericBeanInfo done
Event: 4.017 Loading class java/util/Hashtable$EntrySet
Event: 4.017 Loading class java/util/Hashtable$EntrySet done
Event: 4.023 Loading class java/util/AbstractList$ListItr
Event: 4.023 Loading class java/util/AbstractList$Itr
Event: 4.023 Loading class java/util/AbstractList$Itr done
Event: 4.024 Loading class java/util/AbstractList$ListItr done
Event: 4.041 Loading class java/util/concurrent/ConcurrentLinkedDeque$Itr
Event: 4.042 Loading class java/util/concurrent/ConcurrentLinkedDeque$AbstractItr
Event: 4.042 Loading class java/util/concurrent/ConcurrentLinkedDeque$AbstractItr done
Event: 4.042 Loading class java/util/concurrent/ConcurrentLinkedDeque$Itr done
Event: 4.059 Loading class java/net/SocketException
Event: 4.059 Loading class java/net/SocketException done
Event: 4.112 Loading class java/util/StringTokenizer
Event: 4.112 Loading class java/util/StringTokenizer done
Event: 4.113 Loading class java/util/regex/Pattern$LazyLoop
Event: 4.114 Loading class java/util/regex/Pattern$LazyLoop done
Event: 4.119 Loading class java/util/regex/Pattern$Pos
Event: 4.119 Loading class java/util/regex/Pattern$Pos done

Classes unloaded (0 events):
No events

Classes redefined (0 events):
No events

Internal exceptions (20 events):
Event: 4.014 Thread 0x000002b62f23e1a0 Exception <a 'java/lang/ClassNotFoundException'{0x00000000a7286d60}: org/springframework/context/annotation/ConfigurationClassPostProcessorCustomizer> (0x00000000a7286d60) 
thrown [s\open\src\hotspot\share\classfile\systemDictionary.cpp, line 255]
Event: 4.026 Thread 0x000002b62f23e1a0 Exception <a 'java/lang/ClassNotFoundException'{0x00000000a717c560}: org/springframework/beans/factory/support/BeanDefinitionRegistryPostProcessorCustomizer> (0x00000000a717c560) 
thrown [s\open\src\hotspot\share\classfile\systemDictionary.cpp, line 255]
Event: 4.028 Thread 0x000002b62f23e1a0 Exception <a 'java/lang/ClassNotFoundException'{0x00000000a7180f80}: org/springframework/beans/factory/config/BeanFactoryPostProcessorCustomizer> (0x00000000a7180f80) 
thrown [s\open\src\hotspot\share\classfile\systemDictionary.cpp, line 255]
Event: 4.029 Thread 0x000002b62f23e1a0 Exception <a 'java/lang/ClassNotFoundException'{0x00000000a7185748}: org/springframework/core/PriorityOrderedCustomizer> (0x00000000a7185748) 
thrown [s\open\src\hotspot\share\classfile\systemDictionary.cpp, line 255]
Event: 4.029 Thread 0x000002b62f23e1a0 Exception <a 'java/lang/ClassNotFoundException'{0x00000000a7188b68}: org/springframework/core/OrderedCustomizer> (0x00000000a7188b68) 
thrown [s\open\src\hotspot\share\classfile\systemDictionary.cpp, line 255]
Event: 4.031 Thread 0x000002b62f23e1a0 Exception <a 'java/lang/ClassNotFoundException'{0x00000000a718d198}: org/springframework/context/ResourceLoaderAwareCustomizer> (0x00000000a718d198) 
thrown [s\open\src\hotspot\share\classfile\systemDictionary.cpp, line 255]
Event: 4.032 Thread 0x000002b62f23e1a0 Exception <a 'java/lang/ClassNotFoundException'{0x00000000a7191910}: org/springframework/beans/factory/AwareCustomizer> (0x00000000a7191910) 
thrown [s\open\src\hotspot\share\classfile\systemDictionary.cpp, line 255]
Event: 4.032 Thread 0x000002b62f23e1a0 Exception <a 'java/lang/ClassNotFoundException'{0x00000000a71950c8}: org/springframework/context/ApplicationStartupAwareCustomizer> (0x00000000a71950c8) 
thrown [s\open\src\hotspot\share\classfile\systemDictionary.cpp, line 255]
Event: 4.033 Thread 0x000002b62f23e1a0 Exception <a 'java/lang/ClassNotFoundException'{0x00000000a7199ac8}: org/springframework/beans/factory/AwareCustomizer> (0x00000000a7199ac8) 
thrown [s\open\src\hotspot\share\classfile\systemDictionary.cpp, line 255]
Event: 4.034 Thread 0x000002b62f23e1a0 Exception <a 'java/lang/ClassNotFoundException'{0x00000000a719d290}: org/springframework/beans/factory/BeanClassLoaderAwareCustomizer> (0x00000000a719d290) 
thrown [s\open\src\hotspot\share\classfile\systemDictionary.cpp, line 255]
Event: 4.035 Thread 0x000002b62f23e1a0 Exception <a 'java/lang/ClassNotFoundException'{0x00000000a71a2888}: org/springframework/beans/factory/AwareCustomizer> (0x00000000a71a2888) 
thrown [s\open\src\hotspot\share\classfile\systemDictionary.cpp, line 255]
Event: 4.036 Thread 0x000002b62f23e1a0 Exception <a 'java/lang/ClassNotFoundException'{0x00000000a71a5dd8}: org/springframework/context/EnvironmentAwareCustomizer> (0x00000000a71a5dd8) 
thrown [s\open\src\hotspot\share\classfile\systemDictionary.cpp, line 255]
Event: 4.037 Thread 0x000002b62f23e1a0 Exception <a 'java/lang/ClassNotFoundException'{0x00000000a71aa4d0}: org/springframework/beans/factory/AwareCustomizer> (0x00000000a71aa4d0) 
thrown [s\open\src\hotspot\share\classfile\systemDictionary.cpp, line 255]
Event: 4.105 Thread 0x000002b62f23e1a0 Exception <a 'java/lang/NoSuchMethodError'{0x00000000a6f9d2a8}: 'java.lang.Object java.lang.invoke.DirectMethodHandle$Holder.invokeVirtual(java.lang.Object, java.lang.Object, java.lang.Object)'> (0x00000000a6f9d2a8) 
thrown [s\open\src\hotspot\share\interpreter\linkResolver.cpp, line 774]
Event: 4.138 Thread 0x000002b62f3f89f0 Exception <a 'java/lang/NoSuchMethodError'{0x00000000a6e9e728}: 'long java.lang.invoke.DirectMethodHandle$Holder.invokeSpecial(java.lang.Object, java.lang.Object)'> (0x00000000a6e9e728) 
thrown [s\open\src\hotspot\share\interpreter\linkResolver.cpp, line 774]
Event: 4.146 Thread 0x000002b62f3f89f0 Exception <a 'java/lang/NoSuchMethodError'{0x00000000a6ea9a18}: 'long java.lang.invoke.DirectMethodHandle$Holder.invokeStatic(java.lang.Object, java.lang.Object)'> (0x00000000a6ea9a18) 
thrown [s\open\src\hotspot\share\interpreter\linkResolver.cpp, line 774]
Event: 4.147 Thread 0x000002b62f3f89f0 Exception <a 'java/lang/NoSuchMethodError'{0x00000000a6ead020}: 'long java.lang.invoke.DirectMethodHandle$Holder.invokeStaticInit(java.lang.Object, java.lang.Object)'> (0x00000000a6ead020) 
thrown [s\open\src\hotspot\share\interpreter\linkResolver.cpp, line 774]
Event: 4.154 Thread 0x000002b62f3f89f0 Exception <a 'java/lang/NoSuchMethodError'{0x00000000a6ebb030}: 'long java.lang.invoke.DirectMethodHandle$Holder.invokeInterface(java.lang.Object, java.lang.Object)'> (0x00000000a6ebb030) 
thrown [s\open\src\hotspot\share\interpreter\linkResolver.cpp, line 774]
Event: 4.154 Thread 0x000002b62f3f89f0 Exception <a 'java/lang/IncompatibleClassChangeError'{0x00000000a6effc70}: Found class java.lang.Object, but interface was expected> (0x00000000a6effc70) 
thrown [s\open\src\hotspot\share\interpreter\linkResolver.cpp, line 841]
Event: 4.246 Thread 0x000002b62f3f89f0 Exception <a 'java/lang/NoSuchMethodError'{0x00000000a6dd8340}: 'java.lang.Object java.lang.invoke.DirectMethodHandle$Holder.invokeVirtual(java.lang.Object, java.lang.Object, java.lang.Object, java.lang.Object)'> (0x00000000a6dd8340) 
thrown [s\open\src\hotspot\share\interpreter\linkResolver.cpp, line 774]

VM Operations (20 events):
Event: 1.946 Executing VM operation: HandshakeAllThreads
Event: 1.946 Executing VM operation: HandshakeAllThreads done
Event: 2.144 Executing VM operation: HandshakeAllThreads
Event: 2.144 Executing VM operation: HandshakeAllThreads done
Event: 2.912 Executing VM operation: HandshakeAllThreads
Event: 2.912 Executing VM operation: HandshakeAllThreads done
Event: 2.912 Executing VM operation: Cleanup
Event: 2.913 Executing VM operation: Cleanup done
Event: 3.313 Executing VM operation: HandshakeAllThreads
Event: 3.313 Executing VM operation: HandshakeAllThreads done
Event: 3.314 Executing VM operation: HandshakeAllThreads
Event: 3.314 Executing VM operation: HandshakeAllThreads done
Event: 3.706 Executing VM operation: G1CollectForAllocation
Event: 3.769 Executing VM operation: G1CollectForAllocation done
Event: 3.926 Executing VM operation: HandshakeAllThreads
Event: 3.926 Executing VM operation: HandshakeAllThreads done
Event: 4.004 Executing VM operation: HandshakeAllThreads
Event: 4.004 Executing VM operation: HandshakeAllThreads done
Event: 4.063 Executing VM operation: HandshakeAllThreads
Event: 4.063 Executing VM operation: HandshakeAllThreads done

Events (17 events):
Event: 0.051 Thread 0x000002b60bed6310 Thread added: 0x000002b60bed6310
Event: 0.103 Thread 0x000002b62a624770 Thread added: 0x000002b62a624770
Event: 0.103 Thread 0x000002b62a625700 Thread added: 0x000002b62a625700
Event: 0.104 Thread 0x000002b62a627540 Thread added: 0x000002b62a627540
Event: 0.104 Thread 0x000002b62a62af90 Thread added: 0x000002b62a62af90
Event: 0.104 Thread 0x000002b62a62b8c0 Thread added: 0x000002b62a62b8c0
Event: 0.104 Thread 0x000002b62a62c1f0 Thread added: 0x000002b62a62c1f0
Event: 0.104 Thread 0x000002b62a62e260 Thread added: 0x000002b62a62e260
Event: 0.105 Thread 0x000002b62a630560 Thread added: 0x000002b62a630560
Event: 0.107 Thread 0x000002b62a6ab560 Thread added: 0x000002b62a6ab560
Event: 0.217 Thread 0x000002b62e868bb0 Thread added: 0x000002b62e868bb0
Event: 0.554 Thread 0x000002b62ec090d0 Thread added: 0x000002b62ec090d0
Event: 0.554 Thread 0x000002b62ec09610 Thread added: 0x000002b62ec09610
Event: 1.934 Thread 0x000002b62f0b1280 Thread added: 0x000002b62f0b1280
Event: 1.949 Thread 0x000002b62f23e1a0 Thread added: 0x000002b62f23e1a0
Event: 3.286 Thread 0x000002b62f3f89f0 Thread added: 0x000002b62f3f89f0
Event: 4.253 Thread 0x000002b62f3f89f0 Thread exited: 0x000002b62f3f89f0


Dynamic libraries:
0x00007ff706620000 - 0x00007ff70662e000 	C:\Users\Utente-PC\.jdks\openjdk-19.0.2\bin\java.exe
0x00007ff83dc90000 - 0x00007ff83de88000 	C:\Windows\SYSTEM32\ntdll.dll
0x00007ff83d780000 - 0x00007ff83d83f000 	C:\Windows\System32\KERNEL32.DLL
0x00007ff83b3d0000 - 0x00007ff83b6aa000 	C:\Windows\System32\KERNELBASE.dll
0x00007ff83bb80000 - 0x00007ff83bc80000 	C:\Windows\System32\ucrtbase.dll
0x00007ff834a90000 - 0x00007ff834aa7000 	C:\Users\Utente-PC\.jdks\openjdk-19.0.2\bin\jli.dll
0x00007ff83d540000 - 0x00007ff83d6dd000 	C:\Windows\System32\USER32.dll
0x00007ff83bb50000 - 0x00007ff83bb72000 	C:\Windows\System32\win32u.dll
0x00007ff83d980000 - 0x00007ff83d9ab000 	C:\Windows\System32\GDI32.dll
0x00007ff83b9f0000 - 0x00007ff83bb00000 	C:\Windows\System32\gdi32full.dll
0x00007ff83b760000 - 0x00007ff83b7fd000 	C:\Windows\System32\msvcp_win.dll
0x00007ff834210000 - 0x00007ff83422b000 	C:\Users\Utente-PC\.jdks\openjdk-19.0.2\bin\VCRUNTIME140.dll
0x00007ff82ddb0000 - 0x00007ff82e04a000 	C:\Windows\WinSxS\amd64_microsoft.windows.common-controls_6595b64144ccf1df_6.0.19041.1110_none_60b5254171f9507e\COMCTL32.dll
0x00007ff83d6e0000 - 0x00007ff83d77e000 	C:\Windows\System32\msvcrt.dll
0x00007ff83dc20000 - 0x00007ff83dc50000 	C:\Windows\System32\IMM32.DLL
0x00007ff837280000 - 0x00007ff83728c000 	C:\Users\Utente-PC\.jdks\openjdk-19.0.2\bin\vcruntime140_1.dll
0x00007ff8340c0000 - 0x00007ff83414e000 	C:\Users\Utente-PC\.jdks\openjdk-19.0.2\bin\msvcp140.dll
0x00007ff808240000 - 0x00007ff808f00000 	C:\Users\Utente-PC\.jdks\openjdk-19.0.2\bin\server\jvm.dll
0x00007ff83cf20000 - 0x00007ff83cfce000 	C:\Windows\System32\ADVAPI32.dll
0x00007ff83d360000 - 0x00007ff83d3fc000 	C:\Windows\System32\sechost.dll
0x00007ff83cfe0000 - 0x00007ff83d106000 	C:\Windows\System32\RPCRT4.dll
0x00007ff834c70000 - 0x00007ff834c79000 	C:\Windows\SYSTEM32\WSOCK32.dll
0x00007ff83ce30000 - 0x00007ff83ce9b000 	C:\Windows\System32\WS2_32.dll
0x00007ff828590000 - 0x00007ff8285b7000 	C:\Windows\SYSTEM32\WINMM.dll
0x00007ff8259d0000 - 0x00007ff8259da000 	C:\Windows\SYSTEM32\VERSION.dll
0x00007ff839ef0000 - 0x00007ff839f02000 	C:\Windows\SYSTEM32\kernel.appcore.dll
0x00007ff836f70000 - 0x00007ff836f7a000 	C:\Users\Utente-PC\.jdks\openjdk-19.0.2\bin\jimage.dll
0x00007ff829510000 - 0x00007ff8296f4000 	C:\Windows\SYSTEM32\DBGHELP.DLL
0x00007ff8294a0000 - 0x00007ff8294d4000 	C:\Windows\SYSTEM32\dbgcore.DLL
0x00007ff83b800000 - 0x00007ff83b882000 	C:\Windows\System32\bcryptPrimitives.dll
0x00007ff834200000 - 0x00007ff83420e000 	C:\Users\Utente-PC\.jdks\openjdk-19.0.2\bin\instrument.dll
0x00007ff834090000 - 0x00007ff8340b6000 	C:\Users\Utente-PC\.jdks\openjdk-19.0.2\bin\java.dll
0x00007ff833b80000 - 0x00007ff833c57000 	C:\Users\Utente-PC\.jdks\openjdk-19.0.2\bin\jsvml.dll
0x00007ff83c5a0000 - 0x00007ff83cce4000 	C:\Windows\System32\SHELL32.dll
0x00007ff839370000 - 0x00007ff839b03000 	C:\Windows\SYSTEM32\windows.storage.dll
0x00007ff83bcf0000 - 0x00007ff83c044000 	C:\Windows\System32\combase.dll
0x00007ff83ad20000 - 0x00007ff83ad4e000 	C:\Windows\SYSTEM32\Wldp.dll
0x00007ff83d400000 - 0x00007ff83d4ad000 	C:\Windows\System32\SHCORE.dll
0x00007ff83dbc0000 - 0x00007ff83dc15000 	C:\Windows\System32\shlwapi.dll
0x00007ff83b2e0000 - 0x00007ff83b2ff000 	C:\Windows\SYSTEM32\profapi.dll
0x00007ff834070000 - 0x00007ff834088000 	C:\Users\Utente-PC\.jdks\openjdk-19.0.2\bin\zip.dll
0x00007ff834050000 - 0x00007ff834063000 	C:\Users\Utente-PC\.jdks\openjdk-19.0.2\bin\net.dll
0x00007ff82e090000 - 0x00007ff82e19a000 	C:\Windows\SYSTEM32\WINHTTP.dll
0x00007ff83aa80000 - 0x00007ff83aaea000 	C:\Windows\system32\mswsock.dll
0x00007ff834030000 - 0x00007ff834046000 	C:\Users\Utente-PC\.jdks\openjdk-19.0.2\bin\nio.dll
0x00007ff833e30000 - 0x00007ff833e4a000 	C:\Program Files\JetBrains\IntelliJ IDEA Community Edition 2022.2.1\bin\breakgen64.dll
0x00007ff8341c0000 - 0x00007ff8341c8000 	C:\Users\Utente-PC\.jdks\openjdk-19.0.2\bin\extnet.dll
0x00007ff833a70000 - 0x00007ff833a80000 	C:\Users\Utente-PC\.jdks\openjdk-19.0.2\bin\verify.dll
0x00007ff8339f0000 - 0x00007ff8339fa000 	C:\Users\Utente-PC\.jdks\openjdk-19.0.2\bin\management.dll
0x00007ff833650000 - 0x00007ff83365b000 	C:\Users\Utente-PC\.jdks\openjdk-19.0.2\bin\management_ext.dll
0x00007ff83d970000 - 0x00007ff83d978000 	C:\Windows\System32\PSAPI.DLL
0x00007ff827720000 - 0x00007ff827737000 	C:\Windows\system32\napinsp.dll
0x00007ff821440000 - 0x00007ff82145b000 	C:\Windows\system32\pnrpnsp.dll
0x00007ff82abd0000 - 0x00007ff82abe5000 	C:\Windows\system32\wshbth.dll
0x00007ff836c90000 - 0x00007ff836cad000 	C:\Windows\system32\NLAapi.dll
0x00007ff83a770000 - 0x00007ff83a7ac000 	C:\Windows\SYSTEM32\IPHLPAPI.DLL
0x00007ff83a7b0000 - 0x00007ff83a87b000 	C:\Windows\SYSTEM32\DNSAPI.dll
0x00007ff83d4d0000 - 0x00007ff83d4d8000 	C:\Windows\System32\NSI.dll
0x00007ff821420000 - 0x00007ff821432000 	C:\Windows\System32\winrnr.dll
0x00007ff82bea0000 - 0x00007ff82beaa000 	C:\Windows\System32\rasadhlp.dll
0x00007ff82c120000 - 0x00007ff82c1a0000 	C:\Windows\System32\fwpuclnt.dll
0x00007ff83b3a0000 - 0x00007ff83b3c7000 	C:\Windows\System32\bcrypt.dll

dbghelp: loaded successfully - version: 4.0.5 - missing functions: none
symbol engine: initialized successfully - sym options: 0x614 - pdb path: .;C:\Users\Utente-PC\.jdks\openjdk-19.0.2\bin;C:\Windows\SYSTEM32;C:\Windows\WinSxS\amd64_microsoft.windows.common-controls_6595b64144ccf1df_6.0.19041.1110_none_60b5254171f9507e;C:\Users\Utente-PC\.jdks\openjdk-19.0.2\bin\server;C:\Program Files\JetBrains\IntelliJ IDEA Community Edition 2022.2.1\bin

VM Arguments:
jvm_args: -javaagent:C:\Program Files\JetBrains\IntelliJ IDEA Community Edition 2022.2.1\lib\idea_rt.jar=50514:C:\Program Files\JetBrains\IntelliJ IDEA Community Edition 2022.2.1\bin -Dfile.encoding=UTF-8 -Dsun.stdout.encoding=UTF-8 -Dsun.stderr.encoding=UTF-8 
java_command: co.develhope.crud.CrudApplication
java_class_path (initial): C:\Users\Utente-PC\Documents\Develhope\Crud\crud\target\classes;C:\Users\Utente-PC\.m2\repository\org\springframework\boot\spring-boot-starter-data-jpa\2.6.6\spring-boot-starter-data-jpa-2.6.6.jar;C:\Users\Utente-PC\.m2\repository\org\springframework\boot\spring-boot-starter-aop\2.6.6\spring-boot-starter-aop-2.6.6.jar;C:\Users\Utente-PC\.m2\repository\org\springframework\spring-aop\5.3.18\spring-aop-5.3.18.jar;C:\Users\Utente-PC\.m2\repository\org\aspectj\aspectjweaver\1.9.7\aspectjweaver-1.9.7.jar;C:\Users\Utente-PC\.m2\repository\org\springframework\boot\spring-boot-starter-jdbc\2.6.6\spring-boot-starter-jdbc-2.6.6.jar;C:\Users\Utente-PC\.m2\repository\com\zaxxer\HikariCP\4.0.3\HikariCP-4.0.3.jar;C:\Users\Utente-PC\.m2\repository\org\springframework\spring-jdbc\5.3.18\spring-jdbc-5.3.18.jar;C:\Users\Utente-PC\.m2\repository\jakarta\transaction\jakarta.transaction-api\1.3.3\jakarta.transaction-api-1.3.3.jar;C:\Users\Utente-PC\.m2\repository\jakarta\persistence\jakarta.persistence-api\2.2.3\jakarta.persistence-api-2.2.3.jar;C:\Users\Utente-PC\.m2\repository\org\hibernate\hibernate-core\5.6.7.Final\hibernate-core-5.6.7.Final.jar;C:\Users\Utente-PC\.m2\repository\org\jboss\logging\jboss-logging\3.4.3.Final\jboss-logging-3.4.3.Final.jar;C:\Users\Utente-PC\.m2\repository\net\bytebuddy\byte-buddy\1.11.22\byte-buddy-1.11.22.jar;C:\Users\Utente-PC\.m2\repository\antlr\antlr\2.7.7\antlr-2.7.7.jar;C:\Users\Utente-PC\.m2\repository\org\jboss\jandex\2.4.2.Final\jandex-2.4.2.Final.jar;C:\Users\Utente-PC\.m2\repository\com\fasterxml\classmate\1.5.1\classmate-1.5.1.jar;C:\Users\Utente-PC\.m2\repository\org\hibernate\common\hibernate-commons-annotations\5.1.2.Final\hibernate-commons-annotations-5.1.2.Final.jar;C:\Users\Utente-PC\.m2\repository\org\glassfish\jaxb\jaxb-runtime\2.3.6\jaxb-runtime-2.3.6.jar;C:\Users\Utente-PC\.m2\repository\org\glassfish\jaxb\txw2\2.3.6\txw2-2.3.6.jar;C:\Users\Utente-PC\.m2\repository\com\sun\istack\istack-commons-runtime\3.0.12\istack-commons-runtime-3.0.12.jar;C:\Users\Utente-PC\.m2\repository\com\sun\activation\jakarta.activation\1.2.2\jakarta.activation-1.2.2.jar;C:\Users\Utente-PC\.m2\repository\org\springframework\data\spring-data-jpa\2.6.3\spring-data-jpa-2.6.3.jar;C:\Users\Utente-PC\.m2\repository\org\springframework\data\spring-data-commons\2.6.3\spring-data-commons-2.6.3.jar;C:\Users\Utente-PC\.m2\repository\org\springframework\spring-orm\5.3.18\spring-orm-5.3.18.jar;C:\Users\Utente-PC\.m2\repository\org\springframework\spring-context\5.3.18\spring-context-5.3.18.jar;C:\Users\Utente-PC\.m2\repository\org\springframework\spring-tx\5.3.18\spring-tx-5.3.18.jar;C:\Users\Utente-PC\.m2\repository\org\springframework\spring-beans\5.3.18\spring-beans-5.3.18.jar;C:\Users\Utente-PC\.m2\repository\org\slf4j\slf4j-api\1.7.36\slf4j-api-1.7.36.jar;C:\Users\Utente-PC\.m2\repository\org\springframework\spring-aspects\5.3.18\spring-aspects-5.3.18.jar;C:\Users\Utente-PC\.m2\repository\org\springframework\boot\spring-boot-starter-web\2.6.6\spring-boot-starter-web-2.6.6.jar;C:\Users\Utente-PC\.m2\repository\org\springframework\boot\spring-boot-starter\2.6.6\spring-boot-starter-2.6.6.jar;C:\Users\Utente-PC\.m2\repository\org\springframework\boot\spring-boot-starter-logging\2.6.6\spring-boot-starter-logging-2.6.6.jar;C:\Users\Utente-PC\.m2\repository\ch\qos\logback\logback-classic\1.2.11\logback-classic-1.2.11.jar;C:\Users\Utente-PC\.m2\repository\ch\qos\logback\logback-core\1.2.11\logback-core-1.2.11.jar;C:\Users\Utente-PC\.m2\repository\org\apache\logging\log4j\log4j-to-slf4j\2.17.2\log4j-to-slf4j-2.17.2.jar;C:\Users\Utente-PC\.m2\repository\org\apache\logging\log4j\log4j-api\2.17.2\log4j-api-2.17.2.jar;C:\Users\Utente-PC\.m2\repository\org\slf4j\jul-to-slf4j\1.7.36\jul-to-slf4j-1.7.36.jar;C:\Users\Utente-PC\.m2\repository\jakarta\annotation\jakarta.annotation-api\1.3.5\jakarta.annotation-api-1.3.5.jar;C:\Users\Utente-PC\.m2\repository\org\yaml\snakeyaml\1.29\snakeyaml-1.29.jar;C:\Users\Utente-PC\.m2\repository\org\springframework\boot\spring-boot-starter-json\2.6.6\spring-boot-starter-json-2.6.6.jar;C:\Users\Utente-PC\.m2\repository\com\fasterxml\jackson\core\jackson-databind\2.13.2.2\jackson-databind-2.13.2.2.jar;C:\Users\Utente-PC\.m2\repository\com\fasterxml\jackson\core\jackson-annotations\2.13.2\jackson-annotations-2.13.2.jar;C:\Users\Utente-PC\.m2\repository\com\fasterxml\jackson\core\jackson-core\2.13.2\jackson-core-2.13.2.jar;C:\Users\Utente-PC\.m2\repository\com\fasterxml\jackson\datatype\jackson-datatype-jdk8\2.13.2\jackson-datatype-jdk8-2.13.2.jar;C:\Users\Utente-PC\.m2\repository\com\fasterxml\jackson\datatype\jackson-datatype-jsr310\2.13.2\jackson-datatype-jsr310-2.13.2.jar;C:\Users\Utente-PC\.m2\repository\com\fasterxml\jackson\module\jackson-module-parameter-names\2.13.2\jackson-module-parameter-names-2.13.2.jar;C:\Users\Utente-PC\.m2\repository\org\springframework\boot\spring-boot-starter-tomcat\2.6.6\spring-boot-starter-tomcat-2.6.6.jar;C:\Users\Utente-PC\.m2\repository\org\apache\tomcat\embed\tomcat-embed-core\9.0.60\tomcat-embed-core-9.0.60.jar;C:\Users\Utente-PC\.m2\repository\org\apache\tomcat\embed\tomcat-embed-el\9.0.60\tomcat-embed-el-9.0.60.jar;C:\Users\Utente-PC\.m2\repository\org\apache\tomcat\embed\tomcat-embed-websocket\9.0.60\tomcat-embed-websocket-9.0.60.jar;C:\Users\Utente-PC\.m2\repository\org\springframework\spring-web\5.3.18\spring-web-5.3.18.jar;C:\Users\Utente-PC\.m2\repository\org\springframework\spring-webmvc\5.3.18\spring-webmvc-5.3.18.jar;C:\Users\Utente-PC\.m2\repository\org\springframework\spring-expression\5.3.18\spring-expression-5.3.18.jar;C:\Users\Utente-PC\.m2\repository\org\springframework\boot\spring-boot-devtools\2.6.6\spring-boot-devtools-2.6.6.jar;C:\Users\Utente-PC\.m2\repository\org\springframework\boot\spring-boot\2.6.6\spring-boot-2.6.6.jar;C:\Users\Utente-PC\.m2\repository\org\springframework\boot\spring-boot-autoconfigure\2.6.6\spring-boot-autoconfigure-2.6.6.jar;C:\Users\Utente-PC\.m2\repository\mysql\mysql-connector-java\8.0.28\mysql-connector-java-8.0.28.jar;C:\Users\Utente-PC\.m2\repository\org\projectlombok\lombok\1.18.22\lombok-1.18.22.jar;C:\Users\Utente-PC\.m2\repository\jakarta\xml\bind\jakarta.xml.bind-api\2.3.3\jakarta.xml.bind-api-2.3.3.jar;C:\Users\Utente-PC\.m2\repository\jakarta\activation\jakarta.activation-api\1.2.2\jakarta.activation-api-1.2.2.jar;C:\Users\Utente-PC\.m2\repository\org\springframework\spring-core\5.3.18\spring-core-5.3.18.jar;C:\Users\Utente-PC\.m2\repository\org\springframework\spring-jcl\5.3.18\spring-jcl-5.3.18.jar
Launcher Type: SUN_STANDARD

[Global flags]
     intx CICompilerCount                          = 2                                         {product} {ergonomic}
     uint ConcGCThreads                            = 1                                         {product} {ergonomic}
     uint G1ConcRefinementThreads                  = 2                                         {product} {ergonomic}
   size_t G1HeapRegionSize                         = 1048576                                   {product} {ergonomic}
    uintx GCDrainStackTargetSize                   = 64                                        {product} {ergonomic}
   size_t InitialHeapSize                          = 100663296                                 {product} {ergonomic}
   size_t MarkStackSize                            = 4194304                                   {product} {ergonomic}
   size_t MaxHeapSize                              = 1583349760                                {product} {ergonomic}
   size_t MaxNewSize                               = 950009856                                 {product} {ergonomic}
   size_t MinHeapDeltaBytes                        = 1048576                                   {product} {ergonomic}
   size_t MinHeapSize                              = 8388608                                   {product} {ergonomic}
    uintx NonNMethodCodeHeapSize                   = 5826188                                {pd product} {ergonomic}
    uintx NonProfiledCodeHeapSize                  = 122916026                              {pd product} {ergonomic}
    uintx ProfiledCodeHeapSize                     = 122916026                              {pd product} {ergonomic}
    uintx ReservedCodeCacheSize                    = 251658240                              {pd product} {ergonomic}
     bool SegmentedCodeCache                       = true                                      {product} {ergonomic}
   size_t SoftMaxHeapSize                          = 1583349760                             {manageable} {ergonomic}
     bool UseCompressedClassPointers               = true                           {product lp64_product} {ergonomic}
     bool UseCompressedOops                        = true                           {product lp64_product} {ergonomic}
     bool UseG1GC                                  = true                                      {product} {ergonomic}
     bool UseLargePagesIndividualAllocation        = false                                  {pd product} {ergonomic}

Logging:
Log output configuration:
 #0: stdout all=warning uptime,level,tags foldmultilines=false
 #1: stderr all=off uptime,level,tags foldmultilines=false

Environment Variables:
PATH=C:\Program Files\Common Files\Oracle\Java\javapath;C:\Program Files (x86)\NVIDIA Corporation\PhysX\Common;C:\Windows\system32;C:\Windows;C:\Windows\System32\Wbem;C:\Windows\System32\WindowsPowerShell\v1.0\;C:\Program Files\nodejs\;C:\Program Files\Git\cmd;C:\Program Files\MySQL\MySQL Shell 8.0\bin\;C:\Users\Utente-PC\AppData\Local\Microsoft\WindowsApps;;C:\Users\Utente-PC\AppData\Local\Programs\Microsoft VS Code\bin;C:\Users\Utente-PC\AppData\Roaming\npm
USERNAME=Utente-PC
OS=Windows_NT
PROCESSOR_IDENTIFIER=Intel64 Family 6 Model 42 Stepping 7, GenuineIntel
TMP=C:\Users\UTENTE~1\AppData\Local\Temp
TEMP=C:\Users\UTENTE~1\AppData\Local\Temp



---------------  S Y S T E M  ---------------

OS:
 Windows 10 , 64 bit Build 19041 (10.0.19041.2788)
OS uptime: 0 days 4:58 hours

CPU: total 2 (initial active 2) (2 cores per cpu, 1 threads per core) family 6 model 42 stepping 7 microcode 0x2f, cx8, cmov, fxsr, mmx, sse, sse2, sse3, ssse3, sse4.1, sse4.2, popcnt, tsc, tscinvbit, clmul, clflush, rdtscp

Memory: 4k page, system-wide physical 6033M (660M free)
TotalPageFile size 6033M (AvailPageFile size 4M)
current process WorkingSet (physical memory assigned to process): 111M, peak: 111M
current process commit charge ("private bytes"): 200M, peak: 200M

vm_info: OpenJDK 64-Bit Server VM (19.0.2+7-44) for windows-amd64 JRE (19.0.2+7-44), built on 2022-11-30T18:02:09Z by "mach5one" with MS VC++ 17.1 (VS2022)

END.
